#
# There is insufficient memory for the Java Runtime Environment to continue.
# Native memory allocation (mmap) failed to map 224395264 bytes for G1 virtual space
# Possible reasons:
#   The system is out of physical RAM or swap space
#   The process is running with CompressedOops enabled, and the Java Heap may be blocking the growth of the native heap
# Possible solutions:
#   Reduce memory load on the system
#   Increase physical memory or swap space
#   Check if swap backing store is full
#   Decrease Java heap size (-Xmx/-Xms)
#   Decrease number of Java threads
#   Decrease Java thread stack sizes (-Xss)
#   Set larger code cache with -XX:ReservedCodeCacheSize=
#   JVM is running with Unscaled Compressed Oops mode in which the Java heap is
#     placed in the first 4GB address space. The Java Heap base address is the
#     maximum limit for the native heap growth. Please use -XX:HeapBaseMinAddress
#     to set the Java Heap base and to place the Java Heap above 4GB virtual address.
# This output file may be truncated or incomplete.
#
#  Out of Memory Error (os_windows.cpp:3557), pid=15760, tid=10032
#
# JRE version: OpenJDK Runtime Environment Temurin-17.0.6+10 (17.0.6+10) (build 17.0.6+10)
# Java VM: OpenJDK 64-Bit Server VM Temurin-17.0.6+10 (17.0.6+10, mixed mode, emulated-client, tiered, compressed oops, compressed class ptrs, g1 gc, windows-amd64)
# No core dump will be written. Minidumps are not enabled by default on client versions of Windows
#

---------------  S U M M A R Y ------------

Command Line: -XX:+HeapDumpOnOutOfMemoryError -Xmx1024m -Dsts.lsp.client=vscode -Dsts.log.file=/dev/null -XX:TieredStopAtLevel=1 -Xlog:jni+resolve=off -Dspring.config.location=file:c:\Users\selen\.vscode\extensions\vmware.vscode-spring-boot-1.44.0\language-server\BOOT-INF\classes\application.properties org.springframework.ide.vscode.boot.app.BootLanguageServerBootApp

Host: Intel(R) Core(TM) i5-7200U CPU @ 2.50GHz, 4 cores, 3G,  Windows 10 , 64 bit Build 19041 (10.0.19041.2546)
Time: Wed Feb 22 13:11:14 2023  Windows 10 , 64 bit Build 19041 (10.0.19041.2546) elapsed time: 22.078005 seconds (0d 0h 0m 22s)

---------------  T H R E A D  ---------------

Current thread (0x00000118d987d3e0):  VMThread "VM Thread" [stack: 0x0000000e66f00000,0x0000000e67000000] [id=10032]

Stack: [0x0000000e66f00000,0x0000000e67000000]
Native frames: (J=compiled Java code, j=interpreted, Vv=VM code, C=native code)
V  [jvm.dll+0x67741a]
V  [jvm.dll+0x834434]
V  [jvm.dll+0x835bde]
V  [jvm.dll+0x836243]
V  [jvm.dll+0x2457b5]
V  [jvm.dll+0x674329]
V  [jvm.dll+0x6689da]
V  [jvm.dll+0x30489b]
V  [jvm.dll+0x30bd96]
V  [jvm.dll+0x35b57e]
V  [jvm.dll+0x35b7af]
V  [jvm.dll+0x2db778]
V  [jvm.dll+0x2d9a2c]
V  [jvm.dll+0x2d8ffc]
V  [jvm.dll+0x31cdcb]
V  [jvm.dll+0x83a6eb]
V  [jvm.dll+0x83b424]
V  [jvm.dll+0x83b93c]
V  [jvm.dll+0x83bd14]
V  [jvm.dll+0x83bde0]
V  [jvm.dll+0x7e483a]
V  [jvm.dll+0x6762c5]
C  [ucrtbase.dll+0x21bb2]
C  [KERNEL32.DLL+0x17614]
C  [ntdll.dll+0x526a1]

VM_Operation (0x0000000e68dfe040): G1CollectForAllocation, mode: safepoint, requested by thread 0x00000118e6751690


---------------  P R O C E S S  ---------------

Threads class SMR info:
_java_thread_list=0x00000118e67856d0, length=27, elements={
0x00000118e3ce6040, 0x00000118e3ce73f0, 0x00000118e3d3b430, 0x00000118e3d3dfc0,
0x00000118e3d3e880, 0x00000118e3d11ac0, 0x00000118e3d15a80, 0x00000118e3d475b0,
0x00000118e49cbbd0, 0x00000118e49e5010, 0x00000118e527ec30, 0x00000118e62add90,
0x00000118e62ae260, 0x00000118e6447030, 0x00000118d768bde0, 0x00000118e51bb2a0,
0x00000118e5101a40, 0x00000118e608c570, 0x00000118e62df5d0, 0x00000118e635ef10,
0x00000118e51b3d60, 0x00000118e674e670, 0x00000118e674fe80, 0x00000118e6750820,
0x00000118e674eb40, 0x00000118e6751690, 0x00000118e674f9b0
}

Java Threads: ( => current thread )
  0x00000118e3ce6040 JavaThread "Reference Handler" daemon [_thread_blocked, id=10196, stack(0x0000000e67000000,0x0000000e67100000)]
  0x00000118e3ce73f0 JavaThread "Finalizer" daemon [_thread_blocked, id=16404, stack(0x0000000e67100000,0x0000000e67200000)]
  0x00000118e3d3b430 JavaThread "Signal Dispatcher" daemon [_thread_blocked, id=16416, stack(0x0000000e67200000,0x0000000e67300000)]
  0x00000118e3d3dfc0 JavaThread "Attach Listener" daemon [_thread_blocked, id=11816, stack(0x0000000e67300000,0x0000000e67400000)]
  0x00000118e3d3e880 JavaThread "Service Thread" daemon [_thread_blocked, id=3940, stack(0x0000000e67400000,0x0000000e67500000)]
  0x00000118e3d11ac0 JavaThread "Monitor Deflation Thread" daemon [_thread_blocked, id=13508, stack(0x0000000e67500000,0x0000000e67600000)]
  0x00000118e3d15a80 JavaThread "C1 CompilerThread0" daemon [_thread_blocked, id=9456, stack(0x0000000e67600000,0x0000000e67700000)]
  0x00000118e3d475b0 JavaThread "Sweeper thread" daemon [_thread_blocked, id=9940, stack(0x0000000e67700000,0x0000000e67800000)]
  0x00000118e49cbbd0 JavaThread "Notification Thread" daemon [_thread_blocked, id=6508, stack(0x0000000e67800000,0x0000000e67900000)]
  0x00000118e49e5010 JavaThread "Common-Cleaner" daemon [_thread_blocked, id=7116, stack(0x0000000e67a00000,0x0000000e67b00000)]
  0x00000118e527ec30 JavaThread "boundedElastic-evictor-1" daemon [_thread_blocked, id=2604, stack(0x0000000e67f00000,0x0000000e68000000)]
  0x00000118e62add90 JavaThread "boundedElastic-evictor-2" daemon [_thread_blocked, id=10748, stack(0x0000000e68000000,0x0000000e68100000)]
  0x00000118e62ae260 JavaThread "pool-10-thread-1" [_thread_blocked, id=13404, stack(0x0000000e68100000,0x0000000e68200000)]
  0x00000118e6447030 JavaThread "LanguageServerApp-lifecycle" [_thread_blocked, id=2936, stack(0x0000000e68200000,0x0000000e68300000)]
  0x00000118d768bde0 JavaThread "DestroyJavaVM" [_thread_blocked, id=13052, stack(0x0000000e66900000,0x0000000e66a00000)]
  0x00000118e51bb2a0 JavaThread "pool-11-thread-1" [_thread_in_native, id=12204, stack(0x0000000e68300000,0x0000000e68400000)]
  0x00000118e5101a40 JavaThread "Simple-Language-Server main thread" daemon [_thread_blocked, id=16892, stack(0x0000000e68400000,0x0000000e68500000)]
  0x00000118e608c570 JavaThread "pool-6-thread-1" [_thread_blocked, id=9668, stack(0x0000000e68500000,0x0000000e68600000)]
  0x00000118e62df5d0 JavaThread "ForkJoinPool.commonPool-worker-1" daemon [_thread_blocked, id=16024, stack(0x0000000e68600000,0x0000000e68700000)]
  0x00000118e635ef10 JavaThread "ClassGraph-worker-0" daemon [_thread_blocked, id=8268, stack(0x0000000e68700000,0x0000000e68800000)]
  0x00000118e51b3d60 JavaThread "ClassGraph-worker-1" daemon [_thread_blocked, id=9520, stack(0x0000000e68800000,0x0000000e68900000)]
  0x00000118e674e670 JavaThread "ClassGraph-worker-2" daemon [_thread_blocked, id=1936, stack(0x0000000e68900000,0x0000000e68a00000)]
  0x00000118e674fe80 JavaThread "ClassGraph-worker-3" daemon [_thread_blocked, id=15744, stack(0x0000000e68a00000,0x0000000e68b00000)]
  0x00000118e6750820 JavaThread "ClassGraph-worker-4" daemon [_thread_blocked, id=12828, stack(0x0000000e68b00000,0x0000000e68c00000)]
  0x00000118e674eb40 JavaThread "ClassGraph-worker-5" daemon [_thread_blocked, id=9784, stack(0x0000000e68c00000,0x0000000e68d00000)]
  0x00000118e6751690 JavaThread "ClassGraph-worker-6" daemon [_thread_blocked, id=1712, stack(0x0000000e68d00000,0x0000000e68e00000)]
  0x00000118e674f9b0 JavaThread "ClassGraph-worker-7" daemon [_thread_blocked, id=16272, stack(0x0000000e68e00000,0x0000000e68f00000)]

Other Threads:
=>0x00000118d987d3e0 VMThread "VM Thread" [stack: 0x0000000e66f00000,0x0000000e67000000] [id=10032]
  0x00000118d98100c0 WatcherThread [stack: 0x0000000e67900000,0x0000000e67a00000] [id=3728]
  0x00000118d97f5430 GCTaskThread "GC Thread#0" [stack: 0x0000000e66a00000,0x0000000e66b00000] [id=5128]
  0x00000118e4f4d1d0 GCTaskThread "GC Thread#1" [stack: 0x0000000e67b00000,0x0000000e67c00000] [id=2240]
  0x00000118e5123400 GCTaskThread "GC Thread#2" [stack: 0x0000000e67c00000,0x0000000e67d00000] [id=13216]
  0x00000118e53811f0 GCTaskThread "GC Thread#3" [stack: 0x0000000e67d00000,0x0000000e67e00000] [id=1672]
  0x00000118d97fe280 ConcurrentGCThread "G1 Main Marker" [stack: 0x0000000e66b00000,0x0000000e66c00000] [id=15272]
  0x00000118d97ff340 ConcurrentGCThread "G1 Conc#0" [stack: 0x0000000e66c00000,0x0000000e66d00000] [id=8460]
  0x00000118d983ec80 ConcurrentGCThread "G1 Refine#0" [stack: 0x0000000e66d00000,0x0000000e66e00000] [id=7712]
  0x00000118d983f5b0 ConcurrentGCThread "G1 Service" [stack: 0x0000000e66e00000,0x0000000e66f00000] [id=9256]

Threads with active compile tasks:

VM state: at safepoint (normal execution)

VM Mutex/Monitor currently owned by a thread:  ([mutex/lock_event])
[0x00000118d75ca220] Threads_lock - owner thread: 0x00000118d987d3e0
[0x00000118d7686f80] Heap_lock - owner thread: 0x00000118e6751690

Heap address: 0x00000000c0000000, size: 1024 MB, Compressed Oops mode: 32-bit

CDS archive(s) not mapped
Compressed class space mapped at: 0x0000000100000000-0x0000000140000000, reserved size: 1073741824
Narrow klass base: 0x0000000000000000, Narrow klass shift: 3, Narrow klass range: 0x140000000

GC Precious Log:
 CPUs: 4 total, 4 available
 Memory: 3964M
 Large Page Support: Disabled
 NUMA Support: Disabled
 Compressed Oops: Enabled (32-bit)
 Heap Region Size: 1M
 Heap Min Capacity: 8M
 Heap Initial Capacity: 62M
 Heap Max Capacity: 1G
 Pre-touch: Disabled
 Parallel Workers: 4
 Concurrent Workers: 1
 Concurrent Refinement Workers: 4
 Periodic GC: Disabled

Heap:
 garbage-first heap   total 256000K, used 92879K [0x00000000c0000000, 0x0000000100000000)
  region size 1024K, 10 young (10240K), 10 survivors (10240K)
 Metaspace       used 35699K, committed 36096K, reserved 1081344K
  class space    used 4628K, committed 4800K, reserved 1048576K

Heap Regions: E=young(eden), S=young(survivor), O=old, HS=humongous(starts), HC=humongous(continues), CS=collection set, F=free, OA=open archive, CA=closed archive, TAMS=top-at-mark-start (previous, next)
|   0|0x00000000c0000000, 0x00000000c0100000, 0x00000000c0100000|100%| O|  |TAMS 0x00000000c0100000, 0x00000000c0000000| Untracked 
|   1|0x00000000c0100000, 0x00000000c0200000, 0x00000000c0200000|100%| O|  |TAMS 0x00000000c0200000, 0x00000000c0100000| Untracked 
|   2|0x00000000c0200000, 0x00000000c0300000, 0x00000000c0300000|100%| O|  |TAMS 0x00000000c0300000, 0x00000000c0200000| Untracked 
|   3|0x00000000c0300000, 0x00000000c0400000, 0x00000000c0400000|100%| O|  |TAMS 0x00000000c0400000, 0x00000000c0300000| Untracked 
|   4|0x00000000c0400000, 0x00000000c0500000, 0x00000000c0500000|100%| O|  |TAMS 0x00000000c0500000, 0x00000000c0400000| Untracked 
|   5|0x00000000c0500000, 0x00000000c0600000, 0x00000000c0600000|100%| O|  |TAMS 0x00000000c0600000, 0x00000000c0500000| Untracked 
|   6|0x00000000c0600000, 0x00000000c0700000, 0x00000000c0700000|100%| O|  |TAMS 0x00000000c0700000, 0x00000000c0600000| Untracked 
|   7|0x00000000c0700000, 0x00000000c0800000, 0x00000000c0800000|100%| O|  |TAMS 0x00000000c0800000, 0x00000000c0700000| Untracked 
|   8|0x00000000c0800000, 0x00000000c0900000, 0x00000000c0900000|100%| O|  |TAMS 0x00000000c0900000, 0x00000000c0800000| Untracked 
|   9|0x00000000c0900000, 0x00000000c0a00000, 0x00000000c0a00000|100%| O|  |TAMS 0x00000000c0a00000, 0x00000000c0900000| Untracked 
|  10|0x00000000c0a00000, 0x00000000c0b00000, 0x00000000c0b00000|100%| O|  |TAMS 0x00000000c0b00000, 0x00000000c0a00000| Untracked 
|  11|0x00000000c0b00000, 0x00000000c0c00000, 0x00000000c0c00000|100%| O|  |TAMS 0x00000000c0b00000, 0x00000000c0b00000| Untracked 
|  12|0x00000000c0c00000, 0x00000000c0d00000, 0x00000000c0d00000|100%| O|  |TAMS 0x00000000c0d00000, 0x00000000c0c00000| Untracked 
|  13|0x00000000c0d00000, 0x00000000c0e00000, 0x00000000c0e00000|100%| O|  |TAMS 0x00000000c0e00000, 0x00000000c0d00000| Untracked 
|  14|0x00000000c0e00000, 0x00000000c0f00000, 0x00000000c0f00000|100%| O|  |TAMS 0x00000000c0f00000, 0x00000000c0e00000| Untracked 
|  15|0x00000000c0f00000, 0x00000000c1000000, 0x00000000c1000000|100%| O|  |TAMS 0x00000000c1000000, 0x00000000c0f00000| Untracked 
|  16|0x00000000c1000000, 0x00000000c1100000, 0x00000000c1100000|100%| O|  |TAMS 0x00000000c1100000, 0x00000000c1000000| Untracked 
|  17|0x00000000c1100000, 0x00000000c1200000, 0x00000000c1200000|100%| O|  |TAMS 0x00000000c1200000, 0x00000000c1100000| Untracked 
|  18|0x00000000c1200000, 0x00000000c1300000, 0x00000000c1300000|100%| O|  |TAMS 0x00000000c1300000, 0x00000000c1200000| Untracked 
|  19|0x00000000c1300000, 0x00000000c1400000, 0x00000000c1400000|100%| O|  |TAMS 0x00000000c1400000, 0x00000000c1300000| Untracked 
|  20|0x00000000c1400000, 0x00000000c1500000, 0x00000000c1500000|100%| O|  |TAMS 0x00000000c1500000, 0x00000000c1400000| Untracked 
|  21|0x00000000c1500000, 0x00000000c1600000, 0x00000000c1600000|100%| O|  |TAMS 0x00000000c1600000, 0x00000000c1500000| Untracked 
|  22|0x00000000c1600000, 0x00000000c1700000, 0x00000000c1700000|100%| O|  |TAMS 0x00000000c1700000, 0x00000000c1600000| Untracked 
|  23|0x00000000c1700000, 0x00000000c1800000, 0x00000000c1800000|100%| O|  |TAMS 0x00000000c1800000, 0x00000000c1700000| Untracked 
|  24|0x00000000c1800000, 0x00000000c1900000, 0x00000000c1900000|100%| O|  |TAMS 0x00000000c1900000, 0x00000000c1800000| Untracked 
|  25|0x00000000c1900000, 0x00000000c1a00000, 0x00000000c1a00000|100%| O|  |TAMS 0x00000000c1a00000, 0x00000000c1900000| Untracked 
|  26|0x00000000c1a00000, 0x00000000c1b00000, 0x00000000c1b00000|100%| O|  |TAMS 0x00000000c1b00000, 0x00000000c1a00000| Untracked 
|  27|0x00000000c1b00000, 0x00000000c1c00000, 0x00000000c1c00000|100%| O|  |TAMS 0x00000000c1c00000, 0x00000000c1b00000| Untracked 
|  28|0x00000000c1c00000, 0x00000000c1d00000, 0x00000000c1d00000|100%| O|  |TAMS 0x00000000c1d00000, 0x00000000c1c00000| Untracked 
|  29|0x00000000c1d00000, 0x00000000c1e00000, 0x00000000c1e00000|100%| O|  |TAMS 0x00000000c1e00000, 0x00000000c1d00000| Untracked 
|  30|0x00000000c1e00000, 0x00000000c1f00000, 0x00000000c1f00000|100%| O|  |TAMS 0x00000000c1f00000, 0x00000000c1e00000| Untracked 
|  31|0x00000000c1f00000, 0x00000000c2000000, 0x00000000c2000000|100%| O|  |TAMS 0x00000000c2000000, 0x00000000c1f00000| Untracked 
|  32|0x00000000c2000000, 0x00000000c2100000, 0x00000000c2100000|100%| O|  |TAMS 0x00000000c2100000, 0x00000000c2000000| Untracked 
|  33|0x00000000c2100000, 0x00000000c2200000, 0x00000000c2200000|100%| O|  |TAMS 0x00000000c2200000, 0x00000000c2100000| Untracked 
|  34|0x00000000c2200000, 0x00000000c2300000, 0x00000000c2300000|100%| O|  |TAMS 0x00000000c2300000, 0x00000000c2200000| Untracked 
|  35|0x00000000c2300000, 0x00000000c2400000, 0x00000000c2400000|100%| O|  |TAMS 0x00000000c2400000, 0x00000000c2300000| Untracked 
|  36|0x00000000c2400000, 0x00000000c2500000, 0x00000000c2500000|100%| O|  |TAMS 0x00000000c2500000, 0x00000000c2400000| Untracked 
|  37|0x00000000c2500000, 0x00000000c2600000, 0x00000000c2600000|100%| O|  |TAMS 0x00000000c2600000, 0x00000000c2500000| Untracked 
|  38|0x00000000c2600000, 0x00000000c2700000, 0x00000000c2700000|100%| O|  |TAMS 0x00000000c2600000, 0x00000000c2600000| Untracked 
|  39|0x00000000c2700000, 0x00000000c2800000, 0x00000000c2800000|100%|HS|  |TAMS 0x00000000c2800000, 0x00000000c2700000| Complete 
|  40|0x00000000c2800000, 0x00000000c2900000, 0x00000000c2900000|100%| O|  |TAMS 0x00000000c2900000, 0x00000000c2800000| Untracked 
|  41|0x00000000c2900000, 0x00000000c2a00000, 0x00000000c2a00000|100%| O|  |TAMS 0x00000000c2a00000, 0x00000000c2900000| Untracked 
|  42|0x00000000c2a00000, 0x00000000c2b00000, 0x00000000c2b00000|100%| O|  |TAMS 0x00000000c2b00000, 0x00000000c2a00000| Untracked 
|  43|0x00000000c2b00000, 0x00000000c2c00000, 0x00000000c2c00000|100%| O|  |TAMS 0x00000000c2c00000, 0x00000000c2b00000| Untracked 
|  44|0x00000000c2c00000, 0x00000000c2d00000, 0x00000000c2d00000|100%| O|  |TAMS 0x00000000c2d00000, 0x00000000c2c00000| Untracked 
|  45|0x00000000c2d00000, 0x00000000c2e00000, 0x00000000c2e00000|100%| O|  |TAMS 0x00000000c2e00000, 0x00000000c2d00000| Untracked 
|  46|0x00000000c2e00000, 0x00000000c2f00000, 0x00000000c2f00000|100%| O|  |TAMS 0x00000000c2f00000, 0x00000000c2e00000| Untracked 
|  47|0x00000000c2f00000, 0x00000000c3000000, 0x00000000c3000000|100%| O|  |TAMS 0x00000000c3000000, 0x00000000c2f00000| Untracked 
|  48|0x00000000c3000000, 0x00000000c3100000, 0x00000000c3100000|100%| O|  |TAMS 0x00000000c3100000, 0x00000000c3000000| Untracked 
|  49|0x00000000c3100000, 0x00000000c3200000, 0x00000000c3200000|100%| O|  |TAMS 0x00000000c3200000, 0x00000000c3100000| Untracked 
|  50|0x00000000c3200000, 0x00000000c3300000, 0x00000000c3300000|100%| O|  |TAMS 0x00000000c3300000, 0x00000000c3200000| Untracked 
|  51|0x00000000c3300000, 0x00000000c3400000, 0x00000000c3400000|100%| O|  |TAMS 0x00000000c3400000, 0x00000000c3300000| Untracked 
|  52|0x00000000c3400000, 0x00000000c3500000, 0x00000000c3500000|100%| O|  |TAMS 0x00000000c3500000, 0x00000000c3400000| Untracked 
|  53|0x00000000c3500000, 0x00000000c3600000, 0x00000000c3600000|100%| O|  |TAMS 0x00000000c3600000, 0x00000000c3500000| Untracked 
|  54|0x00000000c3600000, 0x00000000c3700000, 0x00000000c3700000|100%| O|  |TAMS 0x00000000c3700000, 0x00000000c3600000| Untracked 
|  55|0x00000000c3700000, 0x00000000c3800000, 0x00000000c3800000|100%| O|  |TAMS 0x00000000c373da00, 0x00000000c3700000| Untracked 
|  56|0x00000000c3800000, 0x00000000c3900000, 0x00000000c3900000|100%| O|  |TAMS 0x00000000c3800000, 0x00000000c3800000| Untracked 
|  57|0x00000000c3900000, 0x00000000c3a00000, 0x00000000c3a00000|100%| O|  |TAMS 0x00000000c3900000, 0x00000000c3900000| Untracked 
|  58|0x00000000c3a00000, 0x00000000c3b00000, 0x00000000c3b00000|100%| O|  |TAMS 0x00000000c3a00000, 0x00000000c3a00000| Untracked 
|  59|0x00000000c3b00000, 0x00000000c3c00000, 0x00000000c3c00000|100%| O|  |TAMS 0x00000000c3b00000, 0x00000000c3b00000| Untracked 
|  60|0x00000000c3c00000, 0x00000000c3d00000, 0x00000000c3d00000|100%| O|  |TAMS 0x00000000c3c00000, 0x00000000c3c00000| Untracked 
|  61|0x00000000c3d00000, 0x00000000c3e00000, 0x00000000c3e00000|100%| O|  |TAMS 0x00000000c3d00000, 0x00000000c3d00000| Untracked 
|  62|0x00000000c3e00000, 0x00000000c3f00000, 0x00000000c3f00000|100%| O|  |TAMS 0x00000000c3e00000, 0x00000000c3e00000| Untracked 
|  63|0x00000000c3f00000, 0x00000000c4000000, 0x00000000c4000000|100%| O|  |TAMS 0x00000000c3f00000, 0x00000000c3f00000| Untracked 
|  64|0x00000000c4000000, 0x00000000c4100000, 0x00000000c4100000|100%| O|  |TAMS 0x00000000c4000000, 0x00000000c4000000| Untracked 
|  65|0x00000000c4100000, 0x00000000c4200000, 0x00000000c4200000|100%| O|  |TAMS 0x00000000c4100000, 0x00000000c4100000| Untracked 
|  66|0x00000000c4200000, 0x00000000c4300000, 0x00000000c4300000|100%| O|  |TAMS 0x00000000c4200000, 0x00000000c4200000| Untracked 
|  67|0x00000000c4300000, 0x00000000c4400000, 0x00000000c4400000|100%| O|  |TAMS 0x00000000c4300000, 0x00000000c4300000| Untracked 
|  68|0x00000000c4400000, 0x00000000c4500000, 0x00000000c4500000|100%| O|  |TAMS 0x00000000c4400000, 0x00000000c4400000| Untracked 
|  69|0x00000000c4500000, 0x00000000c4600000, 0x00000000c4600000|100%| O|  |TAMS 0x00000000c4500000, 0x00000000c4500000| Untracked 
|  70|0x00000000c4600000, 0x00000000c4700000, 0x00000000c4700000|100%| O|  |TAMS 0x00000000c4600000, 0x00000000c4600000| Untracked 
|  71|0x00000000c4700000, 0x00000000c4800000, 0x00000000c4800000|100%| O|  |TAMS 0x00000000c4700000, 0x00000000c4700000| Untracked 
|  72|0x00000000c4800000, 0x00000000c4900000, 0x00000000c4900000|100%| O|  |TAMS 0x00000000c4800000, 0x00000000c4800000| Untracked 
|  73|0x00000000c4900000, 0x00000000c4a00000, 0x00000000c4a00000|100%| O|  |TAMS 0x00000000c4900000, 0x00000000c4900000| Untracked 
|  74|0x00000000c4a00000, 0x00000000c4b00000, 0x00000000c4b00000|100%| O|  |TAMS 0x00000000c4a00000, 0x00000000c4a00000| Untracked 
|  75|0x00000000c4b00000, 0x00000000c4c00000, 0x00000000c4c00000|100%| O|  |TAMS 0x00000000c4b00000, 0x00000000c4b00000| Untracked 
|  76|0x00000000c4c00000, 0x00000000c4d00000, 0x00000000c4d00000|100%| O|  |TAMS 0x00000000c4c00000, 0x00000000c4c00000| Untracked 
|  77|0x00000000c4d00000, 0x00000000c4e00000, 0x00000000c4e00000|100%| O|  |TAMS 0x00000000c4d00000, 0x00000000c4d00000| Untracked 
|  78|0x00000000c4e00000, 0x00000000c4f00000, 0x00000000c4f00000|100%| O|  |TAMS 0x00000000c4e00000, 0x00000000c4e00000| Untracked 
|  79|0x00000000c4f00000, 0x00000000c5000000, 0x00000000c5000000|100%| O|  |TAMS 0x00000000c4f00000, 0x00000000c4f00000| Untracked 
|  80|0x00000000c5000000, 0x00000000c50d9a00, 0x00000000c5100000| 85%| O|  |TAMS 0x00000000c5000000, 0x00000000c5000000| Untracked 
|  81|0x00000000c5100000, 0x00000000c5100000, 0x00000000c5200000|  0%| F|  |TAMS 0x00000000c5100000, 0x00000000c5100000| Untracked 
|  82|0x00000000c5200000, 0x00000000c5200000, 0x00000000c5300000|  0%| F|  |TAMS 0x00000000c5200000, 0x00000000c5200000| Untracked 
|  83|0x00000000c5300000, 0x00000000c5300000, 0x00000000c5400000|  0%| F|  |TAMS 0x00000000c5300000, 0x00000000c5300000| Untracked 
|  84|0x00000000c5400000, 0x00000000c5400000, 0x00000000c5500000|  0%| F|  |TAMS 0x00000000c5400000, 0x00000000c5400000| Untracked 
|  85|0x00000000c5500000, 0x00000000c5500000, 0x00000000c5600000|  0%| F|  |TAMS 0x00000000c5500000, 0x00000000c5500000| Untracked 
|  86|0x00000000c5600000, 0x00000000c5600000, 0x00000000c5700000|  0%| F|  |TAMS 0x00000000c5600000, 0x00000000c5600000| Untracked 
|  87|0x00000000c5700000, 0x00000000c5700000, 0x00000000c5800000|  0%| F|  |TAMS 0x00000000c5700000, 0x00000000c5700000| Untracked 
|  88|0x00000000c5800000, 0x00000000c5800000, 0x00000000c5900000|  0%| F|  |TAMS 0x00000000c5800000, 0x00000000c5800000| Untracked 
|  89|0x00000000c5900000, 0x00000000c5900000, 0x00000000c5a00000|  0%| F|  |TAMS 0x00000000c5900000, 0x00000000c5900000| Untracked 
|  90|0x00000000c5a00000, 0x00000000c5a00000, 0x00000000c5b00000|  0%| F|  |TAMS 0x00000000c5a00000, 0x00000000c5a00000| Untracked 
|  91|0x00000000c5b00000, 0x00000000c5b00000, 0x00000000c5c00000|  0%| F|  |TAMS 0x00000000c5b00000, 0x00000000c5b00000| Untracked 
|  92|0x00000000c5c00000, 0x00000000c5c00000, 0x00000000c5d00000|  0%| F|  |TAMS 0x00000000c5c00000, 0x00000000c5c00000| Untracked 
|  93|0x00000000c5d00000, 0x00000000c5d00000, 0x00000000c5e00000|  0%| F|  |TAMS 0x00000000c5d00000, 0x00000000c5d00000| Untracked 
|  94|0x00000000c5e00000, 0x00000000c5e00000, 0x00000000c5f00000|  0%| F|  |TAMS 0x00000000c5e00000, 0x00000000c5e00000| Untracked 
|  95|0x00000000c5f00000, 0x00000000c5f00000, 0x00000000c6000000|  0%| F|  |TAMS 0x00000000c5f00000, 0x00000000c5f00000| Untracked 
|  96|0x00000000c6000000, 0x00000000c6000000, 0x00000000c6100000|  0%| F|  |TAMS 0x00000000c6000000, 0x00000000c6000000| Untracked 
|  97|0x00000000c6100000, 0x00000000c6100000, 0x00000000c6200000|  0%| F|  |TAMS 0x00000000c6100000, 0x00000000c6100000| Untracked 
|  98|0x00000000c6200000, 0x00000000c6200000, 0x00000000c6300000|  0%| F|  |TAMS 0x00000000c6200000, 0x00000000c6200000| Untracked 
|  99|0x00000000c6300000, 0x00000000c6300000, 0x00000000c6400000|  0%| F|  |TAMS 0x00000000c6300000, 0x00000000c6300000| Untracked 
| 100|0x00000000c6400000, 0x00000000c6400000, 0x00000000c6500000|  0%| F|  |TAMS 0x00000000c6400000, 0x00000000c6400000| Untracked 
| 101|0x00000000c6500000, 0x00000000c6500000, 0x00000000c6600000|  0%| F|  |TAMS 0x00000000c6500000, 0x00000000c6500000| Untracked 
| 102|0x00000000c6600000, 0x00000000c6600000, 0x00000000c6700000|  0%| F|  |TAMS 0x00000000c6600000, 0x00000000c6600000| Untracked 
| 103|0x00000000c6700000, 0x00000000c6700000, 0x00000000c6800000|  0%| F|  |TAMS 0x00000000c6700000, 0x00000000c6700000| Untracked 
| 104|0x00000000c6800000, 0x00000000c6800000, 0x00000000c6900000|  0%| F|  |TAMS 0x00000000c6800000, 0x00000000c6800000| Untracked 
| 105|0x00000000c6900000, 0x00000000c6900000, 0x00000000c6a00000|  0%| F|  |TAMS 0x00000000c6900000, 0x00000000c6900000| Untracked 
| 106|0x00000000c6a00000, 0x00000000c6a00000, 0x00000000c6b00000|  0%| F|  |TAMS 0x00000000c6a00000, 0x00000000c6a00000| Untracked 
| 107|0x00000000c6b00000, 0x00000000c6b00000, 0x00000000c6c00000|  0%| F|  |TAMS 0x00000000c6b00000, 0x00000000c6b00000| Untracked 
| 108|0x00000000c6c00000, 0x00000000c6c00000, 0x00000000c6d00000|  0%| F|  |TAMS 0x00000000c6c00000, 0x00000000c6c00000| Untracked 
| 109|0x00000000c6d00000, 0x00000000c6d00000, 0x00000000c6e00000|  0%| F|  |TAMS 0x00000000c6d00000, 0x00000000c6d00000| Untracked 
| 110|0x00000000c6e00000, 0x00000000c6e00000, 0x00000000c6f00000|  0%| F|  |TAMS 0x00000000c6e00000, 0x00000000c6e00000| Untracked 
| 111|0x00000000c6f00000, 0x00000000c6f00000, 0x00000000c7000000|  0%| F|  |TAMS 0x00000000c6f00000, 0x00000000c6f00000| Untracked 
| 112|0x00000000c7000000, 0x00000000c7000000, 0x00000000c7100000|  0%| F|  |TAMS 0x00000000c7000000, 0x00000000c7000000| Untracked 
| 113|0x00000000c7100000, 0x00000000c7100000, 0x00000000c7200000|  0%| F|  |TAMS 0x00000000c7100000, 0x00000000c7100000| Untracked 
| 114|0x00000000c7200000, 0x00000000c7200000, 0x00000000c7300000|  0%| F|  |TAMS 0x00000000c7200000, 0x00000000c7200000| Untracked 
| 115|0x00000000c7300000, 0x00000000c7300000, 0x00000000c7400000|  0%| F|  |TAMS 0x00000000c7300000, 0x00000000c7300000| Untracked 
| 116|0x00000000c7400000, 0x00000000c7400000, 0x00000000c7500000|  0%| F|  |TAMS 0x00000000c7400000, 0x00000000c7400000| Untracked 
| 117|0x00000000c7500000, 0x00000000c75da550, 0x00000000c7600000| 85%| S|CS|TAMS 0x00000000c7500000, 0x00000000c7500000| Complete 
| 118|0x00000000c7600000, 0x00000000c7600000, 0x00000000c7700000|  0%| F|  |TAMS 0x00000000c7600000, 0x00000000c7600000| Untracked 
| 119|0x00000000c7700000, 0x00000000c7700000, 0x00000000c7800000|  0%| F|  |TAMS 0x00000000c7700000, 0x00000000c7700000| Untracked 
| 120|0x00000000c7800000, 0x00000000c7800000, 0x00000000c7900000|  0%| F|  |TAMS 0x00000000c7800000, 0x00000000c7800000| Untracked 
| 121|0x00000000c7900000, 0x00000000c7900000, 0x00000000c7a00000|  0%| F|  |TAMS 0x00000000c7900000, 0x00000000c7900000| Untracked 
| 122|0x00000000c7a00000, 0x00000000c7a00000, 0x00000000c7b00000|  0%| F|  |TAMS 0x00000000c7a00000, 0x00000000c7a00000| Untracked 
| 123|0x00000000c7b00000, 0x00000000c7b00000, 0x00000000c7c00000|  0%| F|  |TAMS 0x00000000c7b00000, 0x00000000c7b00000| Untracked 
| 124|0x00000000c7c00000, 0x00000000c7d00000, 0x00000000c7d00000|100%| S|CS|TAMS 0x00000000c7c00000, 0x00000000c7c00000| Complete 
| 125|0x00000000c7d00000, 0x00000000c7e00000, 0x00000000c7e00000|100%| S|CS|TAMS 0x00000000c7d00000, 0x00000000c7d00000| Complete 
| 126|0x00000000c7e00000, 0x00000000c7f00000, 0x00000000c7f00000|100%| S|CS|TAMS 0x00000000c7e00000, 0x00000000c7e00000| Complete 
| 127|0x00000000c7f00000, 0x00000000c8000000, 0x00000000c8000000|100%| S|CS|TAMS 0x00000000c7f00000, 0x00000000c7f00000| Complete 
| 128|0x00000000c8000000, 0x00000000c8100000, 0x00000000c8100000|100%| S|CS|TAMS 0x00000000c8000000, 0x00000000c8000000| Complete 
| 129|0x00000000c8100000, 0x00000000c8200000, 0x00000000c8200000|100%| S|CS|TAMS 0x00000000c8100000, 0x00000000c8100000| Complete 
| 130|0x00000000c8200000, 0x00000000c8300000, 0x00000000c8300000|100%| S|CS|TAMS 0x00000000c8200000, 0x00000000c8200000| Complete 
| 131|0x00000000c8300000, 0x00000000c8400000, 0x00000000c8400000|100%| S|CS|TAMS 0x00000000c8300000, 0x00000000c8300000| Complete 
| 132|0x00000000c8400000, 0x00000000c8500000, 0x00000000c8500000|100%| S|CS|TAMS 0x00000000c8400000, 0x00000000c8400000| Complete 
| 133|0x00000000c8500000, 0x00000000c8500000, 0x00000000c8600000|  0%| F|  |TAMS 0x00000000c8500000, 0x00000000c8500000| Untracked 
| 134|0x00000000c8600000, 0x00000000c8600000, 0x00000000c8700000|  0%| F|  |TAMS 0x00000000c8600000, 0x00000000c8600000| Untracked 
| 135|0x00000000c8700000, 0x00000000c8700000, 0x00000000c8800000|  0%| F|  |TAMS 0x00000000c8700000, 0x00000000c8700000| Untracked 
| 136|0x00000000c8800000, 0x00000000c8800000, 0x00000000c8900000|  0%| F|  |TAMS 0x00000000c8800000, 0x00000000c8800000| Untracked 
| 137|0x00000000c8900000, 0x00000000c8900000, 0x00000000c8a00000|  0%| F|  |TAMS 0x00000000c8900000, 0x00000000c8900000| Untracked 
| 138|0x00000000c8a00000, 0x00000000c8a00000, 0x00000000c8b00000|  0%| F|  |TAMS 0x00000000c8a00000, 0x00000000c8a00000| Untracked 
| 139|0x00000000c8b00000, 0x00000000c8b00000, 0x00000000c8c00000|  0%| F|  |TAMS 0x00000000c8b00000, 0x00000000c8b00000| Untracked 
| 140|0x00000000c8c00000, 0x00000000c8c00000, 0x00000000c8d00000|  0%| F|  |TAMS 0x00000000c8c00000, 0x00000000c8c00000| Untracked 
| 141|0x00000000c8d00000, 0x00000000c8d00000, 0x00000000c8e00000|  0%| F|  |TAMS 0x00000000c8d00000, 0x00000000c8d00000| Untracked 
| 142|0x00000000c8e00000, 0x00000000c8e00000, 0x00000000c8f00000|  0%| F|  |TAMS 0x00000000c8e00000, 0x00000000c8e00000| Untracked 
| 143|0x00000000c8f00000, 0x00000000c8f00000, 0x00000000c9000000|  0%| F|  |TAMS 0x00000000c8f00000, 0x00000000c8f00000| Untracked 
| 144|0x00000000c9000000, 0x00000000c9000000, 0x00000000c9100000|  0%| F|  |TAMS 0x00000000c9000000, 0x00000000c9000000| Untracked 
| 145|0x00000000c9100000, 0x00000000c9100000, 0x00000000c9200000|  0%| F|  |TAMS 0x00000000c9100000, 0x00000000c9100000| Untracked 
| 146|0x00000000c9200000, 0x00000000c9200000, 0x00000000c9300000|  0%| F|  |TAMS 0x00000000c9200000, 0x00000000c9200000| Untracked 
| 147|0x00000000c9300000, 0x00000000c9300000, 0x00000000c9400000|  0%| F|  |TAMS 0x00000000c9300000, 0x00000000c9300000| Untracked 
| 148|0x00000000c9400000, 0x00000000c9400000, 0x00000000c9500000|  0%| F|  |TAMS 0x00000000c9400000, 0x00000000c9400000| Untracked 
| 149|0x00000000c9500000, 0x00000000c9500000, 0x00000000c9600000|  0%| F|  |TAMS 0x00000000c9500000, 0x00000000c9500000| Untracked 
| 150|0x00000000c9600000, 0x00000000c9600000, 0x00000000c9700000|  0%| F|  |TAMS 0x00000000c9600000, 0x00000000c9600000| Untracked 
| 151|0x00000000c9700000, 0x00000000c9700000, 0x00000000c9800000|  0%| F|  |TAMS 0x00000000c9700000, 0x00000000c9700000| Untracked 
| 152|0x00000000c9800000, 0x00000000c9800000, 0x00000000c9900000|  0%| F|  |TAMS 0x00000000c9800000, 0x00000000c9800000| Untracked 
| 153|0x00000000c9900000, 0x00000000c9900000, 0x00000000c9a00000|  0%| F|  |TAMS 0x00000000c9900000, 0x00000000c9900000| Untracked 
| 154|0x00000000c9a00000, 0x00000000c9a00000, 0x00000000c9b00000|  0%| F|  |TAMS 0x00000000c9a00000, 0x00000000c9a00000| Untracked 
| 155|0x00000000c9b00000, 0x00000000c9b00000, 0x00000000c9c00000|  0%| F|  |TAMS 0x00000000c9b00000, 0x00000000c9b00000| Untracked 
| 156|0x00000000c9c00000, 0x00000000c9c00000, 0x00000000c9d00000|  0%| F|  |TAMS 0x00000000c9c00000, 0x00000000c9c00000| Untracked 
| 157|0x00000000c9d00000, 0x00000000c9d00000, 0x00000000c9e00000|  0%| F|  |TAMS 0x00000000c9d00000, 0x00000000c9d00000| Untracked 
| 158|0x00000000c9e00000, 0x00000000c9e00000, 0x00000000c9f00000|  0%| F|  |TAMS 0x00000000c9e00000, 0x00000000c9e00000| Untracked 
| 159|0x00000000c9f00000, 0x00000000c9f00000, 0x00000000ca000000|  0%| F|  |TAMS 0x00000000c9f00000, 0x00000000c9f00000| Untracked 
| 160|0x00000000ca000000, 0x00000000ca000000, 0x00000000ca100000|  0%| F|  |TAMS 0x00000000ca000000, 0x00000000ca000000| Untracked 
| 161|0x00000000ca100000, 0x00000000ca100000, 0x00000000ca200000|  0%| F|  |TAMS 0x00000000ca100000, 0x00000000ca100000| Untracked 
| 162|0x00000000ca200000, 0x00000000ca200000, 0x00000000ca300000|  0%| F|  |TAMS 0x00000000ca200000, 0x00000000ca200000| Untracked 
| 163|0x00000000ca300000, 0x00000000ca300000, 0x00000000ca400000|  0%| F|  |TAMS 0x00000000ca300000, 0x00000000ca300000| Untracked 
| 164|0x00000000ca400000, 0x00000000ca400000, 0x00000000ca500000|  0%| F|  |TAMS 0x00000000ca400000, 0x00000000ca400000| Untracked 
| 165|0x00000000ca500000, 0x00000000ca500000, 0x00000000ca600000|  0%| F|  |TAMS 0x00000000ca500000, 0x00000000ca500000| Untracked 
| 166|0x00000000ca600000, 0x00000000ca600000, 0x00000000ca700000|  0%| F|  |TAMS 0x00000000ca600000, 0x00000000ca600000| Untracked 
| 167|0x00000000ca700000, 0x00000000ca700000, 0x00000000ca800000|  0%| F|  |TAMS 0x00000000ca700000, 0x00000000ca700000| Untracked 
| 168|0x00000000ca800000, 0x00000000ca800000, 0x00000000ca900000|  0%| F|  |TAMS 0x00000000ca800000, 0x00000000ca800000| Untracked 
| 169|0x00000000ca900000, 0x00000000ca900000, 0x00000000caa00000|  0%| F|  |TAMS 0x00000000ca900000, 0x00000000ca900000| Untracked 
| 170|0x00000000caa00000, 0x00000000caa00000, 0x00000000cab00000|  0%| F|  |TAMS 0x00000000caa00000, 0x00000000caa00000| Untracked 
| 171|0x00000000cab00000, 0x00000000cab00000, 0x00000000cac00000|  0%| F|  |TAMS 0x00000000cab00000, 0x00000000cab00000| Untracked 
| 172|0x00000000cac00000, 0x00000000cac00000, 0x00000000cad00000|  0%| F|  |TAMS 0x00000000cac00000, 0x00000000cac00000| Untracked 
| 173|0x00000000cad00000, 0x00000000cad00000, 0x00000000cae00000|  0%| F|  |TAMS 0x00000000cad00000, 0x00000000cad00000| Untracked 
| 174|0x00000000cae00000, 0x00000000cae00000, 0x00000000caf00000|  0%| F|  |TAMS 0x00000000cae00000, 0x00000000cae00000| Untracked 
| 175|0x00000000caf00000, 0x00000000caf00000, 0x00000000cb000000|  0%| F|  |TAMS 0x00000000caf00000, 0x00000000caf00000| Untracked 
| 176|0x00000000cb000000, 0x00000000cb000000, 0x00000000cb100000|  0%| F|  |TAMS 0x00000000cb000000, 0x00000000cb000000| Untracked 
| 177|0x00000000cb100000, 0x00000000cb100000, 0x00000000cb200000|  0%| F|  |TAMS 0x00000000cb100000, 0x00000000cb100000| Untracked 
| 178|0x00000000cb200000, 0x00000000cb200000, 0x00000000cb300000|  0%| F|  |TAMS 0x00000000cb200000, 0x00000000cb200000| Untracked 
| 179|0x00000000cb300000, 0x00000000cb300000, 0x00000000cb400000|  0%| F|  |TAMS 0x00000000cb300000, 0x00000000cb300000| Untracked 
| 180|0x00000000cb400000, 0x00000000cb400000, 0x00000000cb500000|  0%| F|  |TAMS 0x00000000cb400000, 0x00000000cb400000| Untracked 
| 181|0x00000000cb500000, 0x00000000cb500000, 0x00000000cb600000|  0%| F|  |TAMS 0x00000000cb500000, 0x00000000cb500000| Untracked 
| 182|0x00000000cb600000, 0x00000000cb600000, 0x00000000cb700000|  0%| F|  |TAMS 0x00000000cb600000, 0x00000000cb600000| Untracked 
| 183|0x00000000cb700000, 0x00000000cb700000, 0x00000000cb800000|  0%| F|  |TAMS 0x00000000cb700000, 0x00000000cb700000| Untracked 
| 184|0x00000000cb800000, 0x00000000cb800000, 0x00000000cb900000|  0%| F|  |TAMS 0x00000000cb800000, 0x00000000cb800000| Untracked 
| 185|0x00000000cb900000, 0x00000000cb900000, 0x00000000cba00000|  0%| F|  |TAMS 0x00000000cb900000, 0x00000000cb900000| Untracked 
| 186|0x00000000cba00000, 0x00000000cba00000, 0x00000000cbb00000|  0%| F|  |TAMS 0x00000000cba00000, 0x00000000cba00000| Untracked 
| 187|0x00000000cbb00000, 0x00000000cbb00000, 0x00000000cbc00000|  0%| F|  |TAMS 0x00000000cbb00000, 0x00000000cbb00000| Untracked 
| 188|0x00000000cbc00000, 0x00000000cbc00000, 0x00000000cbd00000|  0%| F|  |TAMS 0x00000000cbc00000, 0x00000000cbc00000| Untracked 
| 189|0x00000000cbd00000, 0x00000000cbd00000, 0x00000000cbe00000|  0%| F|  |TAMS 0x00000000cbd00000, 0x00000000cbd00000| Untracked 
| 190|0x00000000cbe00000, 0x00000000cbe00000, 0x00000000cbf00000|  0%| F|  |TAMS 0x00000000cbe00000, 0x00000000cbe00000| Untracked 
| 191|0x00000000cbf00000, 0x00000000cbf00000, 0x00000000cc000000|  0%| F|  |TAMS 0x00000000cbf00000, 0x00000000cbf00000| Untracked 
| 192|0x00000000cc000000, 0x00000000cc000000, 0x00000000cc100000|  0%| F|  |TAMS 0x00000000cc000000, 0x00000000cc000000| Untracked 
| 193|0x00000000cc100000, 0x00000000cc100000, 0x00000000cc200000|  0%| F|  |TAMS 0x00000000cc100000, 0x00000000cc100000| Untracked 
| 194|0x00000000cc200000, 0x00000000cc200000, 0x00000000cc300000|  0%| F|  |TAMS 0x00000000cc200000, 0x00000000cc200000| Untracked 
| 195|0x00000000cc300000, 0x00000000cc300000, 0x00000000cc400000|  0%| F|  |TAMS 0x00000000cc300000, 0x00000000cc300000| Untracked 
| 196|0x00000000cc400000, 0x00000000cc400000, 0x00000000cc500000|  0%| F|  |TAMS 0x00000000cc400000, 0x00000000cc400000| Untracked 
| 197|0x00000000cc500000, 0x00000000cc500000, 0x00000000cc600000|  0%| F|  |TAMS 0x00000000cc500000, 0x00000000cc500000| Untracked 
| 198|0x00000000cc600000, 0x00000000cc600000, 0x00000000cc700000|  0%| F|  |TAMS 0x00000000cc600000, 0x00000000cc600000| Untracked 
| 199|0x00000000cc700000, 0x00000000cc700000, 0x00000000cc800000|  0%| F|  |TAMS 0x00000000cc700000, 0x00000000cc700000| Untracked 
| 200|0x00000000cc800000, 0x00000000cc800000, 0x00000000cc900000|  0%| F|  |TAMS 0x00000000cc800000, 0x00000000cc800000| Untracked 
| 201|0x00000000cc900000, 0x00000000cc900000, 0x00000000cca00000|  0%| F|  |TAMS 0x00000000cc900000, 0x00000000cc900000| Untracked 
| 202|0x00000000cca00000, 0x00000000cca00000, 0x00000000ccb00000|  0%| F|  |TAMS 0x00000000cca00000, 0x00000000cca00000| Untracked 
| 203|0x00000000ccb00000, 0x00000000ccb00000, 0x00000000ccc00000|  0%| F|  |TAMS 0x00000000ccb00000, 0x00000000ccb00000| Untracked 
| 204|0x00000000ccc00000, 0x00000000ccc00000, 0x00000000ccd00000|  0%| F|  |TAMS 0x00000000ccc00000, 0x00000000ccc00000| Untracked 
| 205|0x00000000ccd00000, 0x00000000ccd00000, 0x00000000cce00000|  0%| F|  |TAMS 0x00000000ccd00000, 0x00000000ccd00000| Untracked 
| 206|0x00000000cce00000, 0x00000000cce00000, 0x00000000ccf00000|  0%| F|  |TAMS 0x00000000cce00000, 0x00000000cce00000| Untracked 
| 207|0x00000000ccf00000, 0x00000000ccf00000, 0x00000000cd000000|  0%| F|  |TAMS 0x00000000ccf00000, 0x00000000ccf00000| Untracked 
| 208|0x00000000cd000000, 0x00000000cd000000, 0x00000000cd100000|  0%| F|  |TAMS 0x00000000cd000000, 0x00000000cd000000| Untracked 
| 209|0x00000000cd100000, 0x00000000cd100000, 0x00000000cd200000|  0%| F|  |TAMS 0x00000000cd100000, 0x00000000cd100000| Untracked 
| 210|0x00000000cd200000, 0x00000000cd200000, 0x00000000cd300000|  0%| F|  |TAMS 0x00000000cd200000, 0x00000000cd200000| Untracked 
| 211|0x00000000cd300000, 0x00000000cd300000, 0x00000000cd400000|  0%| F|  |TAMS 0x00000000cd300000, 0x00000000cd300000| Untracked 
| 212|0x00000000cd400000, 0x00000000cd400000, 0x00000000cd500000|  0%| F|  |TAMS 0x00000000cd400000, 0x00000000cd400000| Untracked 
| 213|0x00000000cd500000, 0x00000000cd500000, 0x00000000cd600000|  0%| F|  |TAMS 0x00000000cd500000, 0x00000000cd500000| Untracked 
| 214|0x00000000cd600000, 0x00000000cd600000, 0x00000000cd700000|  0%| F|  |TAMS 0x00000000cd600000, 0x00000000cd600000| Untracked 
| 215|0x00000000cd700000, 0x00000000cd700000, 0x00000000cd800000|  0%| F|  |TAMS 0x00000000cd700000, 0x00000000cd700000| Untracked 
| 216|0x00000000cd800000, 0x00000000cd800000, 0x00000000cd900000|  0%| F|  |TAMS 0x00000000cd800000, 0x00000000cd800000| Untracked 
| 217|0x00000000cd900000, 0x00000000cd900000, 0x00000000cda00000|  0%| F|  |TAMS 0x00000000cd900000, 0x00000000cd900000| Untracked 
| 218|0x00000000cda00000, 0x00000000cda00000, 0x00000000cdb00000|  0%| F|  |TAMS 0x00000000cda00000, 0x00000000cda00000| Untracked 
| 219|0x00000000cdb00000, 0x00000000cdb00000, 0x00000000cdc00000|  0%| F|  |TAMS 0x00000000cdb00000, 0x00000000cdb00000| Untracked 
| 220|0x00000000cdc00000, 0x00000000cdc00000, 0x00000000cdd00000|  0%| F|  |TAMS 0x00000000cdc00000, 0x00000000cdc00000| Untracked 
| 221|0x00000000cdd00000, 0x00000000cdd00000, 0x00000000cde00000|  0%| F|  |TAMS 0x00000000cdd00000, 0x00000000cdd00000| Untracked 
| 222|0x00000000cde00000, 0x00000000cde00000, 0x00000000cdf00000|  0%| F|  |TAMS 0x00000000cde00000, 0x00000000cde00000| Untracked 
| 223|0x00000000cdf00000, 0x00000000cdf00000, 0x00000000ce000000|  0%| F|  |TAMS 0x00000000cdf00000, 0x00000000cdf00000| Untracked 
| 224|0x00000000ce000000, 0x00000000ce000000, 0x00000000ce100000|  0%| F|  |TAMS 0x00000000ce000000, 0x00000000ce000000| Untracked 
| 225|0x00000000ce100000, 0x00000000ce100000, 0x00000000ce200000|  0%| F|  |TAMS 0x00000000ce100000, 0x00000000ce100000| Untracked 
| 226|0x00000000ce200000, 0x00000000ce200000, 0x00000000ce300000|  0%| F|  |TAMS 0x00000000ce200000, 0x00000000ce200000| Untracked 
| 227|0x00000000ce300000, 0x00000000ce300000, 0x00000000ce400000|  0%| F|  |TAMS 0x00000000ce300000, 0x00000000ce300000| Untracked 
| 228|0x00000000ce400000, 0x00000000ce400000, 0x00000000ce500000|  0%| F|  |TAMS 0x00000000ce400000, 0x00000000ce400000| Untracked 
| 229|0x00000000ce500000, 0x00000000ce500000, 0x00000000ce600000|  0%| F|  |TAMS 0x00000000ce500000, 0x00000000ce500000| Untracked 
| 230|0x00000000ce600000, 0x00000000ce600000, 0x00000000ce700000|  0%| F|  |TAMS 0x00000000ce600000, 0x00000000ce600000| Untracked 
| 231|0x00000000ce700000, 0x00000000ce700000, 0x00000000ce800000|  0%| F|  |TAMS 0x00000000ce700000, 0x00000000ce700000| Untracked 
| 232|0x00000000ce800000, 0x00000000ce800000, 0x00000000ce900000|  0%| F|  |TAMS 0x00000000ce800000, 0x00000000ce800000| Untracked 
| 233|0x00000000ce900000, 0x00000000ce900000, 0x00000000cea00000|  0%| F|  |TAMS 0x00000000ce900000, 0x00000000ce900000| Untracked 
| 234|0x00000000cea00000, 0x00000000cea00000, 0x00000000ceb00000|  0%| F|  |TAMS 0x00000000cea00000, 0x00000000cea00000| Untracked 
| 235|0x00000000ceb00000, 0x00000000ceb00000, 0x00000000cec00000|  0%| F|  |TAMS 0x00000000ceb00000, 0x00000000ceb00000| Untracked 
| 236|0x00000000cec00000, 0x00000000cec00000, 0x00000000ced00000|  0%| F|  |TAMS 0x00000000cec00000, 0x00000000cec00000| Untracked 
| 237|0x00000000ced00000, 0x00000000ced00000, 0x00000000cee00000|  0%| F|  |TAMS 0x00000000ced00000, 0x00000000ced00000| Untracked 
| 238|0x00000000cee00000, 0x00000000cee00000, 0x00000000cef00000|  0%| F|  |TAMS 0x00000000cee00000, 0x00000000cee00000| Untracked 
| 239|0x00000000cef00000, 0x00000000cef00000, 0x00000000cf000000|  0%| F|  |TAMS 0x00000000cef00000, 0x00000000cef00000| Untracked 
| 240|0x00000000cf000000, 0x00000000cf000000, 0x00000000cf100000|  0%| F|  |TAMS 0x00000000cf000000, 0x00000000cf000000| Untracked 
| 241|0x00000000cf100000, 0x00000000cf100000, 0x00000000cf200000|  0%| F|  |TAMS 0x00000000cf100000, 0x00000000cf100000| Untracked 
| 242|0x00000000cf200000, 0x00000000cf200000, 0x00000000cf300000|  0%| F|  |TAMS 0x00000000cf200000, 0x00000000cf200000| Untracked 
| 243|0x00000000cf300000, 0x00000000cf300000, 0x00000000cf400000|  0%| F|  |TAMS 0x00000000cf300000, 0x00000000cf300000| Untracked 
| 244|0x00000000cf400000, 0x00000000cf400000, 0x00000000cf500000|  0%| F|  |TAMS 0x00000000cf400000, 0x00000000cf400000| Untracked 
| 245|0x00000000cf500000, 0x00000000cf500000, 0x00000000cf600000|  0%| F|  |TAMS 0x00000000cf500000, 0x00000000cf500000| Untracked 
| 246|0x00000000cf600000, 0x00000000cf600000, 0x00000000cf700000|  0%| F|  |TAMS 0x00000000cf600000, 0x00000000cf600000| Untracked 
| 247|0x00000000cf700000, 0x00000000cf700000, 0x00000000cf800000|  0%| F|  |TAMS 0x00000000cf700000, 0x00000000cf700000| Untracked 
| 248|0x00000000cf800000, 0x00000000cf800000, 0x00000000cf900000|  0%| F|  |TAMS 0x00000000cf800000, 0x00000000cf800000| Untracked 
| 249|0x00000000cf900000, 0x00000000cf900000, 0x00000000cfa00000|  0%| F|  |TAMS 0x00000000cf900000, 0x00000000cf900000| Untracked 

Card table byte_map: [0x00000118df440000,0x00000118df640000] _byte_map_base: 0x00000118dee40000

Marking Bits (Prev, Next): (CMBitMap*) 0x00000118d97f5950, (CMBitMap*) 0x00000118d97f5990
 Prev Bits: [0x00000118df840000, 0x00000118e0840000)
 Next Bits: [0x00000118e0840000, 0x00000118e1840000)

Polling page: 0x00000118d8f80000

Metaspace:

Usage:
  Non-class:     30.34 MB used.
      Class:      4.52 MB used.
       Both:     34.86 MB used.

Virtual space:
  Non-class space:       32.00 MB reserved,      30.56 MB ( 96%) committed,  4 nodes.
      Class space:        1.00 GB reserved,       4.69 MB ( <1%) committed,  1 nodes.
             Both:        1.03 GB reserved,      35.25 MB (  3%) committed. 

Chunk freelists:
   Non-Class:  1.03 MB
       Class:  3.19 MB
        Both:  4.22 MB

MaxMetaspaceSize: unlimited
CompressedClassSpaceSize: 1.00 GB
Initial GC threshold: 21.00 MB
Current GC threshold: 58.75 MB
CDS: off
MetaspaceReclaimPolicy: balanced
 - commit_granule_bytes: 65536.
 - commit_granule_words: 8192.
 - virtual_space_node_default_size: 1048576.
 - enlarge_chunks_in_place: 1.
 - new_chunks_are_fully_committed: 0.
 - uncommit_free_chunks: 1.
 - use_allocation_guard: 0.
 - handle_deallocations: 1.


Internal statistics:

num_allocs_failed_limit: 3.
num_arena_births: 468.
num_arena_deaths: 0.
num_vsnodes_births: 5.
num_vsnodes_deaths: 0.
num_space_committed: 564.
num_space_uncommitted: 0.
num_chunks_returned_to_freelist: 3.
num_chunks_taken_from_freelist: 1507.
num_chunk_merges: 3.
num_chunk_splits: 1025.
num_chunks_enlarged: 755.
num_purges: 0.
num_inconsistent_stats: 0.

CodeCache: size=49152Kb used=7512Kb max_used=8074Kb free=41639Kb
 bounds [0x00000118dc440000, 0x00000118dcc30000, 0x00000118df440000]
 total_blobs=4350 nmethods=3807 adapters=470
 compilation: enabled
              stopped_count=0, restarted_count=0
 full_count=0

Compilation events (20 events):
Event: 20.004 Thread 0x00000118e3d15a80 nmethod 3796 0x00000118dcc1e110 code [0x00000118dcc1e2e0, 0x00000118dcc1e5d8]
Event: 20.005 Thread 0x00000118e4e2be00 nmethod 3795 0x00000118dcc1e790 code [0x00000118dcc1e960, 0x00000118dcc1ecb8]
Event: 20.005 Thread 0x00000118e3d15a80 3797       1       java.util.Optional::map (30 bytes)
Event: 20.005 Thread 0x00000118e4e2be00 3800       1       jdk.internal.jimage.ImageReader::findLocation (14 bytes)
Event: 20.009 Thread 0x00000118e4e2be00 nmethod 3800 0x00000118dcc1ee90 code [0x00000118dcc1f040, 0x00000118dcc1f1d8]
Event: 20.009 Thread 0x00000118e3d15a80 nmethod 3797 0x00000118dcc1f310 code [0x00000118dcc1f4c0, 0x00000118dcc1f778]
Event: 20.009 Thread 0x00000118e3d15a80 3804       1       jdk.internal.module.SystemModuleFinders$SystemModuleReader$$Lambda$206/0x00000001001d2c58::<init> (10 bytes)
Event: 20.009 Thread 0x00000118e4e2be00 3802       1       jdk.internal.module.SystemModuleFinders$SystemModuleReader$$Lambda$206/0x00000001001d2c58::apply (12 bytes)
Event: 20.009 Thread 0x00000118e4e2be00 nmethod 3802 0x00000118dcc1f890 code [0x00000118dcc1fa20, 0x00000118dcc1fb48]
Event: 20.009 Thread 0x00000118e3d15a80 nmethod 3804 0x00000118dcc1fc10 code [0x00000118dcc1fda0, 0x00000118dcc1feb8]
Event: 20.009 Thread 0x00000118e4e2be00 3803       1       jdk.internal.module.SystemModuleFinders$SystemModuleReader::open (15 bytes)
Event: 20.009 Thread 0x00000118e3d15a80 3801       1       jdk.internal.jimage.ImageReader::getResourceBuffer (13 bytes)
Event: 20.009 Thread 0x00000118e3d15a80 nmethod 3801 0x00000118dcc1ff10 code [0x00000118dcc200c0, 0x00000118dcc20258]
Event: 20.010 Thread 0x00000118e4e2be00 nmethod 3803 0x00000118dcc20390 code [0x00000118dcc205a0, 0x00000118dcc20b68]
Event: 20.033 Thread 0x00000118e4e2be00 3805  s!   1       jdk.internal.loader.URLClassPath::getLoader (196 bytes)
Event: 20.035 Thread 0x00000118e4e2be00 nmethod 3805 0x00000118dcc20e90 code [0x00000118dcc21140, 0x00000118dcc21b58]
Event: 21.552 Thread 0x00000118e3d15a80 3806       1       java.util.concurrent.ConcurrentHashMap::resizeStamp (9 bytes)
Event: 21.568 Thread 0x00000118e3d15a80 nmethod 3806 0x00000118dc90cb90 code [0x00000118dc90cd20, 0x00000118dc90cde8]
Event: 21.848 Thread 0x00000118e3d15a80 3807       1       java.util.concurrent.locks.ReentrantLock$NonfairSync::tryAcquire (27 bytes)
Event: 21.854 Thread 0x00000118e3d15a80 nmethod 3807 0x00000118dc90c810 code [0x00000118dc90c9a0, 0x00000118dc90cb18]

GC Heap History (20 events):
Event: 19.931 GC heap after
{Heap after GC invocations=20 (full 0):
 garbage-first heap   total 116736K, used 62519K [0x00000000c0000000, 0x0000000100000000)
  region size 1024K, 6 young (6144K), 6 survivors (6144K)
 Metaspace       used 35523K, committed 35968K, reserved 1081344K
  class space    used 4607K, committed 4800K, reserved 1048576K
}
Event: 19.977 GC heap before
{Heap before GC invocations=20 (full 0):
 garbage-first heap   total 116736K, used 82999K [0x00000000c0000000, 0x0000000100000000)
  region size 1024K, 27 young (27648K), 6 survivors (6144K)
 Metaspace       used 35589K, committed 36032K, reserved 1081344K
  class space    used 4615K, committed 4800K, reserved 1048576K
}
Event: 19.992 GC heap after
{Heap after GC invocations=21 (full 0):
 garbage-first heap   total 116736K, used 66368K [0x00000000c0000000, 0x0000000100000000)
  region size 1024K, 3 young (3072K), 3 survivors (3072K)
 Metaspace       used 35589K, committed 36032K, reserved 1081344K
  class space    used 4615K, committed 4800K, reserved 1048576K
}
Event: 20.021 GC heap before
{Heap before GC invocations=21 (full 0):
 garbage-first heap   total 116736K, used 85824K [0x00000000c0000000, 0x0000000100000000)
  region size 1024K, 23 young (23552K), 3 survivors (3072K)
 Metaspace       used 35653K, committed 36032K, reserved 1081344K
  class space    used 4623K, committed 4800K, reserved 1048576K
}
Event: 20.033 GC heap after
{Heap after GC invocations=22 (full 0):
 garbage-first heap   total 116736K, used 67748K [0x00000000c0000000, 0x0000000100000000)
  region size 1024K, 2 young (2048K), 2 survivors (2048K)
 Metaspace       used 35653K, committed 36032K, reserved 1081344K
  class space    used 4623K, committed 4800K, reserved 1048576K
}
Event: 20.059 GC heap before
{Heap before GC invocations=22 (full 0):
 garbage-first heap   total 116736K, used 87204K [0x00000000c0000000, 0x0000000100000000)
  region size 1024K, 22 young (22528K), 2 survivors (2048K)
 Metaspace       used 35698K, committed 36096K, reserved 1081344K
  class space    used 4628K, committed 4800K, reserved 1048576K
}
Event: 20.064 GC heap after
{Heap after GC invocations=23 (full 0):
 garbage-first heap   total 256000K, used 68170K [0x00000000c0000000, 0x0000000100000000)
  region size 1024K, 2 young (2048K), 2 survivors (2048K)
 Metaspace       used 35698K, committed 36096K, reserved 1081344K
  class space    used 4628K, committed 4800K, reserved 1048576K
}
Event: 20.211 GC heap before
{Heap before GC invocations=23 (full 0):
 garbage-first heap   total 256000K, used 137802K [0x00000000c0000000, 0x0000000100000000)
  region size 1024K, 72 young (73728K), 2 survivors (2048K)
 Metaspace       used 35698K, committed 36096K, reserved 1081344K
  class space    used 4628K, committed 4800K, reserved 1048576K
}
Event: 20.221 GC heap after
{Heap after GC invocations=24 (full 0):
 garbage-first heap   total 256000K, used 70095K [0x00000000c0000000, 0x0000000100000000)
  region size 1024K, 5 young (5120K), 5 survivors (5120K)
 Metaspace       used 35698K, committed 36096K, reserved 1081344K
  class space    used 4628K, committed 4800K, reserved 1048576K
}
Event: 20.464 GC heap before
{Heap before GC invocations=25 (full 0):
 garbage-first heap   total 256000K, used 177615K [0x00000000c0000000, 0x0000000100000000)
  region size 1024K, 111 young (113664K), 5 survivors (5120K)
 Metaspace       used 35698K, committed 36096K, reserved 1081344K
  class space    used 4628K, committed 4800K, reserved 1048576K
}
Event: 20.528 GC heap after
{Heap after GC invocations=26 (full 0):
 garbage-first heap   total 256000K, used 74488K [0x00000000c0000000, 0x0000000100000000)
  region size 1024K, 9 young (9216K), 9 survivors (9216K)
 Metaspace       used 35698K, committed 36096K, reserved 1081344K
  class space    used 4628K, committed 4800K, reserved 1048576K
}
Event: 20.572 GC heap before
{Heap before GC invocations=26 (full 0):
 garbage-first heap   total 256000K, used 77560K [0x00000000c0000000, 0x0000000100000000)
  region size 1024K, 12 young (12288K), 9 survivors (9216K)
 Metaspace       used 35698K, committed 36096K, reserved 1081344K
  class space    used 4628K, committed 4800K, reserved 1048576K
}
Event: 20.604 GC heap after
{Heap after GC invocations=27 (full 0):
 garbage-first heap   total 256000K, used 75199K [0x00000000c0000000, 0x0000000100000000)
  region size 1024K, 2 young (2048K), 2 survivors (2048K)
 Metaspace       used 35698K, committed 36096K, reserved 1081344K
  class space    used 4628K, committed 4800K, reserved 1048576K
}
Event: 21.530 GC heap before
{Heap before GC invocations=27 (full 0):
 garbage-first heap   total 256000K, used 184767K [0x00000000c0000000, 0x0000000100000000)
  region size 1024K, 110 young (112640K), 2 survivors (2048K)
 Metaspace       used 35698K, committed 36096K, reserved 1081344K
  class space    used 4628K, committed 4800K, reserved 1048576K
}
Event: 21.534 GC heap after
{Heap after GC invocations=28 (full 0):
 garbage-first heap   total 256000K, used 78493K [0x00000000c0000000, 0x0000000100000000)
  region size 1024K, 5 young (5120K), 5 survivors (5120K)
 Metaspace       used 35698K, committed 36096K, reserved 1081344K
  class space    used 4628K, committed 4800K, reserved 1048576K
}
Event: 21.739 GC heap before
{Heap before GC invocations=28 (full 0):
 garbage-first heap   total 256000K, used 192157K [0x00000000c0000000, 0x0000000100000000)
  region size 1024K, 117 young (119808K), 5 survivors (5120K)
 Metaspace       used 35699K, committed 36096K, reserved 1081344K
  class space    used 4628K, committed 4800K, reserved 1048576K
}
Event: 21.746 GC heap after
{Heap after GC invocations=29 (full 0):
 garbage-first heap   total 256000K, used 82947K [0x00000000c0000000, 0x0000000100000000)
  region size 1024K, 9 young (9216K), 9 survivors (9216K)
 Metaspace       used 35699K, committed 36096K, reserved 1081344K
  class space    used 4628K, committed 4800K, reserved 1048576K
}
Event: 21.899 GC heap before
{Heap before GC invocations=29 (full 0):
 garbage-first heap   total 256000K, used 197635K [0x00000000c0000000, 0x0000000100000000)
  region size 1024K, 122 young (124928K), 9 survivors (9216K)
 Metaspace       used 35699K, committed 36096K, reserved 1081344K
  class space    used 4628K, committed 4800K, reserved 1048576K
}
Event: 21.919 GC heap after
{Heap after GC invocations=30 (full 0):
 garbage-first heap   total 256000K, used 88108K [0x00000000c0000000, 0x0000000100000000)
  region size 1024K, 10 young (10240K), 10 survivors (10240K)
 Metaspace       used 35699K, committed 36096K, reserved 1081344K
  class space    used 4628K, committed 4800K, reserved 1048576K
}
Event: 22.060 GC heap before
{Heap before GC invocations=30 (full 0):
 garbage-first heap   total 256000K, used 202796K [0x00000000c0000000, 0x0000000100000000)
  region size 1024K, 123 young (125952K), 10 survivors (10240K)
 Metaspace       used 35699K, committed 36096K, reserved 1081344K
  class space    used 4628K, committed 4800K, reserved 1048576K
}

Dll operation events (8 events):
Event: 0.031 Loaded shared library c:\Users\selen\.vscode\extensions\redhat.java-1.15.0-win32-x64\jre\17.0.6-win32-x86_64\bin\java.dll
Event: 0.769 Loaded shared library C:\Users\selen\.vscode\extensions\redhat.java-1.15.0-win32-x64\jre\17.0.6-win32-x86_64\bin\net.dll
Event: 0.877 Loaded shared library C:\Users\selen\.vscode\extensions\redhat.java-1.15.0-win32-x64\jre\17.0.6-win32-x86_64\bin\nio.dll
Event: 1.374 Loaded shared library C:\Users\selen\.vscode\extensions\redhat.java-1.15.0-win32-x64\jre\17.0.6-win32-x86_64\bin\zip.dll
Event: 8.007 Loaded shared library C:\Users\selen\.vscode\extensions\redhat.java-1.15.0-win32-x64\jre\17.0.6-win32-x86_64\bin\jimage.dll
Event: 9.825 Loaded shared library c:\Users\selen\.vscode\extensions\redhat.java-1.15.0-win32-x64\jre\17.0.6-win32-x86_64\bin\verify.dll
Event: 18.036 Loaded shared library C:\Users\selen\.vscode\extensions\redhat.java-1.15.0-win32-x64\jre\17.0.6-win32-x86_64\bin\management.dll
Event: 18.076 Loaded shared library C:\Users\selen\.vscode\extensions\redhat.java-1.15.0-win32-x64\jre\17.0.6-win32-x86_64\bin\management_ext.dll

Deoptimization events (12 events):
Event: 11.843 Thread 0x00000118d768bde0 DEOPT PACKING pc=0x00000118dc7fad99 sp=0x0000000e669fd700
Event: 11.843 Thread 0x00000118d768bde0 DEOPT UNPACKING pc=0x00000118dc497143 sp=0x0000000e669fcbe0 mode 3
Event: 15.704 Thread 0x00000118d768bde0 DEOPT PACKING pc=0x00000118dc9b651d sp=0x0000000e669faa60
Event: 15.704 Thread 0x00000118d768bde0 DEOPT UNPACKING pc=0x00000118dc497143 sp=0x0000000e669f9f90 mode 3
Event: 18.501 Thread 0x00000118e5101a40 DEOPT PACKING pc=0x00000118dcac9135 sp=0x0000000e684fcfb0
Event: 18.501 Thread 0x00000118e5101a40 DEOPT UNPACKING pc=0x00000118dc497143 sp=0x0000000e684fc4d8 mode 3
Event: 18.702 Thread 0x00000118e51bb2a0 DEOPT PACKING pc=0x00000118dc7ff701 sp=0x0000000e683fd770
Event: 18.703 Thread 0x00000118e51bb2a0 DEOPT UNPACKING pc=0x00000118dc497143 sp=0x0000000e683fcc00 mode 3
Event: 18.725 Thread 0x00000118e5101a40 DEOPT PACKING pc=0x00000118dca3dd97 sp=0x0000000e684fec50
Event: 18.725 Thread 0x00000118e5101a40 DEOPT UNPACKING pc=0x00000118dc497143 sp=0x0000000e684fe0a8 mode 3
Event: 18.808 Thread 0x00000118e62df5d0 DEOPT PACKING pc=0x00000118dcae5c2b sp=0x0000000e686fe2b0
Event: 18.808 Thread 0x00000118e62df5d0 DEOPT UNPACKING pc=0x00000118dc497143 sp=0x0000000e686fd7f8 mode 3

Classes unloaded (0 events):
No events

Classes redefined (0 events):
No events

Internal exceptions (20 events):
Event: 18.846 Thread 0x00000118e51b3d60 Exception <a 'sun/nio/fs/WindowsException'{0x00000000c2a49400}> (0x00000000c2a49400) 
thrown [s\src\hotspot\share\prims\jni.cpp, line 516]
Event: 18.846 Thread 0x00000118e51b3d60 Exception <a 'sun/nio/fs/WindowsException'{0x00000000c2a497d0}> (0x00000000c2a497d0) 
thrown [s\src\hotspot\share\prims\jni.cpp, line 516]
Event: 18.846 Thread 0x00000118e51b3d60 Exception <a 'sun/nio/fs/WindowsException'{0x00000000c2a4a208}> (0x00000000c2a4a208) 
thrown [s\src\hotspot\share\prims\jni.cpp, line 516]
Event: 18.847 Thread 0x00000118e51b3d60 Exception <a 'sun/nio/fs/WindowsException'{0x00000000c2a4a610}> (0x00000000c2a4a610) 
thrown [s\src\hotspot\share\prims\jni.cpp, line 516]
Event: 18.847 Thread 0x00000118e51b3d60 Exception <a 'sun/nio/fs/WindowsException'{0x00000000c2a4b020}> (0x00000000c2a4b020) 
thrown [s\src\hotspot\share\prims\jni.cpp, line 516]
Event: 18.847 Thread 0x00000118e51b3d60 Exception <a 'sun/nio/fs/WindowsException'{0x00000000c2a4b3f8}> (0x00000000c2a4b3f8) 
thrown [s\src\hotspot\share\prims\jni.cpp, line 516]
Event: 18.847 Thread 0x00000118e51b3d60 Exception <a 'sun/nio/fs/WindowsException'{0x00000000c2a4bde0}> (0x00000000c2a4bde0) 
thrown [s\src\hotspot\share\prims\jni.cpp, line 516]
Event: 18.847 Thread 0x00000118e51b3d60 Exception <a 'sun/nio/fs/WindowsException'{0x00000000c2a4c180}> (0x00000000c2a4c180) 
thrown [s\src\hotspot\share\prims\jni.cpp, line 516]
Event: 18.847 Thread 0x00000118e51b3d60 Exception <a 'sun/nio/fs/WindowsException'{0x00000000c2a4cb78}> (0x00000000c2a4cb78) 
thrown [s\src\hotspot\share\prims\jni.cpp, line 516]
Event: 18.848 Thread 0x00000118e51b3d60 Exception <a 'sun/nio/fs/WindowsException'{0x00000000c2ac6688}> (0x00000000c2ac6688) 
thrown [s\src\hotspot\share\prims\jni.cpp, line 516]
Event: 18.848 Thread 0x00000118e51b3d60 Exception <a 'sun/nio/fs/WindowsException'{0x00000000c2ac7070}> (0x00000000c2ac7070) 
thrown [s\src\hotspot\share\prims\jni.cpp, line 516]
Event: 18.848 Thread 0x00000118e51b3d60 Exception <a 'sun/nio/fs/WindowsException'{0x00000000c2ac7418}> (0x00000000c2ac7418) 
thrown [s\src\hotspot\share\prims\jni.cpp, line 516]
Event: 18.848 Thread 0x00000118e51b3d60 Exception <a 'sun/nio/fs/WindowsException'{0x00000000c2ac7e10}> (0x00000000c2ac7e10) 
thrown [s\src\hotspot\share\prims\jni.cpp, line 516]
Event: 18.848 Thread 0x00000118e51b3d60 Exception <a 'sun/nio/fs/WindowsException'{0x00000000c2ac81c8}> (0x00000000c2ac81c8) 
thrown [s\src\hotspot\share\prims\jni.cpp, line 516]
Event: 18.848 Thread 0x00000118e51b3d60 Exception <a 'sun/nio/fs/WindowsException'{0x00000000c2ac8bd8}> (0x00000000c2ac8bd8) 
thrown [s\src\hotspot\share\prims\jni.cpp, line 516]
Event: 18.848 Thread 0x00000118e51b3d60 Exception <a 'sun/nio/fs/WindowsException'{0x00000000c2ac8fb0}> (0x00000000c2ac8fb0) 
thrown [s\src\hotspot\share\prims\jni.cpp, line 516]
Event: 18.848 Thread 0x00000118e51b3d60 Exception <a 'sun/nio/fs/WindowsException'{0x00000000c2ac99d8}> (0x00000000c2ac99d8) 
thrown [s\src\hotspot\share\prims\jni.cpp, line 516]
Event: 18.849 Thread 0x00000118e51b3d60 Exception <a 'sun/nio/fs/WindowsException'{0x00000000c2ac9dc8}> (0x00000000c2ac9dc8) 
thrown [s\src\hotspot\share\prims\jni.cpp, line 516]
Event: 18.849 Thread 0x00000118e51b3d60 Exception <a 'sun/nio/fs/WindowsException'{0x00000000c2aca7e8}> (0x00000000c2aca7e8) 
thrown [s\src\hotspot\share\prims\jni.cpp, line 516]
Event: 18.849 Thread 0x00000118e51b3d60 Exception <a 'sun/nio/fs/WindowsException'{0x00000000c2acabd0}> (0x00000000c2acabd0) 
thrown [s\src\hotspot\share\prims\jni.cpp, line 516]

VM Operations (20 events):
Event: 20.533 Executing VM operation: G1CollectForAllocation done
Event: 20.545 Executing VM operation: G1CollectForAllocation
Event: 20.571 Executing VM operation: G1CollectForAllocation done
Event: 20.572 Executing VM operation: G1CollectForAllocation
Event: 20.604 Executing VM operation: G1CollectForAllocation done
Event: 21.529 Executing VM operation: G1CollectForAllocation
Event: 21.530 Executing VM operation: G1CollectForAllocation done
Event: 21.530 Executing VM operation: G1CollectForAllocation
Event: 21.534 Executing VM operation: G1CollectForAllocation done
Event: 21.738 Executing VM operation: G1CollectForAllocation
Event: 21.739 Executing VM operation: G1CollectForAllocation done
Event: 21.739 Executing VM operation: G1CollectForAllocation
Event: 21.746 Executing VM operation: G1CollectForAllocation done
Event: 21.881 Executing VM operation: G1CollectForAllocation
Event: 21.899 Executing VM operation: G1CollectForAllocation done
Event: 21.899 Executing VM operation: G1CollectForAllocation
Event: 21.919 Executing VM operation: G1CollectForAllocation done
Event: 22.059 Executing VM operation: G1CollectForAllocation
Event: 22.060 Executing VM operation: G1CollectForAllocation done
Event: 22.060 Executing VM operation: G1CollectForAllocation

Events (20 events):
Event: 19.144 loading class java/util/stream/Collectors$1PairBox done
Event: 19.144 loading class java/util/concurrent/locks/AbstractQueuedSynchronizer$SharedNode
Event: 19.144 loading class java/util/concurrent/locks/AbstractQueuedSynchronizer$SharedNode done
Event: 19.144 loading class jdk/internal/module/SystemModuleFinders$ModuleContentSpliterator
Event: 19.144 loading class jdk/internal/module/SystemModuleFinders$ModuleContentSpliterator done
Event: 19.145 loading class jdk/internal/jimage/ImageReader$Directory
Event: 19.145 loading class jdk/internal/jimage/ImageReader$Node
Event: 19.145 loading class jdk/internal/jimage/ImageReader$Node done
Event: 19.145 loading class jdk/internal/jimage/ImageReader$Directory done
Event: 19.145 loading class jdk/internal/jimage/ImageReader$SharedImageReader$LocationVisitor
Event: 19.145 loading class jdk/internal/jimage/ImageReader$SharedImageReader$LocationVisitor done
Event: 19.146 loading class java/nio/ByteBufferAsIntBufferL
Event: 19.147 loading class java/nio/ByteBufferAsIntBufferL done
Event: 19.148 loading class jdk/internal/jimage/ImageReader$Resource
Event: 19.148 loading class jdk/internal/jimage/ImageReader$Resource done
Event: 19.149 loading class java/util/stream/LongStream
Event: 19.150 loading class java/util/stream/LongStream done
Event: 19.150 loading class java/util/stream/DoubleStream
Event: 19.150 loading class java/util/stream/DoubleStream done
Event: 21.554 Thread 0x00000118e4e2be00 Thread exited: 0x00000118e4e2be00


Dynamic libraries:
0x00007ff77bce0000 - 0x00007ff77bcee000 	c:\Users\selen\.vscode\extensions\redhat.java-1.15.0-win32-x64\jre\17.0.6-win32-x86_64\bin\java.exe
0x00007ffbb43d0000 - 0x00007ffbb45c8000 	C:\WINDOWS\SYSTEM32\ntdll.dll
0x00007ffbb37d0000 - 0x00007ffbb388f000 	C:\WINDOWS\System32\KERNEL32.DLL
0x00007ffbb1ed0000 - 0x00007ffbb21a2000 	C:\WINDOWS\System32\KERNELBASE.dll
0x00007ffbb1ac0000 - 0x00007ffbb1bc0000 	C:\WINDOWS\System32\ucrtbase.dll
0x00007ffba8c90000 - 0x00007ffba8ca9000 	c:\Users\selen\.vscode\extensions\redhat.java-1.15.0-win32-x64\jre\17.0.6-win32-x86_64\bin\VCRUNTIME140.dll
0x00007ffb9c730000 - 0x00007ffb9c747000 	c:\Users\selen\.vscode\extensions\redhat.java-1.15.0-win32-x64\jre\17.0.6-win32-x86_64\bin\jli.dll
0x00007ffbb30a0000 - 0x00007ffbb3241000 	C:\WINDOWS\System32\USER32.dll
0x00007ffbb2240000 - 0x00007ffbb2262000 	C:\WINDOWS\System32\win32u.dll
0x00007ffbb34d0000 - 0x00007ffbb34fb000 	C:\WINDOWS\System32\GDI32.dll
0x00007ffb9af10000 - 0x00007ffb9b1aa000 	C:\WINDOWS\WinSxS\amd64_microsoft.windows.common-controls_6595b64144ccf1df_6.0.19041.1110_none_60b5254171f9507e\COMCTL32.dll
0x00007ffbb1d90000 - 0x00007ffbb1e9f000 	C:\WINDOWS\System32\gdi32full.dll
0x00007ffbb2370000 - 0x00007ffbb240d000 	C:\WINDOWS\System32\msvcp_win.dll
0x00007ffbb3890000 - 0x00007ffbb392e000 	C:\WINDOWS\System32\msvcrt.dll
0x00007ffbb29d0000 - 0x00007ffbb2a02000 	C:\WINDOWS\System32\IMM32.DLL
0x00007ffbabee0000 - 0x00007ffbabeec000 	c:\Users\selen\.vscode\extensions\redhat.java-1.15.0-win32-x64\jre\17.0.6-win32-x86_64\bin\vcruntime140_1.dll
0x00007ffb83390000 - 0x00007ffb83421000 	c:\Users\selen\.vscode\extensions\redhat.java-1.15.0-win32-x64\jre\17.0.6-win32-x86_64\bin\msvcp140.dll
0x00007ffb73140000 - 0x00007ffb73d87000 	c:\Users\selen\.vscode\extensions\redhat.java-1.15.0-win32-x64\jre\17.0.6-win32-x86_64\bin\server\jvm.dll
0x00007ffbb2e90000 - 0x00007ffbb2f3e000 	C:\WINDOWS\System32\ADVAPI32.dll
0x00007ffbb35b0000 - 0x00007ffbb364c000 	C:\WINDOWS\System32\sechost.dll
0x00007ffbb2540000 - 0x00007ffbb2665000 	C:\WINDOWS\System32\RPCRT4.dll
0x00007ffba6490000 - 0x00007ffba6499000 	C:\WINDOWS\SYSTEM32\WSOCK32.dll
0x00007ffb98890000 - 0x00007ffb988b7000 	C:\WINDOWS\SYSTEM32\WINMM.dll
0x00007ffbab7c0000 - 0x00007ffbab7ca000 	C:\WINDOWS\SYSTEM32\VERSION.dll
0x00007ffbb3460000 - 0x00007ffbb34cb000 	C:\WINDOWS\System32\ws2_32.DLL
0x00007ffbaf980000 - 0x00007ffbaf992000 	C:\WINDOWS\SYSTEM32\kernel.appcore.dll
0x00007ffba8b30000 - 0x00007ffba8b3a000 	c:\Users\selen\.vscode\extensions\redhat.java-1.15.0-win32-x64\jre\17.0.6-win32-x86_64\bin\jimage.dll
0x00007ffba9380000 - 0x00007ffba9564000 	C:\WINDOWS\SYSTEM32\DBGHELP.DLL
0x00007ffba8e70000 - 0x00007ffba8ea5000 	C:\WINDOWS\SYSTEM32\dbgcore.DLL
0x00007ffbb21b0000 - 0x00007ffbb2232000 	C:\WINDOWS\System32\bcryptPrimitives.dll
0x00007ffb9b5f0000 - 0x00007ffb9b615000 	c:\Users\selen\.vscode\extensions\redhat.java-1.15.0-win32-x64\jre\17.0.6-win32-x86_64\bin\java.dll
0x00007ffb9b5d0000 - 0x00007ffb9b5e8000 	c:\Users\selen\.vscode\extensions\redhat.java-1.15.0-win32-x64\jre\17.0.6-win32-x86_64\bin\zip.dll
0x00007ffbb3bd0000 - 0x00007ffbb4315000 	C:\WINDOWS\System32\SHELL32.dll
0x00007ffbafb80000 - 0x00007ffbb0312000 	C:\WINDOWS\SYSTEM32\windows.storage.dll
0x00007ffbb2670000 - 0x00007ffbb29c5000 	C:\WINDOWS\System32\combase.dll
0x00007ffbb1520000 - 0x00007ffbb1550000 	C:\WINDOWS\SYSTEM32\Wldp.dll
0x00007ffbb2f60000 - 0x00007ffbb300d000 	C:\WINDOWS\System32\SHCORE.dll
0x00007ffbb3770000 - 0x00007ffbb37c5000 	C:\WINDOWS\System32\shlwapi.dll
0x00007ffbb1a00000 - 0x00007ffbb1a1f000 	C:\WINDOWS\SYSTEM32\profapi.dll
0x00007ffb94f30000 - 0x00007ffb94f49000 	C:\Users\selen\.vscode\extensions\redhat.java-1.15.0-win32-x64\jre\17.0.6-win32-x86_64\bin\net.dll
0x00007ffba8010000 - 0x00007ffba811c000 	C:\WINDOWS\SYSTEM32\WINHTTP.dll
0x00007ffbb1280000 - 0x00007ffbb12ea000 	C:\WINDOWS\system32\mswsock.dll
0x00007ffb94af0000 - 0x00007ffb94b05000 	C:\Users\selen\.vscode\extensions\redhat.java-1.15.0-win32-x64\jre\17.0.6-win32-x86_64\bin\nio.dll
0x00007ffba5c70000 - 0x00007ffba5c80000 	c:\Users\selen\.vscode\extensions\redhat.java-1.15.0-win32-x64\jre\17.0.6-win32-x86_64\bin\verify.dll
0x00007ffbb1470000 - 0x00007ffbb1488000 	C:\WINDOWS\SYSTEM32\CRYPTSP.dll
0x00007ffbb0b30000 - 0x00007ffbb0b64000 	C:\WINDOWS\system32\rsaenh.dll
0x00007ffbb1ea0000 - 0x00007ffbb1ec7000 	C:\WINDOWS\System32\bcrypt.dll
0x00007ffbb19c0000 - 0x00007ffbb19ee000 	C:\WINDOWS\SYSTEM32\USERENV.dll
0x00007ffbb1490000 - 0x00007ffbb149c000 	C:\WINDOWS\SYSTEM32\CRYPTBASE.dll
0x00007ffbb0f20000 - 0x00007ffbb0f5b000 	C:\WINDOWS\SYSTEM32\IPHLPAPI.DLL
0x00007ffbb4380000 - 0x00007ffbb4388000 	C:\WINDOWS\System32\NSI.dll
0x00007ffba82a0000 - 0x00007ffba82b7000 	C:\WINDOWS\SYSTEM32\dhcpcsvc6.DLL
0x00007ffba8b10000 - 0x00007ffba8b2d000 	C:\WINDOWS\SYSTEM32\dhcpcsvc.DLL
0x00007ffbb0f70000 - 0x00007ffbb103b000 	C:\WINDOWS\SYSTEM32\DNSAPI.dll
0x00007ffba9dc0000 - 0x00007ffba9dc9000 	C:\Users\selen\.vscode\extensions\redhat.java-1.15.0-win32-x64\jre\17.0.6-win32-x86_64\bin\management.dll
0x00007ffb9b4f0000 - 0x00007ffb9b4fb000 	C:\Users\selen\.vscode\extensions\redhat.java-1.15.0-win32-x64\jre\17.0.6-win32-x86_64\bin\management_ext.dll
0x00007ffbb3010000 - 0x00007ffbb3018000 	C:\WINDOWS\System32\PSAPI.DLL

dbghelp: loaded successfully - version: 4.0.5 - missing functions: none
symbol engine: initialized successfully - sym options: 0x614 - pdb path: .;c:\Users\selen\.vscode\extensions\redhat.java-1.15.0-win32-x64\jre\17.0.6-win32-x86_64\bin;C:\WINDOWS\SYSTEM32;C:\WINDOWS\WinSxS\amd64_microsoft.windows.common-controls_6595b64144ccf1df_6.0.19041.1110_none_60b5254171f9507e;c:\Users\selen\.vscode\extensions\redhat.java-1.15.0-win32-x64\jre\17.0.6-win32-x86_64\bin\server

VM Arguments:
jvm_args: -XX:+HeapDumpOnOutOfMemoryError -Xmx1024m -Dsts.lsp.client=vscode -Dsts.log.file=/dev/null -XX:TieredStopAtLevel=1 -Xlog:jni+resolve=off -Dspring.config.location=file:c:\Users\selen\.vscode\extensions\vmware.vscode-spring-boot-1.44.0\language-server\BOOT-INF\classes\application.properties 
java_command: org.springframework.ide.vscode.boot.app.BootLanguageServerBootApp
java_class_path (initial): c:\Users\selen\.vscode\extensions\vmware.vscode-spring-boot-1.44.0\language-server\BOOT-INF\classes;c:\Users\selen\.vscode\extensions\vmware.vscode-spring-boot-1.44.0\language-server\BOOT-INF\lib\annotations-24.0.0.jar;c:\Users\selen\.vscode\extensions\vmware.vscode-spring-boot-1.44.0\language-server\BOOT-INF\lib\ant-1.10.13.jar;c:\Users\selen\.vscode\extensions\vmware.vscode-spring-boot-1.44.0\language-server\BOOT-INF\lib\ant-launcher-1.10.13.jar;c:\Users\selen\.vscode\extensions\vmware.vscode-spring-boot-1.44.0\language-server\BOOT-INF\lib\antlr-runtime-3.5.2.jar;c:\Users\selen\.vscode\extensions\vmware.vscode-spring-boot-1.44.0\language-server\BOOT-INF\lib\antlr4-4.9.3.jar;c:\Users\selen\.vscode\extensions\vmware.vscode-spring-boot-1.44.0\language-server\BOOT-INF\lib\antlr4-runtime-4.9.3.jar;c:\Users\selen\.vscode\extensions\vmware.vscode-spring-boot-1.44.0\language-server\BOOT-INF\lib\apiguardian-api-1.1.2.jar;c:\Users\selen\.vscode\extensions\vmware.vscode-spring-boot-1.44.0\language-server\BOOT-INF\lib\asm-9.4.jar;c:\Users\selen\.vscode\extensions\vmware.vscode-spring-boot-1.44.0\language-server\BOOT-INF\lib\asm-analysis-9.4.jar;c:\Users\selen\.vscode\extensions\vmware.vscode-spring-boot-1.44.0\language-server\BOOT-INF\lib\asm-tree-9.4.jar;c:\Users\selen\.vscode\extensions\vmware.vscode-spring-boot-1.44.0\language-server\BOOT-INF\lib\asm-util-9.4.jar;c:\Users\selen\.vscode\extensions\vmware.vscode-spring-boot-1.44.0\language-server\BOOT-INF\lib\caffeine-3.1.2.jar;c:\Users\selen\.vscode\extensions\vmware.vscode-spring-boot-1.44.0\language-server\BOOT-INF\lib\checker-qual-3.12.0.jar;c:\Users\selen\.vscode\extensions\vmware.vscode-spring-boot-1.44.0\language-server\BOOT-INF\lib\ci-environment-9.1.0.jar;c:\Users\selen\.vscode\extensions\vmware.vscode-spring-boot-1.44.0\language-server\BOOT-INF\lib\classgraph-4.8.149.jar;c:\Users\selen\.vscode\extensions\vmware.vscode-spring-boot-1.44.0\language-server\BOOT-INF\lib\commons-codec-1.15.ja
Launcher Type: SUN_STANDARD

[Global flags]
     intx CICompilerCount                          = 3                                         {product} {ergonomic}
     uint ConcGCThreads                            = 1                                         {product} {ergonomic}
     uint G1ConcRefinementThreads                  = 4                                         {product} {ergonomic}
   size_t G1HeapRegionSize                         = 1048576                                   {product} {ergonomic}
    uintx GCDrainStackTargetSize                   = 64                                        {product} {ergonomic}
     bool HeapDumpOnOutOfMemoryError               = true                                   {manageable} {command line}
   size_t InitialHeapSize                          = 65011712                                  {product} {ergonomic}
   size_t MarkStackSize                            = 4194304                                   {product} {ergonomic}
   size_t MaxHeapSize                              = 1073741824                                {product} {command line}
   size_t MaxNewSize                               = 643825664                                 {product} {ergonomic}
   size_t MinHeapDeltaBytes                        = 1048576                                   {product} {ergonomic}
   size_t MinHeapSize                              = 8388608                                   {product} {ergonomic}
    uintx NonProfiledCodeHeapSize                  = 0                                      {pd product} {ergonomic}
     bool ProfileInterpreter                       = false                                  {pd product} {command line}
    uintx ProfiledCodeHeapSize                     = 0                                      {pd product} {ergonomic}
   size_t SoftMaxHeapSize                          = 1073741824                             {manageable} {ergonomic}
     intx TieredStopAtLevel                        = 1                                         {product} {command line}
     bool UseCompressedClassPointers               = true                           {product lp64_product} {ergonomic}
     bool UseCompressedOops                        = true                           {product lp64_product} {ergonomic}
     bool UseG1GC                                  = true                                      {product} {ergonomic}
     bool UseLargePagesIndividualAllocation        = false                                  {pd product} {ergonomic}

Logging:
Log output configuration:
 #0: stdout all=warning,jni+resolve=off uptime,level,tags
 #1: stderr all=off uptime,level,tags

Environment Variables:
JAVA_HOME=C:\Program Files\Java\jdk-19
PATH=C:\Program Files\Common Files\Oracle\Java\javapath;C:\Program Files (x86)\Common Files\Oracle\Java\javapath;C:\Python39\Scripts\;C:\Python39\;C:\WINDOWS\system32;C:\WINDOWS;C:\WINDOWS\System32\Wbem;C:\WINDOWS\System32\WindowsPowerShell\v1.0\;C:\WINDOWS\System32\OpenSSH\;C:\ProgramData\chocolatey\bin;D:\nodejs\;D:\geth;C:\Program Files\Java\jdk-19\bin;C:\Program Files\MySQL\MySQL Shell 8.0\bin\;C:\Users\selen\AppData\Local\Microsoft\WindowsApps;;D:\Microsoft VS Code\bin;C:\Users\selen\AppData\Roaming\npm
USERNAME=selen
OS=Windows_NT
PROCESSOR_IDENTIFIER=Intel64 Family 6 Model 142 Stepping 9, GenuineIntel
TMP=C:\Users\selen\AppData\Local\Temp
TEMP=C:\Users\selen\AppData\Local\Temp



---------------  S Y S T E M  ---------------

OS:
 Windows 10 , 64 bit Build 19041 (10.0.19041.2546)
OS uptime: 4 days 17:46 hours

CPU: total 4 (initial active 4) (2 cores per cpu, 2 threads per core) family 6 model 142 stepping 9 microcode 0xb4, cx8, cmov, fxsr, ht, mmx, 3dnowpref, sse, sse2, sse3, ssse3, sse4.1, sse4.2, popcnt, lzcnt, tsc, tscinvbit, avx, avx2, aes, erms, clmul, bmi1, bmi2, adx, fma, vzeroupper, clflush, clflushopt

Memory: 4k page, system-wide physical 3964M (138M free)
TotalPageFile size 16252M (AvailPageFile size 91M)
current process WorkingSet (physical memory assigned to process): 231M, peak: 231M
current process commit charge ("private bytes"): 379M, peak: 593M

vm_info: OpenJDK 64-Bit Server VM (17.0.6+10) for windows-amd64 JRE (17.0.6+10), built on Jan 18 2023 10:08:59 by "temurin" with MS VC++ 16.7 (VS2019)

END.
