#
# There is insufficient memory for the Java Runtime Environment to continue.
# Native memory allocation (mmap) failed to map 188743680 bytes for G1 virtual space
# Possible reasons:
#   The system is out of physical RAM or swap space
#   The process is running with CompressedOops enabled, and the Java Heap may be blocking the growth of the native heap
# Possible solutions:
#   Reduce memory load on the system
#   Increase physical memory or swap space
#   Check if swap backing store is full
#   Decrease Java heap size (-Xmx/-Xms)
#   Decrease number of Java threads
#   Decrease Java thread stack sizes (-Xss)
#   Set larger code cache with -XX:ReservedCodeCacheSize=
#   JVM is running with Unscaled Compressed Oops mode in which the Java heap is
#     placed in the first 4GB address space. The Java Heap base address is the
#     maximum limit for the native heap growth. Please use -XX:HeapBaseMinAddress
#     to set the Java Heap base and to place the Java Heap above 4GB virtual address.
# This output file may be truncated or incomplete.
#
#  Out of Memory Error (os_windows.cpp:3557), pid=10688, tid=16020
#
# JRE version: OpenJDK Runtime Environment Temurin-17.0.6+10 (17.0.6+10) (build 17.0.6+10)
# Java VM: OpenJDK 64-Bit Server VM Temurin-17.0.6+10 (17.0.6+10, mixed mode, emulated-client, tiered, compressed oops, compressed class ptrs, g1 gc, windows-amd64)
# No core dump will be written. Minidumps are not enabled by default on client versions of Windows
#

---------------  S U M M A R Y ------------

Command Line: -XX:+HeapDumpOnOutOfMemoryError -Xmx1024m -Dsts.lsp.client=vscode -Dsts.log.file=/dev/null -XX:TieredStopAtLevel=1 -Xlog:jni+resolve=off -Dspring.config.location=file:c:\Users\selen\.vscode\extensions\vmware.vscode-spring-boot-1.44.0\language-server\BOOT-INF\classes\application.properties org.springframework.ide.vscode.boot.app.BootLanguageServerBootApp

Host: Intel(R) Core(TM) i5-7200U CPU @ 2.50GHz, 4 cores, 3G,  Windows 10 , 64 bit Build 19041 (10.0.19041.2546)
Time: Wed Feb 22 13:11:55 2023  Windows 10 , 64 bit Build 19041 (10.0.19041.2546) elapsed time: 11.897716 seconds (0d 0h 0m 11s)

---------------  T H R E A D  ---------------

Current thread (0x00000199d59227d0):  VMThread "VM Thread" [stack: 0x0000003225700000,0x0000003225800000] [id=16020]

Stack: [0x0000003225700000,0x0000003225800000]
Native frames: (J=compiled Java code, j=interpreted, Vv=VM code, C=native code)
V  [jvm.dll+0x67741a]
V  [jvm.dll+0x834434]
V  [jvm.dll+0x835bde]
V  [jvm.dll+0x836243]
V  [jvm.dll+0x2457b5]
V  [jvm.dll+0x674329]
V  [jvm.dll+0x6689da]
V  [jvm.dll+0x30489b]
V  [jvm.dll+0x30bd96]
V  [jvm.dll+0x35b57e]
V  [jvm.dll+0x35b7af]
V  [jvm.dll+0x2db778]
V  [jvm.dll+0x2d9a2c]
V  [jvm.dll+0x2d8ffc]
V  [jvm.dll+0x31cdcb]
V  [jvm.dll+0x83a6eb]
V  [jvm.dll+0x83b424]
V  [jvm.dll+0x83b93c]
V  [jvm.dll+0x83bd14]
V  [jvm.dll+0x83bde0]
V  [jvm.dll+0x7e483a]
V  [jvm.dll+0x6762c5]
C  [ucrtbase.dll+0x21bb2]
C  [KERNEL32.DLL+0x17614]
C  [ntdll.dll+0x526a1]

VM_Operation (0x00000032274fe170): G1CollectForAllocation, mode: safepoint, requested by thread 0x00000199d79f9070


---------------  P R O C E S S  ---------------

Threads class SMR info:
_java_thread_list=0x00000199d9e939a0, length=27, elements={
0x00000199d59397a0, 0x00000199d593a350, 0x00000199d598f010, 0x00000199d5991ad0,
0x00000199d5964c60, 0x00000199d5965520, 0x00000199d5993bb0, 0x00000199d6420090,
0x00000199d65f0b00, 0x00000199d65f7750, 0x00000199d64e9540, 0x00000199d77f69a0,
0x00000199d6510050, 0x00000199d65107c0, 0x00000199cb404bd0, 0x00000199d796a030,
0x00000199d799d050, 0x00000199d799d520, 0x00000199d79a3fa0, 0x00000199d7b588e0,
0x00000199d7b58db0, 0x00000199d79f9a10, 0x00000199d79fc090, 0x00000199d79fc560,
0x00000199d79f9070, 0x00000199d79fb220, 0x00000199d79fca30
}

Java Threads: ( => current thread )
  0x00000199d59397a0 JavaThread "Reference Handler" daemon [_thread_blocked, id=10624, stack(0x0000003225800000,0x0000003225900000)]
  0x00000199d593a350 JavaThread "Finalizer" daemon [_thread_blocked, id=3172, stack(0x0000003225900000,0x0000003225a00000)]
  0x00000199d598f010 JavaThread "Signal Dispatcher" daemon [_thread_blocked, id=10632, stack(0x0000003225a00000,0x0000003225b00000)]
  0x00000199d5991ad0 JavaThread "Attach Listener" daemon [_thread_blocked, id=784, stack(0x0000003225b00000,0x0000003225c00000)]
  0x00000199d5964c60 JavaThread "Service Thread" daemon [_thread_blocked, id=16612, stack(0x0000003225c00000,0x0000003225d00000)]
  0x00000199d5965520 JavaThread "Monitor Deflation Thread" daemon [_thread_blocked, id=5540, stack(0x0000003225d00000,0x0000003225e00000)]
  0x00000199d5993bb0 JavaThread "C1 CompilerThread0" daemon [_thread_blocked, id=16988, stack(0x0000003225e00000,0x0000003225f00000)]
  0x00000199d6420090 JavaThread "Sweeper thread" daemon [_thread_blocked, id=9828, stack(0x0000003225f00000,0x0000003226000000)]
  0x00000199d65f0b00 JavaThread "Notification Thread" daemon [_thread_blocked, id=17196, stack(0x0000003226000000,0x0000003226100000)]
  0x00000199d65f7750 JavaThread "Common-Cleaner" daemon [_thread_blocked, id=11256, stack(0x0000003226200000,0x0000003226300000)]
  0x00000199d64e9540 JavaThread "boundedElastic-evictor-1" daemon [_thread_blocked, id=13508, stack(0x0000003226700000,0x0000003226800000)]
  0x00000199d77f69a0 JavaThread "boundedElastic-evictor-2" daemon [_thread_blocked, id=9456, stack(0x0000003226800000,0x0000003226900000)]
  0x00000199d6510050 JavaThread "pool-10-thread-1" [_thread_blocked, id=9940, stack(0x0000003226900000,0x0000003226a00000)]
  0x00000199d65107c0 JavaThread "LanguageServerApp-lifecycle" [_thread_blocked, id=7116, stack(0x0000003226a00000,0x0000003226b00000)]
  0x00000199cb404bd0 JavaThread "DestroyJavaVM" [_thread_blocked, id=2156, stack(0x0000003225100000,0x0000003225200000)]
  0x00000199d796a030 JavaThread "pool-11-thread-1" [_thread_in_native, id=13052, stack(0x0000003226b00000,0x0000003226c00000)]
  0x00000199d799d050 JavaThread "Simple-Language-Server main thread" daemon [_thread_blocked, id=11604, stack(0x0000003226c00000,0x0000003226d00000)]
  0x00000199d799d520 JavaThread "pool-6-thread-1" [_thread_blocked, id=11600, stack(0x0000003226d00000,0x0000003226e00000)]
  0x00000199d79a3fa0 JavaThread "ForkJoinPool.commonPool-worker-1" daemon [_thread_blocked, id=13836, stack(0x0000003226e00000,0x0000003226f00000)]
  0x00000199d7b588e0 JavaThread "ClassGraph-worker-0" daemon [_thread_blocked, id=6068, stack(0x0000003226f00000,0x0000003227000000)]
  0x00000199d7b58db0 JavaThread "ClassGraph-worker-1" daemon [_thread_blocked, id=9412, stack(0x0000003227000000,0x0000003227100000)]
  0x00000199d79f9a10 JavaThread "ClassGraph-worker-2" daemon [_thread_blocked, id=14836, stack(0x0000003227100000,0x0000003227200000)]
  0x00000199d79fc090 JavaThread "ClassGraph-worker-3" daemon [_thread_blocked, id=9572, stack(0x0000003227200000,0x0000003227300000)]
  0x00000199d79fc560 JavaThread "ClassGraph-worker-4" daemon [_thread_blocked, id=15724, stack(0x0000003227300000,0x0000003227400000)]
  0x00000199d79f9070 JavaThread "ClassGraph-worker-5" daemon [_thread_blocked, id=6612, stack(0x0000003227400000,0x0000003227500000)]
  0x00000199d79fb220 JavaThread "ClassGraph-worker-6" daemon [_thread_blocked, id=16764, stack(0x0000003227500000,0x0000003227600000)]
  0x00000199d79fca30 JavaThread "ClassGraph-worker-7" daemon [_thread_blocked, id=14376, stack(0x0000003227600000,0x0000003227700000)]

Other Threads:
=>0x00000199d59227d0 VMThread "VM Thread" [stack: 0x0000003225700000,0x0000003225800000] [id=16020]
  0x00000199d65bd060 WatcherThread [stack: 0x0000003226100000,0x0000003226200000] [id=11240]
  0x00000199cb4446d0 GCTaskThread "GC Thread#0" [stack: 0x0000003225200000,0x0000003225300000] [id=1548]
  0x00000199d6de1800 GCTaskThread "GC Thread#1" [stack: 0x0000003226400000,0x0000003226500000] [id=244]
  0x00000199d6df2280 GCTaskThread "GC Thread#2" [stack: 0x0000003226500000,0x0000003226600000] [id=13700]
  0x00000199d6fb3270 GCTaskThread "GC Thread#3" [stack: 0x0000003226600000,0x0000003226700000] [id=10604]
  0x00000199cb44d610 ConcurrentGCThread "G1 Main Marker" [stack: 0x0000003225300000,0x0000003225400000] [id=11468]
  0x00000199cb44e7c0 ConcurrentGCThread "G1 Conc#0" [stack: 0x0000003225400000,0x0000003225500000] [id=5372]
  0x00000199cb48cb70 ConcurrentGCThread "G1 Refine#0" [stack: 0x0000003225500000,0x0000003225600000] [id=3212]
  0x00000199d9e33460 ConcurrentGCThread "G1 Refine#1" [stack: 0x0000003227700000,0x0000003227800000] [id=7864]
  0x00000199cb48d590 ConcurrentGCThread "G1 Service" [stack: 0x0000003225600000,0x0000003225700000] [id=1040]

Threads with active compile tasks:

VM state: at safepoint (normal execution)

VM Mutex/Monitor currently owned by a thread:  ([mutex/lock_event])
[0x00000199c91c9600] Threads_lock - owner thread: 0x00000199d59227d0
[0x00000199cb3f42b0] Heap_lock - owner thread: 0x00000199d79f9070

Heap address: 0x00000000c0000000, size: 1024 MB, Compressed Oops mode: 32-bit

CDS archive(s) not mapped
Compressed class space mapped at: 0x0000000100000000-0x0000000140000000, reserved size: 1073741824
Narrow klass base: 0x0000000000000000, Narrow klass shift: 3, Narrow klass range: 0x140000000

GC Precious Log:
 CPUs: 4 total, 4 available
 Memory: 3964M
 Large Page Support: Disabled
 NUMA Support: Disabled
 Compressed Oops: Enabled (32-bit)
 Heap Region Size: 1M
 Heap Min Capacity: 8M
 Heap Initial Capacity: 62M
 Heap Max Capacity: 1G
 Pre-touch: Disabled
 Parallel Workers: 4
 Concurrent Workers: 1
 Concurrent Refinement Workers: 4
 Periodic GC: Disabled

Heap:
 garbage-first heap   total 225280K, used 94623K [0x00000000c0000000, 0x0000000100000000)
  region size 1024K, 9 young (9216K), 9 survivors (9216K)
 Metaspace       used 35706K, committed 36096K, reserved 1081344K
  class space    used 4632K, committed 4800K, reserved 1048576K

Heap Regions: E=young(eden), S=young(survivor), O=old, HS=humongous(starts), HC=humongous(continues), CS=collection set, F=free, OA=open archive, CA=closed archive, TAMS=top-at-mark-start (previous, next)
|   0|0x00000000c0000000, 0x00000000c0100000, 0x00000000c0100000|100%| O|  |TAMS 0x00000000c0100000, 0x00000000c0000000| Untracked 
|   1|0x00000000c0100000, 0x00000000c0200000, 0x00000000c0200000|100%| O|  |TAMS 0x00000000c0200000, 0x00000000c0100000| Untracked 
|   2|0x00000000c0200000, 0x00000000c0300000, 0x00000000c0300000|100%| O|  |TAMS 0x00000000c0300000, 0x00000000c0200000| Untracked 
|   3|0x00000000c0300000, 0x00000000c0400000, 0x00000000c0400000|100%| O|  |TAMS 0x00000000c0400000, 0x00000000c0300000| Untracked 
|   4|0x00000000c0400000, 0x00000000c0500000, 0x00000000c0500000|100%| O|  |TAMS 0x00000000c0500000, 0x00000000c0400000| Untracked 
|   5|0x00000000c0500000, 0x00000000c0600000, 0x00000000c0600000|100%| O|  |TAMS 0x00000000c0600000, 0x00000000c0500000| Untracked 
|   6|0x00000000c0600000, 0x00000000c0700000, 0x00000000c0700000|100%| O|  |TAMS 0x00000000c0700000, 0x00000000c0600000| Untracked 
|   7|0x00000000c0700000, 0x00000000c0800000, 0x00000000c0800000|100%| O|  |TAMS 0x00000000c0800000, 0x00000000c0700000| Untracked 
|   8|0x00000000c0800000, 0x00000000c0900000, 0x00000000c0900000|100%| O|  |TAMS 0x00000000c0900000, 0x00000000c0800000| Untracked 
|   9|0x00000000c0900000, 0x00000000c0a00000, 0x00000000c0a00000|100%| O|  |TAMS 0x00000000c0a00000, 0x00000000c0900000| Untracked 
|  10|0x00000000c0a00000, 0x00000000c0b00000, 0x00000000c0b00000|100%| O|  |TAMS 0x00000000c0b00000, 0x00000000c0a00000| Untracked 
|  11|0x00000000c0b00000, 0x00000000c0c00000, 0x00000000c0c00000|100%| O|  |TAMS 0x00000000c0c00000, 0x00000000c0b00000| Untracked 
|  12|0x00000000c0c00000, 0x00000000c0d00000, 0x00000000c0d00000|100%| O|  |TAMS 0x00000000c0d00000, 0x00000000c0c00000| Untracked 
|  13|0x00000000c0d00000, 0x00000000c0e00000, 0x00000000c0e00000|100%| O|  |TAMS 0x00000000c0e00000, 0x00000000c0d00000| Untracked 
|  14|0x00000000c0e00000, 0x00000000c0f00000, 0x00000000c0f00000|100%| O|  |TAMS 0x00000000c0f00000, 0x00000000c0e00000| Untracked 
|  15|0x00000000c0f00000, 0x00000000c1000000, 0x00000000c1000000|100%| O|  |TAMS 0x00000000c1000000, 0x00000000c0f00000| Untracked 
|  16|0x00000000c1000000, 0x00000000c1100000, 0x00000000c1100000|100%| O|  |TAMS 0x00000000c1100000, 0x00000000c1000000| Untracked 
|  17|0x00000000c1100000, 0x00000000c1200000, 0x00000000c1200000|100%| O|  |TAMS 0x00000000c1200000, 0x00000000c1100000| Untracked 
|  18|0x00000000c1200000, 0x00000000c1300000, 0x00000000c1300000|100%| O|  |TAMS 0x00000000c1300000, 0x00000000c1200000| Untracked 
|  19|0x00000000c1300000, 0x00000000c1400000, 0x00000000c1400000|100%| O|  |TAMS 0x00000000c1400000, 0x00000000c1300000| Untracked 
|  20|0x00000000c1400000, 0x00000000c1500000, 0x00000000c1500000|100%| O|  |TAMS 0x00000000c1500000, 0x00000000c1400000| Untracked 
|  21|0x00000000c1500000, 0x00000000c1600000, 0x00000000c1600000|100%| O|  |TAMS 0x00000000c1600000, 0x00000000c1500000| Untracked 
|  22|0x00000000c1600000, 0x00000000c1700000, 0x00000000c1700000|100%| O|  |TAMS 0x00000000c1700000, 0x00000000c1600000| Untracked 
|  23|0x00000000c1700000, 0x00000000c1800000, 0x00000000c1800000|100%| O|  |TAMS 0x00000000c1800000, 0x00000000c1700000| Untracked 
|  24|0x00000000c1800000, 0x00000000c1900000, 0x00000000c1900000|100%| O|  |TAMS 0x00000000c1900000, 0x00000000c1800000| Untracked 
|  25|0x00000000c1900000, 0x00000000c1a00000, 0x00000000c1a00000|100%| O|  |TAMS 0x00000000c1a00000, 0x00000000c1900000| Untracked 
|  26|0x00000000c1a00000, 0x00000000c1b00000, 0x00000000c1b00000|100%| O|  |TAMS 0x00000000c1b00000, 0x00000000c1a00000| Untracked 
|  27|0x00000000c1b00000, 0x00000000c1c00000, 0x00000000c1c00000|100%| O|  |TAMS 0x00000000c1c00000, 0x00000000c1b00000| Untracked 
|  28|0x00000000c1c00000, 0x00000000c1d00000, 0x00000000c1d00000|100%| O|  |TAMS 0x00000000c1d00000, 0x00000000c1c00000| Untracked 
|  29|0x00000000c1d00000, 0x00000000c1e00000, 0x00000000c1e00000|100%| O|  |TAMS 0x00000000c1e00000, 0x00000000c1d00000| Untracked 
|  30|0x00000000c1e00000, 0x00000000c1f00000, 0x00000000c1f00000|100%| O|  |TAMS 0x00000000c1f00000, 0x00000000c1e00000| Untracked 
|  31|0x00000000c1f00000, 0x00000000c2000000, 0x00000000c2000000|100%| O|  |TAMS 0x00000000c2000000, 0x00000000c1f00000| Untracked 
|  32|0x00000000c2000000, 0x00000000c2100000, 0x00000000c2100000|100%| O|  |TAMS 0x00000000c2100000, 0x00000000c2000000| Untracked 
|  33|0x00000000c2100000, 0x00000000c2200000, 0x00000000c2200000|100%| O|  |TAMS 0x00000000c2100000, 0x00000000c2100000| Untracked 
|  34|0x00000000c2200000, 0x00000000c2300000, 0x00000000c2300000|100%| O|  |TAMS 0x00000000c2300000, 0x00000000c2200000| Untracked 
|  35|0x00000000c2300000, 0x00000000c2400000, 0x00000000c2400000|100%| O|  |TAMS 0x00000000c2400000, 0x00000000c2300000| Untracked 
|  36|0x00000000c2400000, 0x00000000c2500000, 0x00000000c2500000|100%| O|  |TAMS 0x00000000c2500000, 0x00000000c2400000| Untracked 
|  37|0x00000000c2500000, 0x00000000c2600000, 0x00000000c2600000|100%| O|  |TAMS 0x00000000c2600000, 0x00000000c2500000| Untracked 
|  38|0x00000000c2600000, 0x00000000c2700000, 0x00000000c2700000|100%| O|  |TAMS 0x00000000c2700000, 0x00000000c2600000| Untracked 
|  39|0x00000000c2700000, 0x00000000c2800000, 0x00000000c2800000|100%| O|  |TAMS 0x00000000c2800000, 0x00000000c2700000| Untracked 
|  40|0x00000000c2800000, 0x00000000c2900000, 0x00000000c2900000|100%| O|  |TAMS 0x00000000c2900000, 0x00000000c2800000| Untracked 
|  41|0x00000000c2900000, 0x00000000c2a00000, 0x00000000c2a00000|100%| O|  |TAMS 0x00000000c2900000, 0x00000000c2900000| Untracked 
|  42|0x00000000c2a00000, 0x00000000c2b00000, 0x00000000c2b00000|100%|HS|  |TAMS 0x00000000c2b00000, 0x00000000c2a00000| Complete 
|  43|0x00000000c2b00000, 0x00000000c2c00000, 0x00000000c2c00000|100%| O|  |TAMS 0x00000000c2c00000, 0x00000000c2b00000| Untracked 
|  44|0x00000000c2c00000, 0x00000000c2d00000, 0x00000000c2d00000|100%| O|  |TAMS 0x00000000c2d00000, 0x00000000c2c00000| Untracked 
|  45|0x00000000c2d00000, 0x00000000c2e00000, 0x00000000c2e00000|100%| O|  |TAMS 0x00000000c2e00000, 0x00000000c2d00000| Untracked 
|  46|0x00000000c2e00000, 0x00000000c2f00000, 0x00000000c2f00000|100%| O|  |TAMS 0x00000000c2f00000, 0x00000000c2e00000| Untracked 
|  47|0x00000000c2f00000, 0x00000000c3000000, 0x00000000c3000000|100%| O|  |TAMS 0x00000000c3000000, 0x00000000c2f00000| Untracked 
|  48|0x00000000c3000000, 0x00000000c3100000, 0x00000000c3100000|100%| O|  |TAMS 0x00000000c3100000, 0x00000000c3000000| Untracked 
|  49|0x00000000c3100000, 0x00000000c3200000, 0x00000000c3200000|100%| O|  |TAMS 0x00000000c3200000, 0x00000000c3100000| Untracked 
|  50|0x00000000c3200000, 0x00000000c3300000, 0x00000000c3300000|100%| O|  |TAMS 0x00000000c3300000, 0x00000000c3200000| Untracked 
|  51|0x00000000c3300000, 0x00000000c3400000, 0x00000000c3400000|100%| O|  |TAMS 0x00000000c3400000, 0x00000000c3300000| Untracked 
|  52|0x00000000c3400000, 0x00000000c3500000, 0x00000000c3500000|100%| O|  |TAMS 0x00000000c3500000, 0x00000000c3400000| Untracked 
|  53|0x00000000c3500000, 0x00000000c3600000, 0x00000000c3600000|100%| O|  |TAMS 0x00000000c3600000, 0x00000000c3500000| Untracked 
|  54|0x00000000c3600000, 0x00000000c3700000, 0x00000000c3700000|100%| O|  |TAMS 0x00000000c3700000, 0x00000000c3600000| Untracked 
|  55|0x00000000c3700000, 0x00000000c3800000, 0x00000000c3800000|100%| O|  |TAMS 0x00000000c3700000, 0x00000000c3700000| Untracked 
|  56|0x00000000c3800000, 0x00000000c3900000, 0x00000000c3900000|100%| O|  |TAMS 0x00000000c3800000, 0x00000000c3800000| Untracked 
|  57|0x00000000c3900000, 0x00000000c3a00000, 0x00000000c3a00000|100%| O|  |TAMS 0x00000000c3900000, 0x00000000c3900000| Untracked 
|  58|0x00000000c3a00000, 0x00000000c3b00000, 0x00000000c3b00000|100%| O|  |TAMS 0x00000000c3a00000, 0x00000000c3a00000| Untracked 
|  59|0x00000000c3b00000, 0x00000000c3c00000, 0x00000000c3c00000|100%| O|  |TAMS 0x00000000c3b00000, 0x00000000c3b00000| Untracked 
|  60|0x00000000c3c00000, 0x00000000c3d00000, 0x00000000c3d00000|100%| O|  |TAMS 0x00000000c3c00000, 0x00000000c3c00000| Untracked 
|  61|0x00000000c3d00000, 0x00000000c3e00000, 0x00000000c3e00000|100%| O|  |TAMS 0x00000000c3d00000, 0x00000000c3d00000| Untracked 
|  62|0x00000000c3e00000, 0x00000000c3f00000, 0x00000000c3f00000|100%| O|  |TAMS 0x00000000c3e00000, 0x00000000c3e00000| Untracked 
|  63|0x00000000c3f00000, 0x00000000c4000000, 0x00000000c4000000|100%| O|  |TAMS 0x00000000c3f00000, 0x00000000c3f00000| Untracked 
|  64|0x00000000c4000000, 0x00000000c4100000, 0x00000000c4100000|100%| O|  |TAMS 0x00000000c4000000, 0x00000000c4000000| Untracked 
|  65|0x00000000c4100000, 0x00000000c4200000, 0x00000000c4200000|100%| O|  |TAMS 0x00000000c4100000, 0x00000000c4100000| Untracked 
|  66|0x00000000c4200000, 0x00000000c4300000, 0x00000000c4300000|100%| O|  |TAMS 0x00000000c4200000, 0x00000000c4200000| Untracked 
|  67|0x00000000c4300000, 0x00000000c4400000, 0x00000000c4400000|100%| O|  |TAMS 0x00000000c4300000, 0x00000000c4300000| Untracked 
|  68|0x00000000c4400000, 0x00000000c4500000, 0x00000000c4500000|100%| O|  |TAMS 0x00000000c4400000, 0x00000000c4400000| Untracked 
|  69|0x00000000c4500000, 0x00000000c4600000, 0x00000000c4600000|100%| O|  |TAMS 0x00000000c4500000, 0x00000000c4500000| Untracked 
|  70|0x00000000c4600000, 0x00000000c4700000, 0x00000000c4700000|100%| O|  |TAMS 0x00000000c4600000, 0x00000000c4600000| Untracked 
|  71|0x00000000c4700000, 0x00000000c4800000, 0x00000000c4800000|100%| O|  |TAMS 0x00000000c4700000, 0x00000000c4700000| Untracked 
|  72|0x00000000c4800000, 0x00000000c4900000, 0x00000000c4900000|100%| O|  |TAMS 0x00000000c4800000, 0x00000000c4800000| Untracked 
|  73|0x00000000c4900000, 0x00000000c4a00000, 0x00000000c4a00000|100%| O|  |TAMS 0x00000000c4900000, 0x00000000c4900000| Untracked 
|  74|0x00000000c4a00000, 0x00000000c4b00000, 0x00000000c4b00000|100%| O|  |TAMS 0x00000000c4a00000, 0x00000000c4a00000| Untracked 
|  75|0x00000000c4b00000, 0x00000000c4c00000, 0x00000000c4c00000|100%| O|  |TAMS 0x00000000c4b00000, 0x00000000c4b00000| Untracked 
|  76|0x00000000c4c00000, 0x00000000c4d00000, 0x00000000c4d00000|100%| O|  |TAMS 0x00000000c4c00000, 0x00000000c4c00000| Untracked 
|  77|0x00000000c4d00000, 0x00000000c4e00000, 0x00000000c4e00000|100%| O|  |TAMS 0x00000000c4d00000, 0x00000000c4d00000| Untracked 
|  78|0x00000000c4e00000, 0x00000000c4f00000, 0x00000000c4f00000|100%| O|  |TAMS 0x00000000c4e00000, 0x00000000c4e00000| Untracked 
|  79|0x00000000c4f00000, 0x00000000c5000000, 0x00000000c5000000|100%| O|  |TAMS 0x00000000c4f00000, 0x00000000c4f00000| Untracked 
|  80|0x00000000c5000000, 0x00000000c5100000, 0x00000000c5100000|100%| O|  |TAMS 0x00000000c5000000, 0x00000000c5000000| Untracked 
|  81|0x00000000c5100000, 0x00000000c5200000, 0x00000000c5200000|100%| O|  |TAMS 0x00000000c5100000, 0x00000000c5100000| Untracked 
|  82|0x00000000c5200000, 0x00000000c5300000, 0x00000000c5300000|100%| O|  |TAMS 0x00000000c5200000, 0x00000000c5200000| Untracked 
|  83|0x00000000c5300000, 0x00000000c53a4a00, 0x00000000c5400000| 64%| O|  |TAMS 0x00000000c5300000, 0x00000000c5300000| Untracked 
|  84|0x00000000c5400000, 0x00000000c5400000, 0x00000000c5500000|  0%| F|  |TAMS 0x00000000c5400000, 0x00000000c5400000| Untracked 
|  85|0x00000000c5500000, 0x00000000c5500000, 0x00000000c5600000|  0%| F|  |TAMS 0x00000000c5500000, 0x00000000c5500000| Untracked 
|  86|0x00000000c5600000, 0x00000000c5600000, 0x00000000c5700000|  0%| F|  |TAMS 0x00000000c5600000, 0x00000000c5600000| Untracked 
|  87|0x00000000c5700000, 0x00000000c5700000, 0x00000000c5800000|  0%| F|  |TAMS 0x00000000c5700000, 0x00000000c5700000| Untracked 
|  88|0x00000000c5800000, 0x00000000c5800000, 0x00000000c5900000|  0%| F|  |TAMS 0x00000000c5800000, 0x00000000c5800000| Untracked 
|  89|0x00000000c5900000, 0x00000000c5900000, 0x00000000c5a00000|  0%| F|  |TAMS 0x00000000c5900000, 0x00000000c5900000| Untracked 
|  90|0x00000000c5a00000, 0x00000000c5a00000, 0x00000000c5b00000|  0%| F|  |TAMS 0x00000000c5a00000, 0x00000000c5a00000| Untracked 
|  91|0x00000000c5b00000, 0x00000000c5b00000, 0x00000000c5c00000|  0%| F|  |TAMS 0x00000000c5b00000, 0x00000000c5b00000| Untracked 
|  92|0x00000000c5c00000, 0x00000000c5c00000, 0x00000000c5d00000|  0%| F|  |TAMS 0x00000000c5c00000, 0x00000000c5c00000| Untracked 
|  93|0x00000000c5d00000, 0x00000000c5d00000, 0x00000000c5e00000|  0%| F|  |TAMS 0x00000000c5d00000, 0x00000000c5d00000| Untracked 
|  94|0x00000000c5e00000, 0x00000000c5e00000, 0x00000000c5f00000|  0%| F|  |TAMS 0x00000000c5e00000, 0x00000000c5e00000| Untracked 
|  95|0x00000000c5f00000, 0x00000000c5f00000, 0x00000000c6000000|  0%| F|  |TAMS 0x00000000c5f00000, 0x00000000c5f00000| Untracked 
|  96|0x00000000c6000000, 0x00000000c6000000, 0x00000000c6100000|  0%| F|  |TAMS 0x00000000c6000000, 0x00000000c6000000| Untracked 
|  97|0x00000000c6100000, 0x00000000c6100000, 0x00000000c6200000|  0%| F|  |TAMS 0x00000000c6100000, 0x00000000c6100000| Untracked 
|  98|0x00000000c6200000, 0x00000000c6200000, 0x00000000c6300000|  0%| F|  |TAMS 0x00000000c6200000, 0x00000000c6200000| Untracked 
|  99|0x00000000c6300000, 0x00000000c6300000, 0x00000000c6400000|  0%| F|  |TAMS 0x00000000c6300000, 0x00000000c6300000| Untracked 
| 100|0x00000000c6400000, 0x00000000c6400000, 0x00000000c6500000|  0%| F|  |TAMS 0x00000000c6400000, 0x00000000c6400000| Untracked 
| 101|0x00000000c6500000, 0x00000000c6500000, 0x00000000c6600000|  0%| F|  |TAMS 0x00000000c6500000, 0x00000000c6500000| Untracked 
| 102|0x00000000c6600000, 0x00000000c6600000, 0x00000000c6700000|  0%| F|  |TAMS 0x00000000c6600000, 0x00000000c6600000| Untracked 
| 103|0x00000000c6700000, 0x00000000c6700000, 0x00000000c6800000|  0%| F|  |TAMS 0x00000000c6700000, 0x00000000c6700000| Untracked 
| 104|0x00000000c6800000, 0x00000000c6800000, 0x00000000c6900000|  0%| F|  |TAMS 0x00000000c6800000, 0x00000000c6800000| Untracked 
| 105|0x00000000c6900000, 0x00000000c6900000, 0x00000000c6a00000|  0%| F|  |TAMS 0x00000000c6900000, 0x00000000c6900000| Untracked 
| 106|0x00000000c6a00000, 0x00000000c6a00000, 0x00000000c6b00000|  0%| F|  |TAMS 0x00000000c6a00000, 0x00000000c6a00000| Untracked 
| 107|0x00000000c6b00000, 0x00000000c6b00000, 0x00000000c6c00000|  0%| F|  |TAMS 0x00000000c6b00000, 0x00000000c6b00000| Untracked 
| 108|0x00000000c6c00000, 0x00000000c6c00000, 0x00000000c6d00000|  0%| F|  |TAMS 0x00000000c6c00000, 0x00000000c6c00000| Untracked 
| 109|0x00000000c6d00000, 0x00000000c6d00000, 0x00000000c6e00000|  0%| F|  |TAMS 0x00000000c6d00000, 0x00000000c6d00000| Untracked 
| 110|0x00000000c6e00000, 0x00000000c6e00000, 0x00000000c6f00000|  0%| F|  |TAMS 0x00000000c6e00000, 0x00000000c6e00000| Untracked 
| 111|0x00000000c6f00000, 0x00000000c6f00000, 0x00000000c7000000|  0%| F|  |TAMS 0x00000000c6f00000, 0x00000000c6f00000| Untracked 
| 112|0x00000000c7000000, 0x00000000c7000000, 0x00000000c7100000|  0%| F|  |TAMS 0x00000000c7000000, 0x00000000c7000000| Untracked 
| 113|0x00000000c7100000, 0x00000000c7100000, 0x00000000c7200000|  0%| F|  |TAMS 0x00000000c7100000, 0x00000000c7100000| Untracked 
| 114|0x00000000c7200000, 0x00000000c7200000, 0x00000000c7300000|  0%| F|  |TAMS 0x00000000c7200000, 0x00000000c7200000| Untracked 
| 115|0x00000000c7300000, 0x00000000c73c3290, 0x00000000c7400000| 76%| S|CS|TAMS 0x00000000c7300000, 0x00000000c7300000| Complete 
| 116|0x00000000c7400000, 0x00000000c7500000, 0x00000000c7500000|100%| S|CS|TAMS 0x00000000c7400000, 0x00000000c7400000| Complete 
| 117|0x00000000c7500000, 0x00000000c7600000, 0x00000000c7600000|100%| S|CS|TAMS 0x00000000c7500000, 0x00000000c7500000| Complete 
| 118|0x00000000c7600000, 0x00000000c7700000, 0x00000000c7700000|100%| S|CS|TAMS 0x00000000c7600000, 0x00000000c7600000| Complete 
| 119|0x00000000c7700000, 0x00000000c7800000, 0x00000000c7800000|100%| S|CS|TAMS 0x00000000c7700000, 0x00000000c7700000| Complete 
| 120|0x00000000c7800000, 0x00000000c7800000, 0x00000000c7900000|  0%| F|  |TAMS 0x00000000c7800000, 0x00000000c7800000| Untracked 
| 121|0x00000000c7900000, 0x00000000c7900000, 0x00000000c7a00000|  0%| F|  |TAMS 0x00000000c7900000, 0x00000000c7900000| Untracked 
| 122|0x00000000c7a00000, 0x00000000c7b00000, 0x00000000c7b00000|100%| S|CS|TAMS 0x00000000c7a00000, 0x00000000c7a00000| Complete 
| 123|0x00000000c7b00000, 0x00000000c7c00000, 0x00000000c7c00000|100%| S|CS|TAMS 0x00000000c7b00000, 0x00000000c7b00000| Complete 
| 124|0x00000000c7c00000, 0x00000000c7d00000, 0x00000000c7d00000|100%| S|CS|TAMS 0x00000000c7c00000, 0x00000000c7c00000| Complete 
| 125|0x00000000c7d00000, 0x00000000c7e00000, 0x00000000c7e00000|100%| S|CS|TAMS 0x00000000c7d00000, 0x00000000c7d00000| Complete 
| 126|0x00000000c7e00000, 0x00000000c7e00000, 0x00000000c7f00000|  0%| F|  |TAMS 0x00000000c7e00000, 0x00000000c7e00000| Untracked 
| 127|0x00000000c7f00000, 0x00000000c7f00000, 0x00000000c8000000|  0%| F|  |TAMS 0x00000000c7f00000, 0x00000000c7f00000| Untracked 
| 128|0x00000000c8000000, 0x00000000c8000000, 0x00000000c8100000|  0%| F|  |TAMS 0x00000000c8000000, 0x00000000c8000000| Untracked 
| 129|0x00000000c8100000, 0x00000000c8100000, 0x00000000c8200000|  0%| F|  |TAMS 0x00000000c8100000, 0x00000000c8100000| Untracked 
| 130|0x00000000c8200000, 0x00000000c8200000, 0x00000000c8300000|  0%| F|  |TAMS 0x00000000c8200000, 0x00000000c8200000| Untracked 
| 131|0x00000000c8300000, 0x00000000c8300000, 0x00000000c8400000|  0%| F|  |TAMS 0x00000000c8300000, 0x00000000c8300000| Untracked 
| 132|0x00000000c8400000, 0x00000000c8400000, 0x00000000c8500000|  0%| F|  |TAMS 0x00000000c8400000, 0x00000000c8400000| Untracked 
| 133|0x00000000c8500000, 0x00000000c8500000, 0x00000000c8600000|  0%| F|  |TAMS 0x00000000c8500000, 0x00000000c8500000| Untracked 
| 134|0x00000000c8600000, 0x00000000c8600000, 0x00000000c8700000|  0%| F|  |TAMS 0x00000000c8600000, 0x00000000c8600000| Untracked 
| 135|0x00000000c8700000, 0x00000000c8700000, 0x00000000c8800000|  0%| F|  |TAMS 0x00000000c8700000, 0x00000000c8700000| Untracked 
| 136|0x00000000c8800000, 0x00000000c8800000, 0x00000000c8900000|  0%| F|  |TAMS 0x00000000c8800000, 0x00000000c8800000| Untracked 
| 137|0x00000000c8900000, 0x00000000c8900000, 0x00000000c8a00000|  0%| F|  |TAMS 0x00000000c8900000, 0x00000000c8900000| Untracked 
| 138|0x00000000c8a00000, 0x00000000c8a00000, 0x00000000c8b00000|  0%| F|  |TAMS 0x00000000c8a00000, 0x00000000c8a00000| Untracked 
| 139|0x00000000c8b00000, 0x00000000c8b00000, 0x00000000c8c00000|  0%| F|  |TAMS 0x00000000c8b00000, 0x00000000c8b00000| Untracked 
| 140|0x00000000c8c00000, 0x00000000c8c00000, 0x00000000c8d00000|  0%| F|  |TAMS 0x00000000c8c00000, 0x00000000c8c00000| Untracked 
| 141|0x00000000c8d00000, 0x00000000c8d00000, 0x00000000c8e00000|  0%| F|  |TAMS 0x00000000c8d00000, 0x00000000c8d00000| Untracked 
| 142|0x00000000c8e00000, 0x00000000c8e00000, 0x00000000c8f00000|  0%| F|  |TAMS 0x00000000c8e00000, 0x00000000c8e00000| Untracked 
| 143|0x00000000c8f00000, 0x00000000c8f00000, 0x00000000c9000000|  0%| F|  |TAMS 0x00000000c8f00000, 0x00000000c8f00000| Untracked 
| 144|0x00000000c9000000, 0x00000000c9000000, 0x00000000c9100000|  0%| F|  |TAMS 0x00000000c9000000, 0x00000000c9000000| Untracked 
| 145|0x00000000c9100000, 0x00000000c9100000, 0x00000000c9200000|  0%| F|  |TAMS 0x00000000c9100000, 0x00000000c9100000| Untracked 
| 146|0x00000000c9200000, 0x00000000c9200000, 0x00000000c9300000|  0%| F|  |TAMS 0x00000000c9200000, 0x00000000c9200000| Untracked 
| 147|0x00000000c9300000, 0x00000000c9300000, 0x00000000c9400000|  0%| F|  |TAMS 0x00000000c9300000, 0x00000000c9300000| Untracked 
| 148|0x00000000c9400000, 0x00000000c9400000, 0x00000000c9500000|  0%| F|  |TAMS 0x00000000c9400000, 0x00000000c9400000| Untracked 
| 149|0x00000000c9500000, 0x00000000c9500000, 0x00000000c9600000|  0%| F|  |TAMS 0x00000000c9500000, 0x00000000c9500000| Untracked 
| 150|0x00000000c9600000, 0x00000000c9600000, 0x00000000c9700000|  0%| F|  |TAMS 0x00000000c9600000, 0x00000000c9600000| Untracked 
| 151|0x00000000c9700000, 0x00000000c9700000, 0x00000000c9800000|  0%| F|  |TAMS 0x00000000c9700000, 0x00000000c9700000| Untracked 
| 152|0x00000000c9800000, 0x00000000c9800000, 0x00000000c9900000|  0%| F|  |TAMS 0x00000000c9800000, 0x00000000c9800000| Untracked 
| 153|0x00000000c9900000, 0x00000000c9900000, 0x00000000c9a00000|  0%| F|  |TAMS 0x00000000c9900000, 0x00000000c9900000| Untracked 
| 154|0x00000000c9a00000, 0x00000000c9a00000, 0x00000000c9b00000|  0%| F|  |TAMS 0x00000000c9a00000, 0x00000000c9a00000| Untracked 
| 155|0x00000000c9b00000, 0x00000000c9b00000, 0x00000000c9c00000|  0%| F|  |TAMS 0x00000000c9b00000, 0x00000000c9b00000| Untracked 
| 156|0x00000000c9c00000, 0x00000000c9c00000, 0x00000000c9d00000|  0%| F|  |TAMS 0x00000000c9c00000, 0x00000000c9c00000| Untracked 
| 157|0x00000000c9d00000, 0x00000000c9d00000, 0x00000000c9e00000|  0%| F|  |TAMS 0x00000000c9d00000, 0x00000000c9d00000| Untracked 
| 158|0x00000000c9e00000, 0x00000000c9e00000, 0x00000000c9f00000|  0%| F|  |TAMS 0x00000000c9e00000, 0x00000000c9e00000| Untracked 
| 159|0x00000000c9f00000, 0x00000000c9f00000, 0x00000000ca000000|  0%| F|  |TAMS 0x00000000c9f00000, 0x00000000c9f00000| Untracked 
| 160|0x00000000ca000000, 0x00000000ca000000, 0x00000000ca100000|  0%| F|  |TAMS 0x00000000ca000000, 0x00000000ca000000| Untracked 
| 161|0x00000000ca100000, 0x00000000ca100000, 0x00000000ca200000|  0%| F|  |TAMS 0x00000000ca100000, 0x00000000ca100000| Untracked 
| 162|0x00000000ca200000, 0x00000000ca200000, 0x00000000ca300000|  0%| F|  |TAMS 0x00000000ca200000, 0x00000000ca200000| Untracked 
| 163|0x00000000ca300000, 0x00000000ca300000, 0x00000000ca400000|  0%| F|  |TAMS 0x00000000ca300000, 0x00000000ca300000| Untracked 
| 164|0x00000000ca400000, 0x00000000ca400000, 0x00000000ca500000|  0%| F|  |TAMS 0x00000000ca400000, 0x00000000ca400000| Untracked 
| 165|0x00000000ca500000, 0x00000000ca500000, 0x00000000ca600000|  0%| F|  |TAMS 0x00000000ca500000, 0x00000000ca500000| Untracked 
| 166|0x00000000ca600000, 0x00000000ca600000, 0x00000000ca700000|  0%| F|  |TAMS 0x00000000ca600000, 0x00000000ca600000| Untracked 
| 167|0x00000000ca700000, 0x00000000ca700000, 0x00000000ca800000|  0%| F|  |TAMS 0x00000000ca700000, 0x00000000ca700000| Untracked 
| 168|0x00000000ca800000, 0x00000000ca800000, 0x00000000ca900000|  0%| F|  |TAMS 0x00000000ca800000, 0x00000000ca800000| Untracked 
| 169|0x00000000ca900000, 0x00000000ca900000, 0x00000000caa00000|  0%| F|  |TAMS 0x00000000ca900000, 0x00000000ca900000| Untracked 
| 170|0x00000000caa00000, 0x00000000caa00000, 0x00000000cab00000|  0%| F|  |TAMS 0x00000000caa00000, 0x00000000caa00000| Untracked 
| 171|0x00000000cab00000, 0x00000000cab00000, 0x00000000cac00000|  0%| F|  |TAMS 0x00000000cab00000, 0x00000000cab00000| Untracked 
| 172|0x00000000cac00000, 0x00000000cac00000, 0x00000000cad00000|  0%| F|  |TAMS 0x00000000cac00000, 0x00000000cac00000| Untracked 
| 173|0x00000000cad00000, 0x00000000cad00000, 0x00000000cae00000|  0%| F|  |TAMS 0x00000000cad00000, 0x00000000cad00000| Untracked 
| 174|0x00000000cae00000, 0x00000000cae00000, 0x00000000caf00000|  0%| F|  |TAMS 0x00000000cae00000, 0x00000000cae00000| Untracked 
| 175|0x00000000caf00000, 0x00000000caf00000, 0x00000000cb000000|  0%| F|  |TAMS 0x00000000caf00000, 0x00000000caf00000| Untracked 
| 176|0x00000000cb000000, 0x00000000cb000000, 0x00000000cb100000|  0%| F|  |TAMS 0x00000000cb000000, 0x00000000cb000000| Untracked 
| 177|0x00000000cb100000, 0x00000000cb100000, 0x00000000cb200000|  0%| F|  |TAMS 0x00000000cb100000, 0x00000000cb100000| Untracked 
| 178|0x00000000cb200000, 0x00000000cb200000, 0x00000000cb300000|  0%| F|  |TAMS 0x00000000cb200000, 0x00000000cb200000| Untracked 
| 179|0x00000000cb300000, 0x00000000cb300000, 0x00000000cb400000|  0%| F|  |TAMS 0x00000000cb300000, 0x00000000cb300000| Untracked 
| 180|0x00000000cb400000, 0x00000000cb400000, 0x00000000cb500000|  0%| F|  |TAMS 0x00000000cb400000, 0x00000000cb400000| Untracked 
| 181|0x00000000cb500000, 0x00000000cb500000, 0x00000000cb600000|  0%| F|  |TAMS 0x00000000cb500000, 0x00000000cb500000| Untracked 
| 182|0x00000000cb600000, 0x00000000cb600000, 0x00000000cb700000|  0%| F|  |TAMS 0x00000000cb600000, 0x00000000cb600000| Untracked 
| 183|0x00000000cb700000, 0x00000000cb700000, 0x00000000cb800000|  0%| F|  |TAMS 0x00000000cb700000, 0x00000000cb700000| Untracked 
| 184|0x00000000cb800000, 0x00000000cb800000, 0x00000000cb900000|  0%| F|  |TAMS 0x00000000cb800000, 0x00000000cb800000| Untracked 
| 185|0x00000000cb900000, 0x00000000cb900000, 0x00000000cba00000|  0%| F|  |TAMS 0x00000000cb900000, 0x00000000cb900000| Untracked 
| 186|0x00000000cba00000, 0x00000000cba00000, 0x00000000cbb00000|  0%| F|  |TAMS 0x00000000cba00000, 0x00000000cba00000| Untracked 
| 187|0x00000000cbb00000, 0x00000000cbb00000, 0x00000000cbc00000|  0%| F|  |TAMS 0x00000000cbb00000, 0x00000000cbb00000| Untracked 
| 188|0x00000000cbc00000, 0x00000000cbc00000, 0x00000000cbd00000|  0%| F|  |TAMS 0x00000000cbc00000, 0x00000000cbc00000| Untracked 
| 189|0x00000000cbd00000, 0x00000000cbd00000, 0x00000000cbe00000|  0%| F|  |TAMS 0x00000000cbd00000, 0x00000000cbd00000| Untracked 
| 190|0x00000000cbe00000, 0x00000000cbe00000, 0x00000000cbf00000|  0%| F|  |TAMS 0x00000000cbe00000, 0x00000000cbe00000| Untracked 
| 191|0x00000000cbf00000, 0x00000000cbf00000, 0x00000000cc000000|  0%| F|  |TAMS 0x00000000cbf00000, 0x00000000cbf00000| Untracked 
| 192|0x00000000cc000000, 0x00000000cc000000, 0x00000000cc100000|  0%| F|  |TAMS 0x00000000cc000000, 0x00000000cc000000| Untracked 
| 193|0x00000000cc100000, 0x00000000cc100000, 0x00000000cc200000|  0%| F|  |TAMS 0x00000000cc100000, 0x00000000cc100000| Untracked 
| 194|0x00000000cc200000, 0x00000000cc200000, 0x00000000cc300000|  0%| F|  |TAMS 0x00000000cc200000, 0x00000000cc200000| Untracked 
| 195|0x00000000cc300000, 0x00000000cc300000, 0x00000000cc400000|  0%| F|  |TAMS 0x00000000cc300000, 0x00000000cc300000| Untracked 
| 196|0x00000000cc400000, 0x00000000cc400000, 0x00000000cc500000|  0%| F|  |TAMS 0x00000000cc400000, 0x00000000cc400000| Untracked 
| 197|0x00000000cc500000, 0x00000000cc500000, 0x00000000cc600000|  0%| F|  |TAMS 0x00000000cc500000, 0x00000000cc500000| Untracked 
| 198|0x00000000cc600000, 0x00000000cc600000, 0x00000000cc700000|  0%| F|  |TAMS 0x00000000cc600000, 0x00000000cc600000| Untracked 
| 199|0x00000000cc700000, 0x00000000cc700000, 0x00000000cc800000|  0%| F|  |TAMS 0x00000000cc700000, 0x00000000cc700000| Untracked 
| 200|0x00000000cc800000, 0x00000000cc800000, 0x00000000cc900000|  0%| F|  |TAMS 0x00000000cc800000, 0x00000000cc800000| Untracked 
| 201|0x00000000cc900000, 0x00000000cc900000, 0x00000000cca00000|  0%| F|  |TAMS 0x00000000cc900000, 0x00000000cc900000| Untracked 
| 202|0x00000000cca00000, 0x00000000cca00000, 0x00000000ccb00000|  0%| F|  |TAMS 0x00000000cca00000, 0x00000000cca00000| Untracked 
| 203|0x00000000ccb00000, 0x00000000ccb00000, 0x00000000ccc00000|  0%| F|  |TAMS 0x00000000ccb00000, 0x00000000ccb00000| Untracked 
| 204|0x00000000ccc00000, 0x00000000ccc00000, 0x00000000ccd00000|  0%| F|  |TAMS 0x00000000ccc00000, 0x00000000ccc00000| Untracked 
| 205|0x00000000ccd00000, 0x00000000ccd00000, 0x00000000cce00000|  0%| F|  |TAMS 0x00000000ccd00000, 0x00000000ccd00000| Untracked 
| 206|0x00000000cce00000, 0x00000000cce00000, 0x00000000ccf00000|  0%| F|  |TAMS 0x00000000cce00000, 0x00000000cce00000| Untracked 
| 207|0x00000000ccf00000, 0x00000000ccf00000, 0x00000000cd000000|  0%| F|  |TAMS 0x00000000ccf00000, 0x00000000ccf00000| Untracked 
| 208|0x00000000cd000000, 0x00000000cd000000, 0x00000000cd100000|  0%| F|  |TAMS 0x00000000cd000000, 0x00000000cd000000| Untracked 
| 209|0x00000000cd100000, 0x00000000cd100000, 0x00000000cd200000|  0%| F|  |TAMS 0x00000000cd100000, 0x00000000cd100000| Untracked 
| 210|0x00000000cd200000, 0x00000000cd200000, 0x00000000cd300000|  0%| F|  |TAMS 0x00000000cd200000, 0x00000000cd200000| Untracked 
| 211|0x00000000cd300000, 0x00000000cd300000, 0x00000000cd400000|  0%| F|  |TAMS 0x00000000cd300000, 0x00000000cd300000| Untracked 
| 212|0x00000000cd400000, 0x00000000cd400000, 0x00000000cd500000|  0%| F|  |TAMS 0x00000000cd400000, 0x00000000cd400000| Untracked 
| 213|0x00000000cd500000, 0x00000000cd500000, 0x00000000cd600000|  0%| F|  |TAMS 0x00000000cd500000, 0x00000000cd500000| Untracked 
| 214|0x00000000cd600000, 0x00000000cd600000, 0x00000000cd700000|  0%| F|  |TAMS 0x00000000cd600000, 0x00000000cd600000| Untracked 
| 215|0x00000000cd700000, 0x00000000cd700000, 0x00000000cd800000|  0%| F|  |TAMS 0x00000000cd700000, 0x00000000cd700000| Untracked 
| 216|0x00000000cd800000, 0x00000000cd800000, 0x00000000cd900000|  0%| F|  |TAMS 0x00000000cd800000, 0x00000000cd800000| Untracked 
| 217|0x00000000cd900000, 0x00000000cd900000, 0x00000000cda00000|  0%| F|  |TAMS 0x00000000cd900000, 0x00000000cd900000| Untracked 
| 218|0x00000000cda00000, 0x00000000cda00000, 0x00000000cdb00000|  0%| F|  |TAMS 0x00000000cda00000, 0x00000000cda00000| Untracked 
| 219|0x00000000cdb00000, 0x00000000cdb00000, 0x00000000cdc00000|  0%| F|  |TAMS 0x00000000cdb00000, 0x00000000cdb00000| Untracked 

Card table byte_map: [0x00000199d1090000,0x00000199d1290000] _byte_map_base: 0x00000199d0a90000

Marking Bits (Prev, Next): (CMBitMap*) 0x00000199cb444d20, (CMBitMap*) 0x00000199cb444ce0
 Prev Bits: [0x00000199d2490000, 0x00000199d3490000)
 Next Bits: [0x00000199d1490000, 0x00000199d2490000)

Polling page: 0x00000199c9170000

Metaspace:

Usage:
  Non-class:     30.35 MB used.
      Class:      4.52 MB used.
       Both:     34.87 MB used.

Virtual space:
  Non-class space:       32.00 MB reserved,      30.56 MB ( 96%) committed,  4 nodes.
      Class space:        1.00 GB reserved,       4.69 MB ( <1%) committed,  1 nodes.
             Both:        1.03 GB reserved,      35.25 MB (  3%) committed. 

Chunk freelists:
   Non-Class:  1.03 MB
       Class:  3.19 MB
        Both:  4.22 MB

MaxMetaspaceSize: unlimited
CompressedClassSpaceSize: 1.00 GB
Initial GC threshold: 21.00 MB
Current GC threshold: 58.56 MB
CDS: off
MetaspaceReclaimPolicy: balanced
 - commit_granule_bytes: 65536.
 - commit_granule_words: 8192.
 - virtual_space_node_default_size: 1048576.
 - enlarge_chunks_in_place: 1.
 - new_chunks_are_fully_committed: 0.
 - uncommit_free_chunks: 1.
 - use_allocation_guard: 0.
 - handle_deallocations: 1.


Internal statistics:

num_allocs_failed_limit: 5.
num_arena_births: 468.
num_arena_deaths: 0.
num_vsnodes_births: 5.
num_vsnodes_deaths: 0.
num_space_committed: 564.
num_space_uncommitted: 0.
num_chunks_returned_to_freelist: 5.
num_chunks_taken_from_freelist: 1515.
num_chunk_merges: 3.
num_chunk_splits: 1026.
num_chunks_enlarged: 762.
num_purges: 0.
num_inconsistent_stats: 0.

CodeCache: size=49152Kb used=7478Kb max_used=8041Kb free=41673Kb
 bounds [0x00000199ce090000, 0x00000199ce870000, 0x00000199d1090000]
 total_blobs=4353 nmethods=3810 adapters=470
 compilation: enabled
              stopped_count=0, restarted_count=0
 full_count=0

Compilation events (20 events):
Event: 9.321 Thread 0x00000199d6b4d470 nmethod 3803 0x00000199ce864090 code [0x00000199ce864220, 0x00000199ce864308]
Event: 9.321 Thread 0x00000199d6b4d470 3806   !   1       jdk.internal.module.SystemModuleFinders$SystemModuleReader::toInputStream (43 bytes)
Event: 9.322 Thread 0x00000199d5993bb0 nmethod 3795 0x00000199ce864390 code [0x00000199ce864700, 0x00000199ce865568]
Event: 9.322 Thread 0x00000199d5993bb0 3794       1       jdk.internal.jimage.ImageReader::releaseByteBuffer (5 bytes)
Event: 9.322 Thread 0x00000199d6b4d470 nmethod 3806 0x00000199ce865e10 code [0x00000199ce866000, 0x00000199ce866528]
Event: 9.322 Thread 0x00000199d5993bb0 nmethod 3794 0x00000199ce866810 code [0x00000199ce8669a0, 0x00000199ce866ae8]
Event: 9.322 Thread 0x00000199d6b4d470 3798       1       jdk.internal.jimage.BasicImageReader::releaseByteBuffer (16 bytes)
Event: 9.322 Thread 0x00000199d5993bb0 3799       1       jdk.internal.module.SystemModuleFinders$SystemModuleReader::open (15 bytes)
Event: 9.322 Thread 0x00000199d6b4d470 nmethod 3798 0x00000199ce866b90 code [0x00000199ce866d20, 0x00000199ce866e68]
Event: 9.322 Thread 0x00000199d6b4d470 3804       1       jdk.internal.jimage.BasicImageReader::findLocation (57 bytes)
Event: 9.322 Thread 0x00000199d6b4d470 nmethod 3804 0x00000199ce866f10 code [0x00000199ce867120, 0x00000199ce867648]
Event: 9.323 Thread 0x00000199d5993bb0 nmethod 3799 0x00000199ce867890 code [0x00000199ce867aa0, 0x00000199ce868068]
Event: 9.323 Thread 0x00000199d6b4d470 3807       1       nonapi.io.github.classgraph.utils.ProxyingInputStream::read (11 bytes)
Event: 9.323 Thread 0x00000199d6b4d470 nmethod 3807 0x00000199ce868390 code [0x00000199ce868520, 0x00000199ce868608]
Event: 9.323 Thread 0x00000199d5993bb0 3808   !   1       nonapi.io.github.classgraph.fileslice.reader.ClassfileReader::close (43 bytes)
Event: 9.323 Thread 0x00000199d5993bb0 nmethod 3808 0x00000199ce868690 code [0x00000199ce868840, 0x00000199ce868a18]
Event: 9.362 Thread 0x00000199d5993bb0 3809  s!   1       jdk.internal.loader.URLClassPath::getLoader (196 bytes)
Event: 9.363 Thread 0x00000199d5993bb0 nmethod 3809 0x00000199ce868b10 code [0x00000199ce868dc0, 0x00000199ce8697d8]
Event: 11.405 Thread 0x00000199d5993bb0 3810       1       java.util.concurrent.locks.ReentrantLock$NonfairSync::tryAcquire (27 bytes)
Event: 11.427 Thread 0x00000199d5993bb0 nmethod 3810 0x00000199ce297590 code [0x00000199ce297720, 0x00000199ce297898]

GC Heap History (20 events):
Event: 9.295 GC heap after
{Heap after GC invocations=21 (full 0):
 garbage-first heap   total 106496K, used 66545K [0x00000000c0000000, 0x0000000100000000)
  region size 1024K, 3 young (3072K), 3 survivors (3072K)
 Metaspace       used 35606K, committed 36032K, reserved 1081344K
  class space    used 4619K, committed 4800K, reserved 1048576K
}
Event: 9.328 GC heap before
{Heap before GC invocations=21 (full 0):
 garbage-first heap   total 106496K, used 79857K [0x00000000c0000000, 0x0000000100000000)
  region size 1024K, 17 young (17408K), 3 survivors (3072K)
 Metaspace       used 35620K, committed 36032K, reserved 1081344K
  class space    used 4620K, committed 4800K, reserved 1048576K
}
Event: 9.339 GC heap after
{Heap after GC invocations=22 (full 0):
 garbage-first heap   total 106496K, used 67796K [0x00000000c0000000, 0x0000000100000000)
  region size 1024K, 1 young (1024K), 1 survivors (1024K)
 Metaspace       used 35620K, committed 36032K, reserved 1081344K
  class space    used 4620K, committed 4800K, reserved 1048576K
}
Event: 9.365 GC heap before
{Heap before GC invocations=22 (full 0):
 garbage-first heap   total 106496K, used 81108K [0x00000000c0000000, 0x0000000100000000)
  region size 1024K, 15 young (15360K), 1 survivors (1024K)
 Metaspace       used 35706K, committed 36096K, reserved 1081344K
  class space    used 4632K, committed 4800K, reserved 1048576K
}
Event: 9.369 GC heap after
{Heap after GC invocations=23 (full 0):
 garbage-first heap   total 225280K, used 68204K [0x00000000c0000000, 0x0000000100000000)
  region size 1024K, 2 young (2048K), 2 survivors (2048K)
 Metaspace       used 35706K, committed 36096K, reserved 1081344K
  class space    used 4632K, committed 4800K, reserved 1048576K
}
Event: 10.573 GC heap before
{Heap before GC invocations=24 (full 0):
 garbage-first heap   total 225280K, used 138860K [0x00000000c0000000, 0x0000000100000000)
  region size 1024K, 73 young (74752K), 2 survivors (2048K)
 Metaspace       used 35706K, committed 36096K, reserved 1081344K
  class space    used 4632K, committed 4800K, reserved 1048576K
}
Event: 10.609 GC heap after
{Heap after GC invocations=25 (full 0):
 garbage-first heap   total 225280K, used 70097K [0x00000000c0000000, 0x0000000100000000)
  region size 1024K, 5 young (5120K), 5 survivors (5120K)
 Metaspace       used 35706K, committed 36096K, reserved 1081344K
  class space    used 4632K, committed 4800K, reserved 1048576K
}
Event: 10.648 GC heap before
{Heap before GC invocations=25 (full 0):
 garbage-first heap   total 225280K, used 75217K [0x00000000c0000000, 0x0000000100000000)
  region size 1024K, 11 young (11264K), 5 survivors (5120K)
 Metaspace       used 35706K, committed 36096K, reserved 1081344K
  class space    used 4632K, committed 4800K, reserved 1048576K
}
Event: 10.653 GC heap after
{Heap after GC invocations=26 (full 0):
 garbage-first heap   total 225280K, used 70128K [0x00000000c0000000, 0x0000000100000000)
  region size 1024K, 1 young (1024K), 1 survivors (1024K)
 Metaspace       used 35706K, committed 36096K, reserved 1081344K
  class space    used 4632K, committed 4800K, reserved 1048576K
}
Event: 11.007 GC heap before
{Heap before GC invocations=26 (full 0):
 garbage-first heap   total 225280K, used 164336K [0x00000000c0000000, 0x0000000100000000)
  region size 1024K, 94 young (96256K), 1 survivors (1024K)
 Metaspace       used 35706K, committed 36096K, reserved 1081344K
  class space    used 4632K, committed 4800K, reserved 1048576K
}
Event: 11.012 GC heap after
{Heap after GC invocations=27 (full 0):
 garbage-first heap   total 225280K, used 73487K [0x00000000c0000000, 0x0000000100000000)
  region size 1024K, 4 young (4096K), 4 survivors (4096K)
 Metaspace       used 35706K, committed 36096K, reserved 1081344K
  class space    used 4632K, committed 4800K, reserved 1048576K
}
Event: 11.327 GC heap before
{Heap before GC invocations=27 (full 0):
 garbage-first heap   total 225280K, used 170767K [0x00000000c0000000, 0x0000000100000000)
  region size 1024K, 100 young (102400K), 4 survivors (4096K)
 Metaspace       used 35706K, committed 36096K, reserved 1081344K
  class space    used 4632K, committed 4800K, reserved 1048576K
}
Event: 11.337 GC heap after
{Heap after GC invocations=28 (full 0):
 garbage-first heap   total 225280K, used 77100K [0x00000000c0000000, 0x0000000100000000)
  region size 1024K, 8 young (8192K), 8 survivors (8192K)
 Metaspace       used 35706K, committed 36096K, reserved 1081344K
  class space    used 4632K, committed 4800K, reserved 1048576K
}
Event: 11.455 GC heap before
{Heap before GC invocations=28 (full 0):
 garbage-first heap   total 225280K, used 175404K [0x00000000c0000000, 0x0000000100000000)
  region size 1024K, 105 young (107520K), 8 survivors (8192K)
 Metaspace       used 35706K, committed 36096K, reserved 1081344K
  class space    used 4632K, committed 4800K, reserved 1048576K
}
Event: 11.476 GC heap after
{Heap after GC invocations=29 (full 0):
 garbage-first heap   total 225280K, used 81605K [0x00000000c0000000, 0x0000000100000000)
  region size 1024K, 12 young (12288K), 12 survivors (12288K)
 Metaspace       used 35706K, committed 36096K, reserved 1081344K
  class space    used 4632K, committed 4800K, reserved 1048576K
}
Event: 11.576 GC heap before
{Heap before GC invocations=29 (full 0):
 garbage-first heap   total 225280K, used 177861K [0x00000000c0000000, 0x0000000100000000)
  region size 1024K, 107 young (109568K), 12 survivors (12288K)
 Metaspace       used 35706K, committed 36096K, reserved 1081344K
  class space    used 4632K, committed 4800K, reserved 1048576K
}
Event: 11.615 GC heap after
{Heap after GC invocations=30 (full 0):
 garbage-first heap   total 225280K, used 85007K [0x00000000c0000000, 0x0000000100000000)
  region size 1024K, 8 young (8192K), 8 survivors (8192K)
 Metaspace       used 35706K, committed 36096K, reserved 1081344K
  class space    used 4632K, committed 4800K, reserved 1048576K
}
Event: 11.725 GC heap before
{Heap before GC invocations=30 (full 0):
 garbage-first heap   total 225280K, used 182287K [0x00000000c0000000, 0x0000000100000000)
  region size 1024K, 104 young (106496K), 8 survivors (8192K)
 Metaspace       used 35706K, committed 36096K, reserved 1081344K
  class space    used 4632K, committed 4800K, reserved 1048576K
}
Event: 11.742 GC heap after
{Heap after GC invocations=31 (full 0):
 garbage-first heap   total 225280K, used 89786K [0x00000000c0000000, 0x0000000100000000)
  region size 1024K, 8 young (8192K), 8 survivors (8192K)
 Metaspace       used 35706K, committed 36096K, reserved 1081344K
  class space    used 4632K, committed 4800K, reserved 1048576K
}
Event: 11.863 GC heap before
{Heap before GC invocations=31 (full 0):
 garbage-first heap   total 225280K, used 185018K [0x00000000c0000000, 0x0000000100000000)
  region size 1024K, 102 young (104448K), 8 survivors (8192K)
 Metaspace       used 35706K, committed 36096K, reserved 1081344K
  class space    used 4632K, committed 4800K, reserved 1048576K
}

Dll operation events (8 events):
Event: 0.019 Loaded shared library c:\Users\selen\.vscode\extensions\redhat.java-1.15.0-win32-x64\jre\17.0.6-win32-x86_64\bin\java.dll
Event: 0.487 Loaded shared library C:\Users\selen\.vscode\extensions\redhat.java-1.15.0-win32-x64\jre\17.0.6-win32-x86_64\bin\net.dll
Event: 0.504 Loaded shared library C:\Users\selen\.vscode\extensions\redhat.java-1.15.0-win32-x64\jre\17.0.6-win32-x86_64\bin\nio.dll
Event: 0.528 Loaded shared library C:\Users\selen\.vscode\extensions\redhat.java-1.15.0-win32-x64\jre\17.0.6-win32-x86_64\bin\zip.dll
Event: 0.869 Loaded shared library C:\Users\selen\.vscode\extensions\redhat.java-1.15.0-win32-x64\jre\17.0.6-win32-x86_64\bin\jimage.dll
Event: 1.365 Loaded shared library c:\Users\selen\.vscode\extensions\redhat.java-1.15.0-win32-x64\jre\17.0.6-win32-x86_64\bin\verify.dll
Event: 7.002 Loaded shared library C:\Users\selen\.vscode\extensions\redhat.java-1.15.0-win32-x64\jre\17.0.6-win32-x86_64\bin\management.dll
Event: 7.011 Loaded shared library C:\Users\selen\.vscode\extensions\redhat.java-1.15.0-win32-x64\jre\17.0.6-win32-x86_64\bin\management_ext.dll

Deoptimization events (12 events):
Event: 4.256 Thread 0x00000199cb404bd0 DEOPT PACKING pc=0x00000199ce50d299 sp=0x00000032251fd780
Event: 4.256 Thread 0x00000199cb404bd0 DEOPT UNPACKING pc=0x00000199ce0e7143 sp=0x00000032251fcc60 mode 3
Event: 7.000 Thread 0x00000199cb404bd0 DEOPT PACKING pc=0x00000199ce61851d sp=0x00000032251fd590
Event: 7.000 Thread 0x00000199cb404bd0 DEOPT UNPACKING pc=0x00000199ce0e7143 sp=0x00000032251fcaa8 mode 3
Event: 7.540 Thread 0x00000199d799d050 DEOPT PACKING pc=0x00000199ce717b35 sp=0x0000003226cfd0a0
Event: 7.540 Thread 0x00000199d799d050 DEOPT UNPACKING pc=0x00000199ce0e7143 sp=0x0000003226cfc5c8 mode 3
Event: 7.580 Thread 0x00000199d796a030 DEOPT PACKING pc=0x00000199ce511c81 sp=0x0000003226bfdae0
Event: 7.580 Thread 0x00000199d796a030 DEOPT UNPACKING pc=0x00000199ce0e7143 sp=0x0000003226bfcf70 mode 3
Event: 7.582 Thread 0x00000199d799d050 DEOPT PACKING pc=0x00000199ce50b797 sp=0x0000003226cfed40
Event: 7.582 Thread 0x00000199d799d050 DEOPT UNPACKING pc=0x00000199ce0e7143 sp=0x0000003226cfe198 mode 3
Event: 7.749 Thread 0x00000199d79a3fa0 DEOPT PACKING pc=0x00000199ce732f2b sp=0x0000003226efe1d0
Event: 7.749 Thread 0x00000199d79a3fa0 DEOPT UNPACKING pc=0x00000199ce0e7143 sp=0x0000003226efd718 mode 3

Classes unloaded (0 events):
No events

Classes redefined (0 events):
No events

Internal exceptions (20 events):
Event: 7.924 Thread 0x00000199d7b58db0 Exception <a 'sun/nio/fs/WindowsException'{0x00000000c2a660b8}> (0x00000000c2a660b8) 
thrown [s\src\hotspot\share\prims\jni.cpp, line 516]
Event: 7.924 Thread 0x00000199d7b58db0 Exception <a 'sun/nio/fs/WindowsException'{0x00000000c2a66488}> (0x00000000c2a66488) 
thrown [s\src\hotspot\share\prims\jni.cpp, line 516]
Event: 7.924 Thread 0x00000199d7b58db0 Exception <a 'sun/nio/fs/WindowsException'{0x00000000c2a66ec0}> (0x00000000c2a66ec0) 
thrown [s\src\hotspot\share\prims\jni.cpp, line 516]
Event: 7.924 Thread 0x00000199d7b58db0 Exception <a 'sun/nio/fs/WindowsException'{0x00000000c2a672c8}> (0x00000000c2a672c8) 
thrown [s\src\hotspot\share\prims\jni.cpp, line 516]
Event: 7.924 Thread 0x00000199d7b58db0 Exception <a 'sun/nio/fs/WindowsException'{0x00000000c2a67cd8}> (0x00000000c2a67cd8) 
thrown [s\src\hotspot\share\prims\jni.cpp, line 516]
Event: 7.924 Thread 0x00000199d7b58db0 Exception <a 'sun/nio/fs/WindowsException'{0x00000000c2a680b0}> (0x00000000c2a680b0) 
thrown [s\src\hotspot\share\prims\jni.cpp, line 516]
Event: 7.925 Thread 0x00000199d7b58db0 Exception <a 'sun/nio/fs/WindowsException'{0x00000000c2a68a98}> (0x00000000c2a68a98) 
thrown [s\src\hotspot\share\prims\jni.cpp, line 516]
Event: 7.925 Thread 0x00000199d7b58db0 Exception <a 'sun/nio/fs/WindowsException'{0x00000000c2a68e38}> (0x00000000c2a68e38) 
thrown [s\src\hotspot\share\prims\jni.cpp, line 516]
Event: 7.925 Thread 0x00000199d7b58db0 Exception <a 'sun/nio/fs/WindowsException'{0x00000000c2a69830}> (0x00000000c2a69830) 
thrown [s\src\hotspot\share\prims\jni.cpp, line 516]
Event: 7.925 Thread 0x00000199d7b58db0 Exception <a 'sun/nio/fs/WindowsException'{0x00000000c2ac6268}> (0x00000000c2ac6268) 
thrown [s\src\hotspot\share\prims\jni.cpp, line 516]
Event: 7.927 Thread 0x00000199d7b58db0 Exception <a 'sun/nio/fs/WindowsException'{0x00000000c2ac6c50}> (0x00000000c2ac6c50) 
thrown [s\src\hotspot\share\prims\jni.cpp, line 516]
Event: 7.933 Thread 0x00000199d7b58db0 Exception <a 'sun/nio/fs/WindowsException'{0x00000000c2ac6ff8}> (0x00000000c2ac6ff8) 
thrown [s\src\hotspot\share\prims\jni.cpp, line 516]
Event: 7.939 Thread 0x00000199d7b58db0 Exception <a 'sun/nio/fs/WindowsException'{0x00000000c2ac79f0}> (0x00000000c2ac79f0) 
thrown [s\src\hotspot\share\prims\jni.cpp, line 516]
Event: 7.940 Thread 0x00000199d7b58db0 Exception <a 'sun/nio/fs/WindowsException'{0x00000000c2ac7da8}> (0x00000000c2ac7da8) 
thrown [s\src\hotspot\share\prims\jni.cpp, line 516]
Event: 7.940 Thread 0x00000199d7b58db0 Exception <a 'sun/nio/fs/WindowsException'{0x00000000c2ac87b8}> (0x00000000c2ac87b8) 
thrown [s\src\hotspot\share\prims\jni.cpp, line 516]
Event: 7.940 Thread 0x00000199d7b58db0 Exception <a 'sun/nio/fs/WindowsException'{0x00000000c2ac8b90}> (0x00000000c2ac8b90) 
thrown [s\src\hotspot\share\prims\jni.cpp, line 516]
Event: 7.940 Thread 0x00000199d7b58db0 Exception <a 'sun/nio/fs/WindowsException'{0x00000000c2ac95b8}> (0x00000000c2ac95b8) 
thrown [s\src\hotspot\share\prims\jni.cpp, line 516]
Event: 7.941 Thread 0x00000199d7b58db0 Exception <a 'sun/nio/fs/WindowsException'{0x00000000c2ac99a8}> (0x00000000c2ac99a8) 
thrown [s\src\hotspot\share\prims\jni.cpp, line 516]
Event: 7.941 Thread 0x00000199d7b58db0 Exception <a 'sun/nio/fs/WindowsException'{0x00000000c2aca3c8}> (0x00000000c2aca3c8) 
thrown [s\src\hotspot\share\prims\jni.cpp, line 516]
Event: 7.941 Thread 0x00000199d7b58db0 Exception <a 'sun/nio/fs/WindowsException'{0x00000000c2aca7b0}> (0x00000000c2aca7b0) 
thrown [s\src\hotspot\share\prims\jni.cpp, line 516]

VM Operations (20 events):
Event: 10.609 Executing VM operation: G1CollectForAllocation done
Event: 10.623 Executing VM operation: G1CollectForAllocation
Event: 10.655 Executing VM operation: G1CollectForAllocation done
Event: 11.007 Executing VM operation: G1CollectForAllocation
Event: 11.012 Executing VM operation: G1CollectForAllocation done
Event: 11.326 Executing VM operation: G1CollectForAllocation
Event: 11.337 Executing VM operation: G1CollectForAllocation done
Event: 11.454 Executing VM operation: G1CollectForAllocation
Event: 11.455 Executing VM operation: G1CollectForAllocation done
Event: 11.455 Executing VM operation: G1CollectForAllocation
Event: 11.476 Executing VM operation: G1CollectForAllocation done
Event: 11.576 Executing VM operation: G1CollectForAllocation
Event: 11.576 Executing VM operation: G1CollectForAllocation done
Event: 11.576 Executing VM operation: G1CollectForAllocation
Event: 11.615 Executing VM operation: G1CollectForAllocation done
Event: 11.725 Executing VM operation: G1CollectForAllocation
Event: 11.743 Executing VM operation: G1CollectForAllocation done
Event: 11.863 Executing VM operation: G1CollectForAllocation
Event: 11.863 Executing VM operation: G1CollectForAllocation done
Event: 11.863 Executing VM operation: G1CollectForAllocation

Events (20 events):
Event: 8.279 loading class java/util/stream/Collectors$1PairBox done
Event: 8.280 loading class java/util/concurrent/locks/AbstractQueuedSynchronizer$SharedNode
Event: 8.280 loading class java/util/concurrent/locks/AbstractQueuedSynchronizer$SharedNode done
Event: 8.280 loading class jdk/internal/module/SystemModuleFinders$ModuleContentSpliterator
Event: 8.280 loading class jdk/internal/module/SystemModuleFinders$ModuleContentSpliterator done
Event: 8.280 loading class jdk/internal/jimage/ImageReader$Directory
Event: 8.280 loading class jdk/internal/jimage/ImageReader$Node
Event: 8.281 loading class jdk/internal/jimage/ImageReader$Node done
Event: 8.281 loading class jdk/internal/jimage/ImageReader$Directory done
Event: 8.281 loading class jdk/internal/jimage/ImageReader$SharedImageReader$LocationVisitor
Event: 8.281 loading class jdk/internal/jimage/ImageReader$SharedImageReader$LocationVisitor done
Event: 8.282 loading class java/nio/ByteBufferAsIntBufferL
Event: 8.283 loading class java/nio/ByteBufferAsIntBufferL done
Event: 8.284 loading class jdk/internal/jimage/ImageReader$Resource
Event: 8.284 loading class jdk/internal/jimage/ImageReader$Resource done
Event: 8.284 loading class java/util/stream/LongStream
Event: 8.285 loading class java/util/stream/LongStream done
Event: 8.285 loading class java/util/stream/DoubleStream
Event: 8.285 loading class java/util/stream/DoubleStream done
Event: 11.407 Thread 0x00000199d6b4d470 Thread exited: 0x00000199d6b4d470


Dynamic libraries:
0x00007ff77bce0000 - 0x00007ff77bcee000 	c:\Users\selen\.vscode\extensions\redhat.java-1.15.0-win32-x64\jre\17.0.6-win32-x86_64\bin\java.exe
0x00007ffbb43d0000 - 0x00007ffbb45c8000 	C:\WINDOWS\SYSTEM32\ntdll.dll
0x00007ffbb37d0000 - 0x00007ffbb388f000 	C:\WINDOWS\System32\KERNEL32.DLL
0x00007ffbb1ed0000 - 0x00007ffbb21a2000 	C:\WINDOWS\System32\KERNELBASE.dll
0x00007ffbb1ac0000 - 0x00007ffbb1bc0000 	C:\WINDOWS\System32\ucrtbase.dll
0x00007ffba8c90000 - 0x00007ffba8ca9000 	c:\Users\selen\.vscode\extensions\redhat.java-1.15.0-win32-x64\jre\17.0.6-win32-x86_64\bin\VCRUNTIME140.dll
0x00007ffb9c730000 - 0x00007ffb9c747000 	c:\Users\selen\.vscode\extensions\redhat.java-1.15.0-win32-x64\jre\17.0.6-win32-x86_64\bin\jli.dll
0x00007ffbb30a0000 - 0x00007ffbb3241000 	C:\WINDOWS\System32\USER32.dll
0x00007ffbb2240000 - 0x00007ffbb2262000 	C:\WINDOWS\System32\win32u.dll
0x00007ffb9af10000 - 0x00007ffb9b1aa000 	C:\WINDOWS\WinSxS\amd64_microsoft.windows.common-controls_6595b64144ccf1df_6.0.19041.1110_none_60b5254171f9507e\COMCTL32.dll
0x00007ffbb3890000 - 0x00007ffbb392e000 	C:\WINDOWS\System32\msvcrt.dll
0x00007ffbb34d0000 - 0x00007ffbb34fb000 	C:\WINDOWS\System32\GDI32.dll
0x00007ffbb1d90000 - 0x00007ffbb1e9f000 	C:\WINDOWS\System32\gdi32full.dll
0x00007ffbb2370000 - 0x00007ffbb240d000 	C:\WINDOWS\System32\msvcp_win.dll
0x00007ffbb29d0000 - 0x00007ffbb2a02000 	C:\WINDOWS\System32\IMM32.DLL
0x00007ffbabee0000 - 0x00007ffbabeec000 	c:\Users\selen\.vscode\extensions\redhat.java-1.15.0-win32-x64\jre\17.0.6-win32-x86_64\bin\vcruntime140_1.dll
0x00007ffb83390000 - 0x00007ffb83421000 	c:\Users\selen\.vscode\extensions\redhat.java-1.15.0-win32-x64\jre\17.0.6-win32-x86_64\bin\msvcp140.dll
0x00007ffb73140000 - 0x00007ffb73d87000 	c:\Users\selen\.vscode\extensions\redhat.java-1.15.0-win32-x64\jre\17.0.6-win32-x86_64\bin\server\jvm.dll
0x00007ffbb2e90000 - 0x00007ffbb2f3e000 	C:\WINDOWS\System32\ADVAPI32.dll
0x00007ffbb35b0000 - 0x00007ffbb364c000 	C:\WINDOWS\System32\sechost.dll
0x00007ffbb2540000 - 0x00007ffbb2665000 	C:\WINDOWS\System32\RPCRT4.dll
0x00007ffba6490000 - 0x00007ffba6499000 	C:\WINDOWS\SYSTEM32\WSOCK32.dll
0x00007ffbb3460000 - 0x00007ffbb34cb000 	C:\WINDOWS\System32\WS2_32.dll
0x00007ffb98890000 - 0x00007ffb988b7000 	C:\WINDOWS\SYSTEM32\WINMM.dll
0x00007ffbab7c0000 - 0x00007ffbab7ca000 	C:\WINDOWS\SYSTEM32\VERSION.dll
0x00007ffbaf980000 - 0x00007ffbaf992000 	C:\WINDOWS\SYSTEM32\kernel.appcore.dll
0x00007ffba8b30000 - 0x00007ffba8b3a000 	c:\Users\selen\.vscode\extensions\redhat.java-1.15.0-win32-x64\jre\17.0.6-win32-x86_64\bin\jimage.dll
0x00007ffba9380000 - 0x00007ffba9564000 	C:\WINDOWS\SYSTEM32\DBGHELP.DLL
0x00007ffba8e70000 - 0x00007ffba8ea5000 	C:\WINDOWS\SYSTEM32\dbgcore.DLL
0x00007ffbb21b0000 - 0x00007ffbb2232000 	C:\WINDOWS\System32\bcryptPrimitives.dll
0x00007ffb9b5f0000 - 0x00007ffb9b615000 	c:\Users\selen\.vscode\extensions\redhat.java-1.15.0-win32-x64\jre\17.0.6-win32-x86_64\bin\java.dll
0x00007ffb9b5d0000 - 0x00007ffb9b5e8000 	c:\Users\selen\.vscode\extensions\redhat.java-1.15.0-win32-x64\jre\17.0.6-win32-x86_64\bin\zip.dll
0x00007ffbb3bd0000 - 0x00007ffbb4315000 	C:\WINDOWS\System32\SHELL32.dll
0x00007ffbafb80000 - 0x00007ffbb0312000 	C:\WINDOWS\SYSTEM32\windows.storage.dll
0x00007ffbb2670000 - 0x00007ffbb29c5000 	C:\WINDOWS\System32\combase.dll
0x00007ffbb1520000 - 0x00007ffbb1550000 	C:\WINDOWS\SYSTEM32\Wldp.dll
0x00007ffbb2f60000 - 0x00007ffbb300d000 	C:\WINDOWS\System32\SHCORE.dll
0x00007ffbb3770000 - 0x00007ffbb37c5000 	C:\WINDOWS\System32\shlwapi.dll
0x00007ffbb1a00000 - 0x00007ffbb1a1f000 	C:\WINDOWS\SYSTEM32\profapi.dll
0x00007ffb94f30000 - 0x00007ffb94f49000 	C:\Users\selen\.vscode\extensions\redhat.java-1.15.0-win32-x64\jre\17.0.6-win32-x86_64\bin\net.dll
0x00007ffba8010000 - 0x00007ffba811c000 	C:\WINDOWS\SYSTEM32\WINHTTP.dll
0x00007ffbb1280000 - 0x00007ffbb12ea000 	C:\WINDOWS\system32\mswsock.dll
0x00007ffb94af0000 - 0x00007ffb94b05000 	C:\Users\selen\.vscode\extensions\redhat.java-1.15.0-win32-x64\jre\17.0.6-win32-x86_64\bin\nio.dll
0x00007ffba5c70000 - 0x00007ffba5c80000 	c:\Users\selen\.vscode\extensions\redhat.java-1.15.0-win32-x64\jre\17.0.6-win32-x86_64\bin\verify.dll
0x00007ffbb1470000 - 0x00007ffbb1488000 	C:\WINDOWS\SYSTEM32\CRYPTSP.dll
0x00007ffbb0b30000 - 0x00007ffbb0b64000 	C:\WINDOWS\system32\rsaenh.dll
0x00007ffbb1ea0000 - 0x00007ffbb1ec7000 	C:\WINDOWS\System32\bcrypt.dll
0x00007ffbb19c0000 - 0x00007ffbb19ee000 	C:\WINDOWS\SYSTEM32\USERENV.dll
0x00007ffbb1490000 - 0x00007ffbb149c000 	C:\WINDOWS\SYSTEM32\CRYPTBASE.dll
0x00007ffbb0f20000 - 0x00007ffbb0f5b000 	C:\WINDOWS\SYSTEM32\IPHLPAPI.DLL
0x00007ffbb4380000 - 0x00007ffbb4388000 	C:\WINDOWS\System32\NSI.dll
0x00007ffba82a0000 - 0x00007ffba82b7000 	C:\WINDOWS\SYSTEM32\dhcpcsvc6.DLL
0x00007ffba8b10000 - 0x00007ffba8b2d000 	C:\WINDOWS\SYSTEM32\dhcpcsvc.DLL
0x00007ffbb0f70000 - 0x00007ffbb103b000 	C:\WINDOWS\SYSTEM32\DNSAPI.dll
0x00007ffbac930000 - 0x00007ffbac939000 	C:\Users\selen\.vscode\extensions\redhat.java-1.15.0-win32-x64\jre\17.0.6-win32-x86_64\bin\management.dll
0x00007ffbabef0000 - 0x00007ffbabefb000 	C:\Users\selen\.vscode\extensions\redhat.java-1.15.0-win32-x64\jre\17.0.6-win32-x86_64\bin\management_ext.dll
0x00007ffbb3010000 - 0x00007ffbb3018000 	C:\WINDOWS\System32\PSAPI.DLL

dbghelp: loaded successfully - version: 4.0.5 - missing functions: none
symbol engine: initialized successfully - sym options: 0x614 - pdb path: .;c:\Users\selen\.vscode\extensions\redhat.java-1.15.0-win32-x64\jre\17.0.6-win32-x86_64\bin;C:\WINDOWS\SYSTEM32;C:\WINDOWS\WinSxS\amd64_microsoft.windows.common-controls_6595b64144ccf1df_6.0.19041.1110_none_60b5254171f9507e;c:\Users\selen\.vscode\extensions\redhat.java-1.15.0-win32-x64\jre\17.0.6-win32-x86_64\bin\server

VM Arguments:
jvm_args: -XX:+HeapDumpOnOutOfMemoryError -Xmx1024m -Dsts.lsp.client=vscode -Dsts.log.file=/dev/null -XX:TieredStopAtLevel=1 -Xlog:jni+resolve=off -Dspring.config.location=file:c:\Users\selen\.vscode\extensions\vmware.vscode-spring-boot-1.44.0\language-server\BOOT-INF\classes\application.properties 
java_command: org.springframework.ide.vscode.boot.app.BootLanguageServerBootApp
java_class_path (initial): c:\Users\selen\.vscode\extensions\vmware.vscode-spring-boot-1.44.0\language-server\BOOT-INF\classes;c:\Users\selen\.vscode\extensions\vmware.vscode-spring-boot-1.44.0\language-server\BOOT-INF\lib\annotations-24.0.0.jar;c:\Users\selen\.vscode\extensions\vmware.vscode-spring-boot-1.44.0\language-server\BOOT-INF\lib\ant-1.10.13.jar;c:\Users\selen\.vscode\extensions\vmware.vscode-spring-boot-1.44.0\language-server\BOOT-INF\lib\ant-launcher-1.10.13.jar;c:\Users\selen\.vscode\extensions\vmware.vscode-spring-boot-1.44.0\language-server\BOOT-INF\lib\antlr-runtime-3.5.2.jar;c:\Users\selen\.vscode\extensions\vmware.vscode-spring-boot-1.44.0\language-server\BOOT-INF\lib\antlr4-4.9.3.jar;c:\Users\selen\.vscode\extensions\vmware.vscode-spring-boot-1.44.0\language-server\BOOT-INF\lib\antlr4-runtime-4.9.3.jar;c:\Users\selen\.vscode\extensions\vmware.vscode-spring-boot-1.44.0\language-server\BOOT-INF\lib\apiguardian-api-1.1.2.jar;c:\Users\selen\.vscode\extensions\vmware.vscode-spring-boot-1.44.0\language-server\BOOT-INF\lib\asm-9.4.jar;c:\Users\selen\.vscode\extensions\vmware.vscode-spring-boot-1.44.0\language-server\BOOT-INF\lib\asm-analysis-9.4.jar;c:\Users\selen\.vscode\extensions\vmware.vscode-spring-boot-1.44.0\language-server\BOOT-INF\lib\asm-tree-9.4.jar;c:\Users\selen\.vscode\extensions\vmware.vscode-spring-boot-1.44.0\language-server\BOOT-INF\lib\asm-util-9.4.jar;c:\Users\selen\.vscode\extensions\vmware.vscode-spring-boot-1.44.0\language-server\BOOT-INF\lib\caffeine-3.1.2.jar;c:\Users\selen\.vscode\extensions\vmware.vscode-spring-boot-1.44.0\language-server\BOOT-INF\lib\checker-qual-3.12.0.jar;c:\Users\selen\.vscode\extensions\vmware.vscode-spring-boot-1.44.0\language-server\BOOT-INF\lib\ci-environment-9.1.0.jar;c:\Users\selen\.vscode\extensions\vmware.vscode-spring-boot-1.44.0\language-server\BOOT-INF\lib\classgraph-4.8.149.jar;c:\Users\selen\.vscode\extensions\vmware.vscode-spring-boot-1.44.0\language-server\BOOT-INF\lib\commons-codec-1.15.ja
Launcher Type: SUN_STANDARD

[Global flags]
     intx CICompilerCount                          = 3                                         {product} {ergonomic}
     uint ConcGCThreads                            = 1                                         {product} {ergonomic}
     uint G1ConcRefinementThreads                  = 4                                         {product} {ergonomic}
   size_t G1HeapRegionSize                         = 1048576                                   {product} {ergonomic}
    uintx GCDrainStackTargetSize                   = 64                                        {product} {ergonomic}
     bool HeapDumpOnOutOfMemoryError               = true                                   {manageable} {command line}
   size_t InitialHeapSize                          = 65011712                                  {product} {ergonomic}
   size_t MarkStackSize                            = 4194304                                   {product} {ergonomic}
   size_t MaxHeapSize                              = 1073741824                                {product} {command line}
   size_t MaxNewSize                               = 643825664                                 {product} {ergonomic}
   size_t MinHeapDeltaBytes                        = 1048576                                   {product} {ergonomic}
   size_t MinHeapSize                              = 8388608                                   {product} {ergonomic}
    uintx NonProfiledCodeHeapSize                  = 0                                      {pd product} {ergonomic}
     bool ProfileInterpreter                       = false                                  {pd product} {command line}
    uintx ProfiledCodeHeapSize                     = 0                                      {pd product} {ergonomic}
   size_t SoftMaxHeapSize                          = 1073741824                             {manageable} {ergonomic}
     intx TieredStopAtLevel                        = 1                                         {product} {command line}
     bool UseCompressedClassPointers               = true                           {product lp64_product} {ergonomic}
     bool UseCompressedOops                        = true                           {product lp64_product} {ergonomic}
     bool UseG1GC                                  = true                                      {product} {ergonomic}
     bool UseLargePagesIndividualAllocation        = false                                  {pd product} {ergonomic}

Logging:
Log output configuration:
 #0: stdout all=warning,jni+resolve=off uptime,level,tags
 #1: stderr all=off uptime,level,tags

Environment Variables:
JAVA_HOME=C:\Program Files\Java\jdk-19
PATH=C:\Program Files\Common Files\Oracle\Java\javapath;C:\Program Files (x86)\Common Files\Oracle\Java\javapath;C:\Python39\Scripts\;C:\Python39\;C:\WINDOWS\system32;C:\WINDOWS;C:\WINDOWS\System32\Wbem;C:\WINDOWS\System32\WindowsPowerShell\v1.0\;C:\WINDOWS\System32\OpenSSH\;C:\ProgramData\chocolatey\bin;D:\nodejs\;D:\geth;C:\Program Files\Java\jdk-19\bin;C:\Program Files\MySQL\MySQL Shell 8.0\bin\;C:\Users\selen\AppData\Local\Microsoft\WindowsApps;;D:\Microsoft VS Code\bin;C:\Users\selen\AppData\Roaming\npm
USERNAME=selen
OS=Windows_NT
PROCESSOR_IDENTIFIER=Intel64 Family 6 Model 142 Stepping 9, GenuineIntel
TMP=C:\Users\selen\AppData\Local\Temp
TEMP=C:\Users\selen\AppData\Local\Temp



---------------  S Y S T E M  ---------------

OS:
 Windows 10 , 64 bit Build 19041 (10.0.19041.2546)
OS uptime: 4 days 17:47 hours

CPU: total 4 (initial active 4) (2 cores per cpu, 2 threads per core) family 6 model 142 stepping 9 microcode 0xb4, cx8, cmov, fxsr, ht, mmx, 3dnowpref, sse, sse2, sse3, ssse3, sse4.1, sse4.2, popcnt, lzcnt, tsc, tscinvbit, avx, avx2, aes, erms, clmul, bmi1, bmi2, adx, fma, vzeroupper, clflush, clflushopt

Memory: 4k page, system-wide physical 3964M (82M free)
TotalPageFile size 16252M (AvailPageFile size 156M)
current process WorkingSet (physical memory assigned to process): 196M, peak: 209M
current process commit charge ("private bytes"): 347M, peak: 527M

vm_info: OpenJDK 64-Bit Server VM (17.0.6+10) for windows-amd64 JRE (17.0.6+10), built on Jan 18 2023 10:08:59 by "temurin" with MS VC++ 16.7 (VS2019)

END.
