#
# There is insufficient memory for the Java Runtime Environment to continue.
# Native memory allocation (mmap) failed to map 173015040 bytes for G1 virtual space
# Possible reasons:
#   The system is out of physical RAM or swap space
#   The process is running with CompressedOops enabled, and the Java Heap may be blocking the growth of the native heap
# Possible solutions:
#   Reduce memory load on the system
#   Increase physical memory or swap space
#   Check if swap backing store is full
#   Decrease Java heap size (-Xmx/-Xms)
#   Decrease number of Java threads
#   Decrease Java thread stack sizes (-Xss)
#   Set larger code cache with -XX:ReservedCodeCacheSize=
#   JVM is running with Unscaled Compressed Oops mode in which the Java heap is
#     placed in the first 4GB address space. The Java Heap base address is the
#     maximum limit for the native heap growth. Please use -XX:HeapBaseMinAddress
#     to set the Java Heap base and to place the Java Heap above 4GB virtual address.
# This output file may be truncated or incomplete.
#
#  Out of Memory Error (os_windows.cpp:3557), pid=9780, tid=3164
#
# JRE version: OpenJDK Runtime Environment Temurin-17.0.6+10 (17.0.6+10) (build 17.0.6+10)
# Java VM: OpenJDK 64-Bit Server VM Temurin-17.0.6+10 (17.0.6+10, mixed mode, emulated-client, tiered, compressed oops, compressed class ptrs, g1 gc, windows-amd64)
# No core dump will be written. Minidumps are not enabled by default on client versions of Windows
#

---------------  S U M M A R Y ------------

Command Line: -XX:+HeapDumpOnOutOfMemoryError -Xmx1024m -Dsts.lsp.client=vscode -Dsts.log.file=/dev/null -XX:TieredStopAtLevel=1 -Xlog:jni+resolve=off -Dspring.config.location=file:c:\Users\selen\.vscode\extensions\vmware.vscode-spring-boot-1.44.0\language-server\BOOT-INF\classes\application.properties org.springframework.ide.vscode.boot.app.BootLanguageServerBootApp

Host: Intel(R) Core(TM) i5-7200U CPU @ 2.50GHz, 4 cores, 3G,  Windows 10 , 64 bit Build 19041 (10.0.19041.2546)
Time: Wed Feb 22 13:11:43 2023  Windows 10 , 64 bit Build 19041 (10.0.19041.2546) elapsed time: 10.624089 seconds (0d 0h 0m 10s)

---------------  T H R E A D  ---------------

Current thread (0x0000021933b4e350):  VMThread "VM Thread" [stack: 0x0000005689200000,0x0000005689300000] [id=3164]

Stack: [0x0000005689200000,0x0000005689300000]
Native frames: (J=compiled Java code, j=interpreted, Vv=VM code, C=native code)
V  [jvm.dll+0x67741a]
V  [jvm.dll+0x834434]
V  [jvm.dll+0x835bde]
V  [jvm.dll+0x836243]
V  [jvm.dll+0x2457b5]
V  [jvm.dll+0x674329]
V  [jvm.dll+0x6689da]
V  [jvm.dll+0x30489b]
V  [jvm.dll+0x30bd96]
V  [jvm.dll+0x35b57e]
V  [jvm.dll+0x35b7af]
V  [jvm.dll+0x2db778]
V  [jvm.dll+0x2d9a2c]
V  [jvm.dll+0x2d8ffc]
V  [jvm.dll+0x31cdcb]
V  [jvm.dll+0x83a6eb]
V  [jvm.dll+0x83b424]
V  [jvm.dll+0x83b93c]
V  [jvm.dll+0x83bd14]
V  [jvm.dll+0x83bde0]
V  [jvm.dll+0x7e483a]
V  [jvm.dll+0x6762c5]
C  [ucrtbase.dll+0x21bb2]
C  [KERNEL32.DLL+0x17614]
C  [ntdll.dll+0x526a1]

VM_Operation (0x000000568affe0f0): G1CollectForAllocation, mode: safepoint, requested by thread 0x0000021940116250


---------------  P R O C E S S  ---------------

Threads class SMR info:
_java_thread_list=0x000002193febb520, length=28, elements={
0x000002193e0c5b60, 0x000002193e0c69d0, 0x000002193e11c010, 0x000002193e0f3470,
0x000002193e0f4d40, 0x000002193e0f5600, 0x000002193e0f5f70, 0x000002193e148f20,
0x000002193edb9a60, 0x000002193edbf050, 0x000002193edbf520, 0x000002193fc5a050,
0x000002193ff81310, 0x00000219400367c0, 0x000002194002a020, 0x0000021933a829c0,
0x000002193fff42d0, 0x000002193ffb2370, 0x000002193f62fa30, 0x00000219401153e0,
0x0000021940113bd0, 0x0000021940116720, 0x0000021940114570, 0x00000219401140a0,
0x0000021940113700, 0x0000021940116250, 0x0000021940114a40, 0x0000021940115d80
}

Java Threads: ( => current thread )
  0x000002193e0c5b60 JavaThread "Reference Handler" daemon [_thread_blocked, id=4884, stack(0x0000005689300000,0x0000005689400000)]
  0x000002193e0c69d0 JavaThread "Finalizer" daemon [_thread_blocked, id=3608, stack(0x0000005689400000,0x0000005689500000)]
  0x000002193e11c010 JavaThread "Signal Dispatcher" daemon [_thread_blocked, id=14028, stack(0x0000005689500000,0x0000005689600000)]
  0x000002193e0f3470 JavaThread "Attach Listener" daemon [_thread_blocked, id=10248, stack(0x0000005689600000,0x0000005689700000)]
  0x000002193e0f4d40 JavaThread "Service Thread" daemon [_thread_blocked, id=13456, stack(0x0000005689700000,0x0000005689800000)]
  0x000002193e0f5600 JavaThread "Monitor Deflation Thread" daemon [_thread_blocked, id=12476, stack(0x0000005689800000,0x0000005689900000)]
  0x000002193e0f5f70 JavaThread "C1 CompilerThread0" daemon [_thread_blocked, id=13716, stack(0x0000005689900000,0x0000005689a00000)]
  0x000002193e148f20 JavaThread "Sweeper thread" daemon [_thread_blocked, id=16152, stack(0x0000005689a00000,0x0000005689b00000)]
  0x000002193edb9a60 JavaThread "C1 CompilerThread1" daemon [_thread_blocked, id=3056, stack(0x0000005689b00000,0x0000005689c00000)]
  0x000002193edbf050 JavaThread "Notification Thread" daemon [_thread_blocked, id=11292, stack(0x0000005689c00000,0x0000005689d00000)]
  0x000002193edbf520 JavaThread "Common-Cleaner" daemon [_thread_blocked, id=10996, stack(0x0000005689e00000,0x0000005689f00000)]
  0x000002193fc5a050 JavaThread "boundedElastic-evictor-1" daemon [_thread_blocked, id=9680, stack(0x000000568a200000,0x000000568a300000)]
  0x000002193ff81310 JavaThread "boundedElastic-evictor-2" daemon [_thread_blocked, id=6636, stack(0x000000568a300000,0x000000568a400000)]
  0x00000219400367c0 JavaThread "pool-10-thread-1" [_thread_blocked, id=1740, stack(0x000000568a400000,0x000000568a500000)]
  0x000002194002a020 JavaThread "LanguageServerApp-lifecycle" [_thread_blocked, id=15920, stack(0x000000568a500000,0x000000568a600000)]
  0x0000021933a829c0 JavaThread "DestroyJavaVM" [_thread_blocked, id=9716, stack(0x0000005688c00000,0x0000005688d00000)]
  0x000002193fff42d0 JavaThread "pool-11-thread-1" [_thread_in_native, id=13668, stack(0x000000568a600000,0x000000568a700000)]
  0x000002193ffb2370 JavaThread "Simple-Language-Server main thread" daemon [_thread_blocked, id=10152, stack(0x000000568a700000,0x000000568a800000)]
  0x000002193f62fa30 JavaThread "pool-6-thread-1" [_thread_blocked, id=16732, stack(0x000000568a800000,0x000000568a900000)]
  0x00000219401153e0 JavaThread "ForkJoinPool.commonPool-worker-1" daemon [_thread_blocked, id=9944, stack(0x000000568a900000,0x000000568aa00000)]
  0x0000021940113bd0 JavaThread "ClassGraph-worker-0" daemon [_thread_blocked, id=3792, stack(0x000000568aa00000,0x000000568ab00000)]
  0x0000021940116720 JavaThread "ClassGraph-worker-1" daemon [_thread_blocked, id=15980, stack(0x000000568ab00000,0x000000568ac00000)]
  0x0000021940114570 JavaThread "ClassGraph-worker-2" daemon [_thread_blocked, id=12456, stack(0x000000568ac00000,0x000000568ad00000)]
  0x00000219401140a0 JavaThread "ClassGraph-worker-3" daemon [_thread_blocked, id=16644, stack(0x000000568ad00000,0x000000568ae00000)]
  0x0000021940113700 JavaThread "ClassGraph-worker-4" daemon [_thread_blocked, id=9404, stack(0x000000568ae00000,0x000000568af00000)]
  0x0000021940116250 JavaThread "ClassGraph-worker-5" daemon [_thread_blocked, id=5356, stack(0x000000568af00000,0x000000568b000000)]
  0x0000021940114a40 JavaThread "ClassGraph-worker-6" daemon [_thread_blocked, id=1368, stack(0x000000568b000000,0x000000568b100000)]
  0x0000021940115d80 JavaThread "ClassGraph-worker-7" daemon [_thread_blocked, id=2308, stack(0x000000568b100000,0x000000568b200000)]

Other Threads:
=>0x0000021933b4e350 VMThread "VM Thread" [stack: 0x0000005689200000,0x0000005689300000] [id=3164]
  0x000002193e06d6d0 WatcherThread [stack: 0x0000005689d00000,0x0000005689e00000] [id=7100]
  0x0000021933ac32e0 GCTaskThread "GC Thread#0" [stack: 0x0000005688d00000,0x0000005688e00000] [id=8316]
  0x000002193f57ebe0 GCTaskThread "GC Thread#1" [stack: 0x0000005689f00000,0x000000568a000000] [id=11148]
  0x000002193f590c90 GCTaskThread "GC Thread#2" [stack: 0x000000568a000000,0x000000568a100000] [id=6640]
  0x000002193f7dfc60 GCTaskThread "GC Thread#3" [stack: 0x000000568a100000,0x000000568a200000] [id=8112]
  0x0000021933acc220 ConcurrentGCThread "G1 Main Marker" [stack: 0x0000005688e00000,0x0000005688f00000] [id=6260]
  0x0000021933accc30 ConcurrentGCThread "G1 Conc#0" [stack: 0x0000005688f00000,0x0000005689000000] [id=16188]
  0x0000021933b09cc0 ConcurrentGCThread "G1 Refine#0" [stack: 0x0000005689000000,0x0000005689100000] [id=5068]
  0x0000021940429860 ConcurrentGCThread "G1 Refine#1" [stack: 0x000000568b200000,0x000000568b300000] [id=3784]
  0x00000219426568b0 ConcurrentGCThread "G1 Refine#2" [stack: 0x000000568b300000,0x000000568b400000] [id=6176]
  0x0000021933b0b6f0 ConcurrentGCThread "G1 Service" [stack: 0x0000005689100000,0x0000005689200000] [id=1724]

Threads with active compile tasks:

VM state: at safepoint (normal execution)

VM Mutex/Monitor currently owned by a thread:  ([mutex/lock_event])
[0x0000021931909650] Threads_lock - owner thread: 0x0000021933b4e350
[0x00000219319cd1a0] Heap_lock - owner thread: 0x0000021940116250

Heap address: 0x00000000c0000000, size: 1024 MB, Compressed Oops mode: 32-bit

CDS archive(s) not mapped
Compressed class space mapped at: 0x0000000100000000-0x0000000140000000, reserved size: 1073741824
Narrow klass base: 0x0000000000000000, Narrow klass shift: 3, Narrow klass range: 0x140000000

GC Precious Log:
 CPUs: 4 total, 4 available
 Memory: 3964M
 Large Page Support: Disabled
 NUMA Support: Disabled
 Compressed Oops: Enabled (32-bit)
 Heap Region Size: 1M
 Heap Min Capacity: 8M
 Heap Initial Capacity: 62M
 Heap Max Capacity: 1G
 Pre-touch: Disabled
 Parallel Workers: 4
 Concurrent Workers: 1
 Concurrent Refinement Workers: 4
 Periodic GC: Disabled

Heap:
 garbage-first heap   total 310272K, used 88987K [0x00000000c0000000, 0x0000000100000000)
  region size 1024K, 9 young (9216K), 9 survivors (9216K)
 Metaspace       used 35706K, committed 36096K, reserved 1081344K
  class space    used 4632K, committed 4800K, reserved 1048576K

Heap Regions: E=young(eden), S=young(survivor), O=old, HS=humongous(starts), HC=humongous(continues), CS=collection set, F=free, OA=open archive, CA=closed archive, TAMS=top-at-mark-start (previous, next)
|   0|0x00000000c0000000, 0x00000000c0100000, 0x00000000c0100000|100%| O|  |TAMS 0x00000000c0100000, 0x00000000c0100000| Untracked 
|   1|0x00000000c0100000, 0x00000000c0200000, 0x00000000c0200000|100%| O|  |TAMS 0x00000000c0200000, 0x00000000c0200000| Untracked 
|   2|0x00000000c0200000, 0x00000000c0300000, 0x00000000c0300000|100%| O|  |TAMS 0x00000000c0300000, 0x00000000c0300000| Untracked 
|   3|0x00000000c0300000, 0x00000000c0400000, 0x00000000c0400000|100%| O|  |TAMS 0x00000000c0400000, 0x00000000c0400000| Untracked 
|   4|0x00000000c0400000, 0x00000000c0500000, 0x00000000c0500000|100%| O|  |TAMS 0x00000000c0500000, 0x00000000c0500000| Untracked 
|   5|0x00000000c0500000, 0x00000000c0600000, 0x00000000c0600000|100%| O|  |TAMS 0x00000000c0600000, 0x00000000c0600000| Untracked 
|   6|0x00000000c0600000, 0x00000000c0700000, 0x00000000c0700000|100%| O|  |TAMS 0x00000000c0700000, 0x00000000c0700000| Untracked 
|   7|0x00000000c0700000, 0x00000000c0800000, 0x00000000c0800000|100%| O|  |TAMS 0x00000000c0800000, 0x00000000c0800000| Untracked 
|   8|0x00000000c0800000, 0x00000000c0900000, 0x00000000c0900000|100%| O|  |TAMS 0x00000000c0900000, 0x00000000c0900000| Untracked 
|   9|0x00000000c0900000, 0x00000000c0a00000, 0x00000000c0a00000|100%| O|  |TAMS 0x00000000c0a00000, 0x00000000c0a00000| Untracked 
|  10|0x00000000c0a00000, 0x00000000c0b00000, 0x00000000c0b00000|100%| O|  |TAMS 0x00000000c0b00000, 0x00000000c0b00000| Untracked 
|  11|0x00000000c0b00000, 0x00000000c0c00000, 0x00000000c0c00000|100%| O|  |TAMS 0x00000000c0c00000, 0x00000000c0c00000| Untracked 
|  12|0x00000000c0c00000, 0x00000000c0d00000, 0x00000000c0d00000|100%| O|  |TAMS 0x00000000c0d00000, 0x00000000c0d00000| Untracked 
|  13|0x00000000c0d00000, 0x00000000c0e00000, 0x00000000c0e00000|100%| O|  |TAMS 0x00000000c0e00000, 0x00000000c0e00000| Untracked 
|  14|0x00000000c0e00000, 0x00000000c0f00000, 0x00000000c0f00000|100%| O|  |TAMS 0x00000000c0f00000, 0x00000000c0f00000| Untracked 
|  15|0x00000000c0f00000, 0x00000000c1000000, 0x00000000c1000000|100%|HS|  |TAMS 0x00000000c0f00000, 0x00000000c1000000| Complete 
|  16|0x00000000c1000000, 0x00000000c1100000, 0x00000000c1100000|100%| O|  |TAMS 0x00000000c1100000, 0x00000000c1100000| Untracked 
|  17|0x00000000c1100000, 0x00000000c1200000, 0x00000000c1200000|100%| O|  |TAMS 0x00000000c1200000, 0x00000000c1200000| Untracked 
|  18|0x00000000c1200000, 0x00000000c1300000, 0x00000000c1300000|100%| O|  |TAMS 0x00000000c1300000, 0x00000000c1300000| Untracked 
|  19|0x00000000c1300000, 0x00000000c1400000, 0x00000000c1400000|100%| O|  |TAMS 0x00000000c1400000, 0x00000000c1400000| Untracked 
|  20|0x00000000c1400000, 0x00000000c1500000, 0x00000000c1500000|100%| O|  |TAMS 0x00000000c1500000, 0x00000000c1500000| Untracked 
|  21|0x00000000c1500000, 0x00000000c1600000, 0x00000000c1600000|100%| O|  |TAMS 0x00000000c1600000, 0x00000000c1600000| Untracked 
|  22|0x00000000c1600000, 0x00000000c1700000, 0x00000000c1700000|100%| O|  |TAMS 0x00000000c1700000, 0x00000000c1700000| Untracked 
|  23|0x00000000c1700000, 0x00000000c1800000, 0x00000000c1800000|100%| O|  |TAMS 0x00000000c1800000, 0x00000000c1800000| Untracked 
|  24|0x00000000c1800000, 0x00000000c1900000, 0x00000000c1900000|100%| O|  |TAMS 0x00000000c1900000, 0x00000000c1900000| Untracked 
|  25|0x00000000c1900000, 0x00000000c1a00000, 0x00000000c1a00000|100%| O|  |TAMS 0x00000000c1a00000, 0x00000000c1a00000| Untracked 
|  26|0x00000000c1a00000, 0x00000000c1b00000, 0x00000000c1b00000|100%| O|  |TAMS 0x00000000c1b00000, 0x00000000c1b00000| Untracked 
|  27|0x00000000c1b00000, 0x00000000c1c00000, 0x00000000c1c00000|100%| O|  |TAMS 0x00000000c1c00000, 0x00000000c1c00000| Untracked 
|  28|0x00000000c1c00000, 0x00000000c1d00000, 0x00000000c1d00000|100%| O|  |TAMS 0x00000000c1d00000, 0x00000000c1d00000| Untracked 
|  29|0x00000000c1d00000, 0x00000000c1e00000, 0x00000000c1e00000|100%| O|  |TAMS 0x00000000c1e00000, 0x00000000c1e00000| Untracked 
|  30|0x00000000c1e00000, 0x00000000c1f00000, 0x00000000c1f00000|100%| O|  |TAMS 0x00000000c1f00000, 0x00000000c1f00000| Untracked 
|  31|0x00000000c1f00000, 0x00000000c2000000, 0x00000000c2000000|100%| O|  |TAMS 0x00000000c2000000, 0x00000000c2000000| Untracked 
|  32|0x00000000c2000000, 0x00000000c2100000, 0x00000000c2100000|100%| O|  |TAMS 0x00000000c2100000, 0x00000000c2100000| Untracked 
|  33|0x00000000c2100000, 0x00000000c2200000, 0x00000000c2200000|100%| O|  |TAMS 0x00000000c2200000, 0x00000000c2200000| Untracked 
|  34|0x00000000c2200000, 0x00000000c2300000, 0x00000000c2300000|100%| O|  |TAMS 0x00000000c2300000, 0x00000000c2300000| Untracked 
|  35|0x00000000c2300000, 0x00000000c2400000, 0x00000000c2400000|100%| O|  |TAMS 0x00000000c2400000, 0x00000000c2400000| Untracked 
|  36|0x00000000c2400000, 0x00000000c2500000, 0x00000000c2500000|100%| O|  |TAMS 0x00000000c2500000, 0x00000000c2500000| Untracked 
|  37|0x00000000c2500000, 0x00000000c2600000, 0x00000000c2600000|100%| O|  |TAMS 0x00000000c2600000, 0x00000000c2600000| Untracked 
|  38|0x00000000c2600000, 0x00000000c2700000, 0x00000000c2700000|100%| O|  |TAMS 0x00000000c2700000, 0x00000000c2700000| Untracked 
|  39|0x00000000c2700000, 0x00000000c2800000, 0x00000000c2800000|100%| O|  |TAMS 0x00000000c2800000, 0x00000000c2800000| Untracked 
|  40|0x00000000c2800000, 0x00000000c2900000, 0x00000000c2900000|100%| O|  |TAMS 0x00000000c2800000, 0x00000000c2900000| Untracked 
|  41|0x00000000c2900000, 0x00000000c2a00000, 0x00000000c2a00000|100%| O|  |TAMS 0x00000000c2a00000, 0x00000000c2a00000| Untracked 
|  42|0x00000000c2a00000, 0x00000000c2b00000, 0x00000000c2b00000|100%| O|  |TAMS 0x00000000c2b00000, 0x00000000c2b00000| Untracked 
|  43|0x00000000c2b00000, 0x00000000c2c00000, 0x00000000c2c00000|100%| O|  |TAMS 0x00000000c2b00000, 0x00000000c2c00000| Untracked 
|  44|0x00000000c2c00000, 0x00000000c2d00000, 0x00000000c2d00000|100%| O|  |TAMS 0x00000000c2d00000, 0x00000000c2d00000| Untracked 
|  45|0x00000000c2d00000, 0x00000000c2e00000, 0x00000000c2e00000|100%| O|  |TAMS 0x00000000c2e00000, 0x00000000c2e00000| Untracked 
|  46|0x00000000c2e00000, 0x00000000c2f00000, 0x00000000c2f00000|100%| O|  |TAMS 0x00000000c2f00000, 0x00000000c2f00000| Untracked 
|  47|0x00000000c2f00000, 0x00000000c3000000, 0x00000000c3000000|100%| O|  |TAMS 0x00000000c3000000, 0x00000000c3000000| Untracked 
|  48|0x00000000c3000000, 0x00000000c3100000, 0x00000000c3100000|100%| O|  |TAMS 0x00000000c3100000, 0x00000000c3100000| Untracked 
|  49|0x00000000c3100000, 0x00000000c3200000, 0x00000000c3200000|100%| O|  |TAMS 0x00000000c3200000, 0x00000000c3200000| Untracked 
|  50|0x00000000c3200000, 0x00000000c3300000, 0x00000000c3300000|100%| O|  |TAMS 0x00000000c3300000, 0x00000000c3300000| Untracked 
|  51|0x00000000c3300000, 0x00000000c3400000, 0x00000000c3400000|100%| O|  |TAMS 0x00000000c3400000, 0x00000000c3400000| Untracked 
|  52|0x00000000c3400000, 0x00000000c3500000, 0x00000000c3500000|100%| O|  |TAMS 0x00000000c3500000, 0x00000000c3500000| Untracked 
|  53|0x00000000c3500000, 0x00000000c3600000, 0x00000000c3600000|100%| O|  |TAMS 0x00000000c3600000, 0x00000000c3600000| Untracked 
|  54|0x00000000c3600000, 0x00000000c3700000, 0x00000000c3700000|100%| O|  |TAMS 0x00000000c3700000, 0x00000000c3700000| Untracked 
|  55|0x00000000c3700000, 0x00000000c3800000, 0x00000000c3800000|100%| O|  |TAMS 0x00000000c3800000, 0x00000000c3800000| Untracked 
|  56|0x00000000c3800000, 0x00000000c3900000, 0x00000000c3900000|100%| O|  |TAMS 0x00000000c3800000, 0x00000000c3900000| Untracked 
|  57|0x00000000c3900000, 0x00000000c3a00000, 0x00000000c3a00000|100%| O|  |TAMS 0x00000000c3900000, 0x00000000c3a00000| Untracked 
|  58|0x00000000c3a00000, 0x00000000c3b00000, 0x00000000c3b00000|100%| O|  |TAMS 0x00000000c3a00000, 0x00000000c3b00000| Untracked 
|  59|0x00000000c3b00000, 0x00000000c3c00000, 0x00000000c3c00000|100%| O|  |TAMS 0x00000000c3b00000, 0x00000000c3c00000| Untracked 
|  60|0x00000000c3c00000, 0x00000000c3d00000, 0x00000000c3d00000|100%| O|  |TAMS 0x00000000c3c00000, 0x00000000c3d00000| Untracked 
|  61|0x00000000c3d00000, 0x00000000c3e00000, 0x00000000c3e00000|100%| O|  |TAMS 0x00000000c3d00000, 0x00000000c3e00000| Untracked 
|  62|0x00000000c3e00000, 0x00000000c3f00000, 0x00000000c3f00000|100%| O|  |TAMS 0x00000000c3e00000, 0x00000000c3f00000| Untracked 
|  63|0x00000000c3f00000, 0x00000000c4000000, 0x00000000c4000000|100%| O|  |TAMS 0x00000000c3f00000, 0x00000000c4000000| Untracked 
|  64|0x00000000c4000000, 0x00000000c40df200, 0x00000000c4100000| 87%| O|  |TAMS 0x00000000c4000000, 0x00000000c40df200| Untracked 
|  65|0x00000000c4100000, 0x00000000c4200000, 0x00000000c4200000|100%| O|  |TAMS 0x00000000c4100000, 0x00000000c4200000| Untracked 
|  66|0x00000000c4200000, 0x00000000c4300000, 0x00000000c4300000|100%| O|  |TAMS 0x00000000c4200000, 0x00000000c4300000| Untracked 
|  67|0x00000000c4300000, 0x00000000c4400000, 0x00000000c4400000|100%| O|  |TAMS 0x00000000c4300000, 0x00000000c4400000| Untracked 
|  68|0x00000000c4400000, 0x00000000c4500000, 0x00000000c4500000|100%| O|  |TAMS 0x00000000c4400000, 0x00000000c4500000| Untracked 
|  69|0x00000000c4500000, 0x00000000c4600000, 0x00000000c4600000|100%| O|  |TAMS 0x00000000c4500000, 0x00000000c4600000| Untracked 
|  70|0x00000000c4600000, 0x00000000c4700000, 0x00000000c4700000|100%| O|  |TAMS 0x00000000c4600000, 0x00000000c4646400| Untracked 
|  71|0x00000000c4700000, 0x00000000c4800000, 0x00000000c4800000|100%| O|  |TAMS 0x00000000c4700000, 0x00000000c4700000| Untracked 
|  72|0x00000000c4800000, 0x00000000c4900000, 0x00000000c4900000|100%| O|  |TAMS 0x00000000c4800000, 0x00000000c4800000| Untracked 
|  73|0x00000000c4900000, 0x00000000c4a00000, 0x00000000c4a00000|100%| O|  |TAMS 0x00000000c4900000, 0x00000000c4900000| Untracked 
|  74|0x00000000c4a00000, 0x00000000c4b00000, 0x00000000c4b00000|100%| O|  |TAMS 0x00000000c4a00000, 0x00000000c4a00000| Untracked 
|  75|0x00000000c4b00000, 0x00000000c4c00000, 0x00000000c4c00000|100%| O|  |TAMS 0x00000000c4b00000, 0x00000000c4b00000| Untracked 
|  76|0x00000000c4c00000, 0x00000000c4d00000, 0x00000000c4d00000|100%| O|  |TAMS 0x00000000c4c00000, 0x00000000c4c00000| Untracked 
|  77|0x00000000c4d00000, 0x00000000c4e00000, 0x00000000c4e00000|100%| O|  |TAMS 0x00000000c4d00000, 0x00000000c4d00000| Untracked 
|  78|0x00000000c4e00000, 0x00000000c4ea4400, 0x00000000c4f00000| 64%| O|  |TAMS 0x00000000c4e00000, 0x00000000c4e00000| Untracked 
|  79|0x00000000c4f00000, 0x00000000c4f00000, 0x00000000c5000000|  0%| F|  |TAMS 0x00000000c4f00000, 0x00000000c4f00000| Untracked 
|  80|0x00000000c5000000, 0x00000000c5000000, 0x00000000c5100000|  0%| F|  |TAMS 0x00000000c5000000, 0x00000000c5000000| Untracked 
|  81|0x00000000c5100000, 0x00000000c5100000, 0x00000000c5200000|  0%| F|  |TAMS 0x00000000c5100000, 0x00000000c5100000| Untracked 
|  82|0x00000000c5200000, 0x00000000c5200000, 0x00000000c5300000|  0%| F|  |TAMS 0x00000000c5200000, 0x00000000c5200000| Untracked 
|  83|0x00000000c5300000, 0x00000000c5300000, 0x00000000c5400000|  0%| F|  |TAMS 0x00000000c5300000, 0x00000000c5300000| Untracked 
|  84|0x00000000c5400000, 0x00000000c5400000, 0x00000000c5500000|  0%| F|  |TAMS 0x00000000c5400000, 0x00000000c5400000| Untracked 
|  85|0x00000000c5500000, 0x00000000c5500000, 0x00000000c5600000|  0%| F|  |TAMS 0x00000000c5500000, 0x00000000c5500000| Untracked 
|  86|0x00000000c5600000, 0x00000000c5600000, 0x00000000c5700000|  0%| F|  |TAMS 0x00000000c5600000, 0x00000000c5600000| Untracked 
|  87|0x00000000c5700000, 0x00000000c5700000, 0x00000000c5800000|  0%| F|  |TAMS 0x00000000c5700000, 0x00000000c5700000| Untracked 
|  88|0x00000000c5800000, 0x00000000c5800000, 0x00000000c5900000|  0%| F|  |TAMS 0x00000000c5800000, 0x00000000c5800000| Untracked 
|  89|0x00000000c5900000, 0x00000000c5900000, 0x00000000c5a00000|  0%| F|  |TAMS 0x00000000c5900000, 0x00000000c5900000| Untracked 
|  90|0x00000000c5a00000, 0x00000000c5a00000, 0x00000000c5b00000|  0%| F|  |TAMS 0x00000000c5a00000, 0x00000000c5a00000| Untracked 
|  91|0x00000000c5b00000, 0x00000000c5b00000, 0x00000000c5c00000|  0%| F|  |TAMS 0x00000000c5b00000, 0x00000000c5b00000| Untracked 
|  92|0x00000000c5c00000, 0x00000000c5c00000, 0x00000000c5d00000|  0%| F|  |TAMS 0x00000000c5c00000, 0x00000000c5c00000| Untracked 
|  93|0x00000000c5d00000, 0x00000000c5d00000, 0x00000000c5e00000|  0%| F|  |TAMS 0x00000000c5d00000, 0x00000000c5d00000| Untracked 
|  94|0x00000000c5e00000, 0x00000000c5e00000, 0x00000000c5f00000|  0%| F|  |TAMS 0x00000000c5e00000, 0x00000000c5e00000| Untracked 
|  95|0x00000000c5f00000, 0x00000000c5f00000, 0x00000000c6000000|  0%| F|  |TAMS 0x00000000c5f00000, 0x00000000c5f00000| Untracked 
|  96|0x00000000c6000000, 0x00000000c6000000, 0x00000000c6100000|  0%| F|  |TAMS 0x00000000c6000000, 0x00000000c6000000| Untracked 
|  97|0x00000000c6100000, 0x00000000c6100000, 0x00000000c6200000|  0%| F|  |TAMS 0x00000000c6100000, 0x00000000c6100000| Untracked 
|  98|0x00000000c6200000, 0x00000000c6200000, 0x00000000c6300000|  0%| F|  |TAMS 0x00000000c6200000, 0x00000000c6200000| Untracked 
|  99|0x00000000c6300000, 0x00000000c6300000, 0x00000000c6400000|  0%| F|  |TAMS 0x00000000c6300000, 0x00000000c6300000| Untracked 
| 100|0x00000000c6400000, 0x00000000c6400000, 0x00000000c6500000|  0%| F|  |TAMS 0x00000000c6400000, 0x00000000c6400000| Untracked 
| 101|0x00000000c6500000, 0x00000000c6500000, 0x00000000c6600000|  0%| F|  |TAMS 0x00000000c6500000, 0x00000000c6500000| Untracked 
| 102|0x00000000c6600000, 0x00000000c6600000, 0x00000000c6700000|  0%| F|  |TAMS 0x00000000c6600000, 0x00000000c6600000| Untracked 
| 103|0x00000000c6700000, 0x00000000c6700000, 0x00000000c6800000|  0%| F|  |TAMS 0x00000000c6700000, 0x00000000c6700000| Untracked 
| 104|0x00000000c6800000, 0x00000000c6800000, 0x00000000c6900000|  0%| F|  |TAMS 0x00000000c6800000, 0x00000000c6800000| Untracked 
| 105|0x00000000c6900000, 0x00000000c6900000, 0x00000000c6a00000|  0%| F|  |TAMS 0x00000000c6900000, 0x00000000c6900000| Untracked 
| 106|0x00000000c6a00000, 0x00000000c6a00000, 0x00000000c6b00000|  0%| F|  |TAMS 0x00000000c6a00000, 0x00000000c6a00000| Untracked 
| 107|0x00000000c6b00000, 0x00000000c6b63860, 0x00000000c6c00000| 38%| S|CS|TAMS 0x00000000c6b00000, 0x00000000c6b00000| Complete 
| 108|0x00000000c6c00000, 0x00000000c6d00000, 0x00000000c6d00000|100%| S|CS|TAMS 0x00000000c6c00000, 0x00000000c6c00000| Complete 
| 109|0x00000000c6d00000, 0x00000000c6e00000, 0x00000000c6e00000|100%| S|CS|TAMS 0x00000000c6d00000, 0x00000000c6d00000| Complete 
| 110|0x00000000c6e00000, 0x00000000c6f00000, 0x00000000c6f00000|100%| S|CS|TAMS 0x00000000c6e00000, 0x00000000c6e00000| Complete 
| 111|0x00000000c6f00000, 0x00000000c7000000, 0x00000000c7000000|100%| S|CS|TAMS 0x00000000c6f00000, 0x00000000c6f00000| Complete 
| 112|0x00000000c7000000, 0x00000000c7100000, 0x00000000c7100000|100%| S|CS|TAMS 0x00000000c7000000, 0x00000000c7000000| Complete 
| 113|0x00000000c7100000, 0x00000000c7200000, 0x00000000c7200000|100%| S|CS|TAMS 0x00000000c7100000, 0x00000000c7100000| Complete 
| 114|0x00000000c7200000, 0x00000000c7300000, 0x00000000c7300000|100%| S|CS|TAMS 0x00000000c7200000, 0x00000000c7200000| Complete 
| 115|0x00000000c7300000, 0x00000000c7300000, 0x00000000c7400000|  0%| F|  |TAMS 0x00000000c7300000, 0x00000000c7300000| Untracked 
| 116|0x00000000c7400000, 0x00000000c7400000, 0x00000000c7500000|  0%| F|  |TAMS 0x00000000c7400000, 0x00000000c7400000| Untracked 
| 117|0x00000000c7500000, 0x00000000c7500000, 0x00000000c7600000|  0%| F|  |TAMS 0x00000000c7500000, 0x00000000c7500000| Untracked 
| 118|0x00000000c7600000, 0x00000000c7600000, 0x00000000c7700000|  0%| F|  |TAMS 0x00000000c7600000, 0x00000000c7600000| Untracked 
| 119|0x00000000c7700000, 0x00000000c7700000, 0x00000000c7800000|  0%| F|  |TAMS 0x00000000c7700000, 0x00000000c7700000| Untracked 
| 120|0x00000000c7800000, 0x00000000c7800000, 0x00000000c7900000|  0%| F|  |TAMS 0x00000000c7800000, 0x00000000c7800000| Untracked 
| 121|0x00000000c7900000, 0x00000000c7900000, 0x00000000c7a00000|  0%| F|  |TAMS 0x00000000c7900000, 0x00000000c7900000| Untracked 
| 122|0x00000000c7a00000, 0x00000000c7b00000, 0x00000000c7b00000|100%| S|CS|TAMS 0x00000000c7a00000, 0x00000000c7a00000| Complete 
| 123|0x00000000c7b00000, 0x00000000c7b00000, 0x00000000c7c00000|  0%| F|  |TAMS 0x00000000c7b00000, 0x00000000c7b00000| Untracked 
| 124|0x00000000c7c00000, 0x00000000c7c00000, 0x00000000c7d00000|  0%| F|  |TAMS 0x00000000c7c00000, 0x00000000c7c00000| Untracked 
| 125|0x00000000c7d00000, 0x00000000c7d00000, 0x00000000c7e00000|  0%| F|  |TAMS 0x00000000c7d00000, 0x00000000c7d00000| Untracked 
| 126|0x00000000c7e00000, 0x00000000c7e00000, 0x00000000c7f00000|  0%| F|  |TAMS 0x00000000c7e00000, 0x00000000c7e00000| Untracked 
| 127|0x00000000c7f00000, 0x00000000c7f00000, 0x00000000c8000000|  0%| F|  |TAMS 0x00000000c7f00000, 0x00000000c7f00000| Untracked 
| 128|0x00000000c8000000, 0x00000000c8000000, 0x00000000c8100000|  0%| F|  |TAMS 0x00000000c8000000, 0x00000000c8000000| Untracked 
| 129|0x00000000c8100000, 0x00000000c8100000, 0x00000000c8200000|  0%| F|  |TAMS 0x00000000c8100000, 0x00000000c8100000| Untracked 
| 130|0x00000000c8200000, 0x00000000c8200000, 0x00000000c8300000|  0%| F|  |TAMS 0x00000000c8200000, 0x00000000c8200000| Untracked 
| 131|0x00000000c8300000, 0x00000000c8300000, 0x00000000c8400000|  0%| F|  |TAMS 0x00000000c8300000, 0x00000000c8300000| Untracked 
| 132|0x00000000c8400000, 0x00000000c8400000, 0x00000000c8500000|  0%| F|  |TAMS 0x00000000c8400000, 0x00000000c8400000| Untracked 
| 133|0x00000000c8500000, 0x00000000c8500000, 0x00000000c8600000|  0%| F|  |TAMS 0x00000000c8500000, 0x00000000c8500000| Untracked 
| 134|0x00000000c8600000, 0x00000000c8600000, 0x00000000c8700000|  0%| F|  |TAMS 0x00000000c8600000, 0x00000000c8600000| Untracked 
| 135|0x00000000c8700000, 0x00000000c8700000, 0x00000000c8800000|  0%| F|  |TAMS 0x00000000c8700000, 0x00000000c8700000| Untracked 
| 136|0x00000000c8800000, 0x00000000c8800000, 0x00000000c8900000|  0%| F|  |TAMS 0x00000000c8800000, 0x00000000c8800000| Untracked 
| 137|0x00000000c8900000, 0x00000000c8900000, 0x00000000c8a00000|  0%| F|  |TAMS 0x00000000c8900000, 0x00000000c8900000| Untracked 
| 138|0x00000000c8a00000, 0x00000000c8a00000, 0x00000000c8b00000|  0%| F|  |TAMS 0x00000000c8a00000, 0x00000000c8a00000| Untracked 
| 139|0x00000000c8b00000, 0x00000000c8b00000, 0x00000000c8c00000|  0%| F|  |TAMS 0x00000000c8b00000, 0x00000000c8b00000| Untracked 
| 140|0x00000000c8c00000, 0x00000000c8c00000, 0x00000000c8d00000|  0%| F|  |TAMS 0x00000000c8c00000, 0x00000000c8c00000| Untracked 
| 141|0x00000000c8d00000, 0x00000000c8d00000, 0x00000000c8e00000|  0%| F|  |TAMS 0x00000000c8d00000, 0x00000000c8d00000| Untracked 
| 142|0x00000000c8e00000, 0x00000000c8e00000, 0x00000000c8f00000|  0%| F|  |TAMS 0x00000000c8e00000, 0x00000000c8e00000| Untracked 
| 143|0x00000000c8f00000, 0x00000000c8f00000, 0x00000000c9000000|  0%| F|  |TAMS 0x00000000c8f00000, 0x00000000c8f00000| Untracked 
| 144|0x00000000c9000000, 0x00000000c9000000, 0x00000000c9100000|  0%| F|  |TAMS 0x00000000c9000000, 0x00000000c9000000| Untracked 
| 145|0x00000000c9100000, 0x00000000c9100000, 0x00000000c9200000|  0%| F|  |TAMS 0x00000000c9100000, 0x00000000c9100000| Untracked 
| 146|0x00000000c9200000, 0x00000000c9200000, 0x00000000c9300000|  0%| F|  |TAMS 0x00000000c9200000, 0x00000000c9200000| Untracked 
| 147|0x00000000c9300000, 0x00000000c9300000, 0x00000000c9400000|  0%| F|  |TAMS 0x00000000c9300000, 0x00000000c9300000| Untracked 
| 148|0x00000000c9400000, 0x00000000c9400000, 0x00000000c9500000|  0%| F|  |TAMS 0x00000000c9400000, 0x00000000c9400000| Untracked 
| 149|0x00000000c9500000, 0x00000000c9500000, 0x00000000c9600000|  0%| F|  |TAMS 0x00000000c9500000, 0x00000000c9500000| Untracked 
| 150|0x00000000c9600000, 0x00000000c9600000, 0x00000000c9700000|  0%| F|  |TAMS 0x00000000c9600000, 0x00000000c9600000| Untracked 
| 151|0x00000000c9700000, 0x00000000c9700000, 0x00000000c9800000|  0%| F|  |TAMS 0x00000000c9700000, 0x00000000c9700000| Untracked 
| 152|0x00000000c9800000, 0x00000000c9800000, 0x00000000c9900000|  0%| F|  |TAMS 0x00000000c9800000, 0x00000000c9800000| Untracked 
| 153|0x00000000c9900000, 0x00000000c9900000, 0x00000000c9a00000|  0%| F|  |TAMS 0x00000000c9900000, 0x00000000c9900000| Untracked 
| 154|0x00000000c9a00000, 0x00000000c9a00000, 0x00000000c9b00000|  0%| F|  |TAMS 0x00000000c9a00000, 0x00000000c9a00000| Untracked 
| 155|0x00000000c9b00000, 0x00000000c9b00000, 0x00000000c9c00000|  0%| F|  |TAMS 0x00000000c9b00000, 0x00000000c9b00000| Untracked 
| 156|0x00000000c9c00000, 0x00000000c9c00000, 0x00000000c9d00000|  0%| F|  |TAMS 0x00000000c9c00000, 0x00000000c9c00000| Untracked 
| 157|0x00000000c9d00000, 0x00000000c9d00000, 0x00000000c9e00000|  0%| F|  |TAMS 0x00000000c9d00000, 0x00000000c9d00000| Untracked 
| 158|0x00000000c9e00000, 0x00000000c9e00000, 0x00000000c9f00000|  0%| F|  |TAMS 0x00000000c9e00000, 0x00000000c9e00000| Untracked 
| 159|0x00000000c9f00000, 0x00000000c9f00000, 0x00000000ca000000|  0%| F|  |TAMS 0x00000000c9f00000, 0x00000000c9f00000| Untracked 
| 160|0x00000000ca000000, 0x00000000ca000000, 0x00000000ca100000|  0%| F|  |TAMS 0x00000000ca000000, 0x00000000ca000000| Untracked 
| 161|0x00000000ca100000, 0x00000000ca100000, 0x00000000ca200000|  0%| F|  |TAMS 0x00000000ca100000, 0x00000000ca100000| Untracked 
| 162|0x00000000ca200000, 0x00000000ca200000, 0x00000000ca300000|  0%| F|  |TAMS 0x00000000ca200000, 0x00000000ca200000| Untracked 
| 163|0x00000000ca300000, 0x00000000ca300000, 0x00000000ca400000|  0%| F|  |TAMS 0x00000000ca300000, 0x00000000ca300000| Untracked 
| 164|0x00000000ca400000, 0x00000000ca400000, 0x00000000ca500000|  0%| F|  |TAMS 0x00000000ca400000, 0x00000000ca400000| Untracked 
| 165|0x00000000ca500000, 0x00000000ca500000, 0x00000000ca600000|  0%| F|  |TAMS 0x00000000ca500000, 0x00000000ca500000| Untracked 
| 166|0x00000000ca600000, 0x00000000ca600000, 0x00000000ca700000|  0%| F|  |TAMS 0x00000000ca600000, 0x00000000ca600000| Untracked 
| 167|0x00000000ca700000, 0x00000000ca700000, 0x00000000ca800000|  0%| F|  |TAMS 0x00000000ca700000, 0x00000000ca700000| Untracked 
| 168|0x00000000ca800000, 0x00000000ca800000, 0x00000000ca900000|  0%| F|  |TAMS 0x00000000ca800000, 0x00000000ca800000| Untracked 
| 169|0x00000000ca900000, 0x00000000ca900000, 0x00000000caa00000|  0%| F|  |TAMS 0x00000000ca900000, 0x00000000ca900000| Untracked 
| 170|0x00000000caa00000, 0x00000000caa00000, 0x00000000cab00000|  0%| F|  |TAMS 0x00000000caa00000, 0x00000000caa00000| Untracked 
| 171|0x00000000cab00000, 0x00000000cab00000, 0x00000000cac00000|  0%| F|  |TAMS 0x00000000cab00000, 0x00000000cab00000| Untracked 
| 172|0x00000000cac00000, 0x00000000cac00000, 0x00000000cad00000|  0%| F|  |TAMS 0x00000000cac00000, 0x00000000cac00000| Untracked 
| 173|0x00000000cad00000, 0x00000000cad00000, 0x00000000cae00000|  0%| F|  |TAMS 0x00000000cad00000, 0x00000000cad00000| Untracked 
| 174|0x00000000cae00000, 0x00000000cae00000, 0x00000000caf00000|  0%| F|  |TAMS 0x00000000cae00000, 0x00000000cae00000| Untracked 
| 175|0x00000000caf00000, 0x00000000caf00000, 0x00000000cb000000|  0%| F|  |TAMS 0x00000000caf00000, 0x00000000caf00000| Untracked 
| 176|0x00000000cb000000, 0x00000000cb000000, 0x00000000cb100000|  0%| F|  |TAMS 0x00000000cb000000, 0x00000000cb000000| Untracked 
| 177|0x00000000cb100000, 0x00000000cb100000, 0x00000000cb200000|  0%| F|  |TAMS 0x00000000cb100000, 0x00000000cb100000| Untracked 
| 178|0x00000000cb200000, 0x00000000cb200000, 0x00000000cb300000|  0%| F|  |TAMS 0x00000000cb200000, 0x00000000cb200000| Untracked 
| 179|0x00000000cb300000, 0x00000000cb300000, 0x00000000cb400000|  0%| F|  |TAMS 0x00000000cb300000, 0x00000000cb300000| Untracked 
| 180|0x00000000cb400000, 0x00000000cb400000, 0x00000000cb500000|  0%| F|  |TAMS 0x00000000cb400000, 0x00000000cb400000| Untracked 
| 181|0x00000000cb500000, 0x00000000cb500000, 0x00000000cb600000|  0%| F|  |TAMS 0x00000000cb500000, 0x00000000cb500000| Untracked 
| 182|0x00000000cb600000, 0x00000000cb600000, 0x00000000cb700000|  0%| F|  |TAMS 0x00000000cb600000, 0x00000000cb600000| Untracked 
| 183|0x00000000cb700000, 0x00000000cb700000, 0x00000000cb800000|  0%| F|  |TAMS 0x00000000cb700000, 0x00000000cb700000| Untracked 
| 184|0x00000000cb800000, 0x00000000cb800000, 0x00000000cb900000|  0%| F|  |TAMS 0x00000000cb800000, 0x00000000cb800000| Untracked 
| 185|0x00000000cb900000, 0x00000000cb900000, 0x00000000cba00000|  0%| F|  |TAMS 0x00000000cb900000, 0x00000000cb900000| Untracked 
| 186|0x00000000cba00000, 0x00000000cba00000, 0x00000000cbb00000|  0%| F|  |TAMS 0x00000000cba00000, 0x00000000cba00000| Untracked 
| 187|0x00000000cbb00000, 0x00000000cbb00000, 0x00000000cbc00000|  0%| F|  |TAMS 0x00000000cbb00000, 0x00000000cbb00000| Untracked 
| 188|0x00000000cbc00000, 0x00000000cbc00000, 0x00000000cbd00000|  0%| F|  |TAMS 0x00000000cbc00000, 0x00000000cbc00000| Untracked 
| 189|0x00000000cbd00000, 0x00000000cbd00000, 0x00000000cbe00000|  0%| F|  |TAMS 0x00000000cbd00000, 0x00000000cbd00000| Untracked 
| 190|0x00000000cbe00000, 0x00000000cbe00000, 0x00000000cbf00000|  0%| F|  |TAMS 0x00000000cbe00000, 0x00000000cbe00000| Untracked 
| 191|0x00000000cbf00000, 0x00000000cbf00000, 0x00000000cc000000|  0%| F|  |TAMS 0x00000000cbf00000, 0x00000000cbf00000| Untracked 
| 192|0x00000000cc000000, 0x00000000cc000000, 0x00000000cc100000|  0%| F|  |TAMS 0x00000000cc000000, 0x00000000cc000000| Untracked 
| 193|0x00000000cc100000, 0x00000000cc100000, 0x00000000cc200000|  0%| F|  |TAMS 0x00000000cc100000, 0x00000000cc100000| Untracked 
| 194|0x00000000cc200000, 0x00000000cc200000, 0x00000000cc300000|  0%| F|  |TAMS 0x00000000cc200000, 0x00000000cc200000| Untracked 
| 195|0x00000000cc300000, 0x00000000cc300000, 0x00000000cc400000|  0%| F|  |TAMS 0x00000000cc300000, 0x00000000cc300000| Untracked 
| 196|0x00000000cc400000, 0x00000000cc400000, 0x00000000cc500000|  0%| F|  |TAMS 0x00000000cc400000, 0x00000000cc400000| Untracked 
| 197|0x00000000cc500000, 0x00000000cc500000, 0x00000000cc600000|  0%| F|  |TAMS 0x00000000cc500000, 0x00000000cc500000| Untracked 
| 198|0x00000000cc600000, 0x00000000cc600000, 0x00000000cc700000|  0%| F|  |TAMS 0x00000000cc600000, 0x00000000cc600000| Untracked 
| 199|0x00000000cc700000, 0x00000000cc700000, 0x00000000cc800000|  0%| F|  |TAMS 0x00000000cc700000, 0x00000000cc700000| Untracked 
| 200|0x00000000cc800000, 0x00000000cc800000, 0x00000000cc900000|  0%| F|  |TAMS 0x00000000cc800000, 0x00000000cc800000| Untracked 
| 201|0x00000000cc900000, 0x00000000cc900000, 0x00000000cca00000|  0%| F|  |TAMS 0x00000000cc900000, 0x00000000cc900000| Untracked 
| 202|0x00000000cca00000, 0x00000000cca00000, 0x00000000ccb00000|  0%| F|  |TAMS 0x00000000cca00000, 0x00000000cca00000| Untracked 
| 203|0x00000000ccb00000, 0x00000000ccb00000, 0x00000000ccc00000|  0%| F|  |TAMS 0x00000000ccb00000, 0x00000000ccb00000| Untracked 
| 204|0x00000000ccc00000, 0x00000000ccc00000, 0x00000000ccd00000|  0%| F|  |TAMS 0x00000000ccc00000, 0x00000000ccc00000| Untracked 
| 205|0x00000000ccd00000, 0x00000000ccd00000, 0x00000000cce00000|  0%| F|  |TAMS 0x00000000ccd00000, 0x00000000ccd00000| Untracked 
| 206|0x00000000cce00000, 0x00000000cce00000, 0x00000000ccf00000|  0%| F|  |TAMS 0x00000000cce00000, 0x00000000cce00000| Untracked 
| 207|0x00000000ccf00000, 0x00000000ccf00000, 0x00000000cd000000|  0%| F|  |TAMS 0x00000000ccf00000, 0x00000000ccf00000| Untracked 
| 208|0x00000000cd000000, 0x00000000cd000000, 0x00000000cd100000|  0%| F|  |TAMS 0x00000000cd000000, 0x00000000cd000000| Untracked 
| 209|0x00000000cd100000, 0x00000000cd100000, 0x00000000cd200000|  0%| F|  |TAMS 0x00000000cd100000, 0x00000000cd100000| Untracked 
| 210|0x00000000cd200000, 0x00000000cd200000, 0x00000000cd300000|  0%| F|  |TAMS 0x00000000cd200000, 0x00000000cd200000| Untracked 
| 211|0x00000000cd300000, 0x00000000cd300000, 0x00000000cd400000|  0%| F|  |TAMS 0x00000000cd300000, 0x00000000cd300000| Untracked 
| 212|0x00000000cd400000, 0x00000000cd400000, 0x00000000cd500000|  0%| F|  |TAMS 0x00000000cd400000, 0x00000000cd400000| Untracked 
| 213|0x00000000cd500000, 0x00000000cd500000, 0x00000000cd600000|  0%| F|  |TAMS 0x00000000cd500000, 0x00000000cd500000| Untracked 
| 214|0x00000000cd600000, 0x00000000cd600000, 0x00000000cd700000|  0%| F|  |TAMS 0x00000000cd600000, 0x00000000cd600000| Untracked 
| 215|0x00000000cd700000, 0x00000000cd700000, 0x00000000cd800000|  0%| F|  |TAMS 0x00000000cd700000, 0x00000000cd700000| Untracked 
| 216|0x00000000cd800000, 0x00000000cd800000, 0x00000000cd900000|  0%| F|  |TAMS 0x00000000cd800000, 0x00000000cd800000| Untracked 
| 217|0x00000000cd900000, 0x00000000cd900000, 0x00000000cda00000|  0%| F|  |TAMS 0x00000000cd900000, 0x00000000cd900000| Untracked 
| 218|0x00000000cda00000, 0x00000000cda00000, 0x00000000cdb00000|  0%| F|  |TAMS 0x00000000cda00000, 0x00000000cda00000| Untracked 
| 219|0x00000000cdb00000, 0x00000000cdb00000, 0x00000000cdc00000|  0%| F|  |TAMS 0x00000000cdb00000, 0x00000000cdb00000| Untracked 
| 220|0x00000000cdc00000, 0x00000000cdc00000, 0x00000000cdd00000|  0%| F|  |TAMS 0x00000000cdc00000, 0x00000000cdc00000| Untracked 
| 221|0x00000000cdd00000, 0x00000000cdd00000, 0x00000000cde00000|  0%| F|  |TAMS 0x00000000cdd00000, 0x00000000cdd00000| Untracked 
| 222|0x00000000cde00000, 0x00000000cde00000, 0x00000000cdf00000|  0%| F|  |TAMS 0x00000000cde00000, 0x00000000cde00000| Untracked 
| 223|0x00000000cdf00000, 0x00000000cdf00000, 0x00000000ce000000|  0%| F|  |TAMS 0x00000000cdf00000, 0x00000000cdf00000| Untracked 
| 224|0x00000000ce000000, 0x00000000ce000000, 0x00000000ce100000|  0%| F|  |TAMS 0x00000000ce000000, 0x00000000ce000000| Untracked 
| 225|0x00000000ce100000, 0x00000000ce100000, 0x00000000ce200000|  0%| F|  |TAMS 0x00000000ce100000, 0x00000000ce100000| Untracked 
| 226|0x00000000ce200000, 0x00000000ce200000, 0x00000000ce300000|  0%| F|  |TAMS 0x00000000ce200000, 0x00000000ce200000| Untracked 
| 227|0x00000000ce300000, 0x00000000ce300000, 0x00000000ce400000|  0%| F|  |TAMS 0x00000000ce300000, 0x00000000ce300000| Untracked 
| 228|0x00000000ce400000, 0x00000000ce400000, 0x00000000ce500000|  0%| F|  |TAMS 0x00000000ce400000, 0x00000000ce400000| Untracked 
| 229|0x00000000ce500000, 0x00000000ce500000, 0x00000000ce600000|  0%| F|  |TAMS 0x00000000ce500000, 0x00000000ce500000| Untracked 
| 230|0x00000000ce600000, 0x00000000ce600000, 0x00000000ce700000|  0%| F|  |TAMS 0x00000000ce600000, 0x00000000ce600000| Untracked 
| 231|0x00000000ce700000, 0x00000000ce700000, 0x00000000ce800000|  0%| F|  |TAMS 0x00000000ce700000, 0x00000000ce700000| Untracked 
| 232|0x00000000ce800000, 0x00000000ce800000, 0x00000000ce900000|  0%| F|  |TAMS 0x00000000ce800000, 0x00000000ce800000| Untracked 
| 233|0x00000000ce900000, 0x00000000ce900000, 0x00000000cea00000|  0%| F|  |TAMS 0x00000000ce900000, 0x00000000ce900000| Untracked 
| 234|0x00000000cea00000, 0x00000000cea00000, 0x00000000ceb00000|  0%| F|  |TAMS 0x00000000cea00000, 0x00000000cea00000| Untracked 
| 235|0x00000000ceb00000, 0x00000000ceb00000, 0x00000000cec00000|  0%| F|  |TAMS 0x00000000ceb00000, 0x00000000ceb00000| Untracked 
| 236|0x00000000cec00000, 0x00000000cec00000, 0x00000000ced00000|  0%| F|  |TAMS 0x00000000cec00000, 0x00000000cec00000| Untracked 
| 237|0x00000000ced00000, 0x00000000ced00000, 0x00000000cee00000|  0%| F|  |TAMS 0x00000000ced00000, 0x00000000ced00000| Untracked 
| 238|0x00000000cee00000, 0x00000000cee00000, 0x00000000cef00000|  0%| F|  |TAMS 0x00000000cee00000, 0x00000000cee00000| Untracked 
| 239|0x00000000cef00000, 0x00000000cef00000, 0x00000000cf000000|  0%| F|  |TAMS 0x00000000cef00000, 0x00000000cef00000| Untracked 
| 240|0x00000000cf000000, 0x00000000cf000000, 0x00000000cf100000|  0%| F|  |TAMS 0x00000000cf000000, 0x00000000cf000000| Untracked 
| 241|0x00000000cf100000, 0x00000000cf100000, 0x00000000cf200000|  0%| F|  |TAMS 0x00000000cf100000, 0x00000000cf100000| Untracked 
| 242|0x00000000cf200000, 0x00000000cf200000, 0x00000000cf300000|  0%| F|  |TAMS 0x00000000cf200000, 0x00000000cf200000| Untracked 
| 243|0x00000000cf300000, 0x00000000cf300000, 0x00000000cf400000|  0%| F|  |TAMS 0x00000000cf300000, 0x00000000cf300000| Untracked 
| 244|0x00000000cf400000, 0x00000000cf400000, 0x00000000cf500000|  0%| F|  |TAMS 0x00000000cf400000, 0x00000000cf400000| Untracked 
| 245|0x00000000cf500000, 0x00000000cf500000, 0x00000000cf600000|  0%| F|  |TAMS 0x00000000cf500000, 0x00000000cf500000| Untracked 
| 246|0x00000000cf600000, 0x00000000cf600000, 0x00000000cf700000|  0%| F|  |TAMS 0x00000000cf600000, 0x00000000cf600000| Untracked 
| 247|0x00000000cf700000, 0x00000000cf700000, 0x00000000cf800000|  0%| F|  |TAMS 0x00000000cf700000, 0x00000000cf700000| Untracked 
| 248|0x00000000cf800000, 0x00000000cf800000, 0x00000000cf900000|  0%| F|  |TAMS 0x00000000cf800000, 0x00000000cf800000| Untracked 
| 249|0x00000000cf900000, 0x00000000cf900000, 0x00000000cfa00000|  0%| F|  |TAMS 0x00000000cf900000, 0x00000000cf900000| Untracked 
| 250|0x00000000cfa00000, 0x00000000cfa00000, 0x00000000cfb00000|  0%| F|  |TAMS 0x00000000cfa00000, 0x00000000cfa00000| Untracked 
| 251|0x00000000cfb00000, 0x00000000cfb00000, 0x00000000cfc00000|  0%| F|  |TAMS 0x00000000cfb00000, 0x00000000cfb00000| Untracked 
| 252|0x00000000cfc00000, 0x00000000cfc00000, 0x00000000cfd00000|  0%| F|  |TAMS 0x00000000cfc00000, 0x00000000cfc00000| Untracked 
| 253|0x00000000cfd00000, 0x00000000cfd00000, 0x00000000cfe00000|  0%| F|  |TAMS 0x00000000cfd00000, 0x00000000cfd00000| Untracked 
| 254|0x00000000cfe00000, 0x00000000cfe00000, 0x00000000cff00000|  0%| F|  |TAMS 0x00000000cfe00000, 0x00000000cfe00000| Untracked 
| 255|0x00000000cff00000, 0x00000000cff00000, 0x00000000d0000000|  0%| F|  |TAMS 0x00000000cff00000, 0x00000000cff00000| Untracked 
| 256|0x00000000d0000000, 0x00000000d0000000, 0x00000000d0100000|  0%| F|  |TAMS 0x00000000d0000000, 0x00000000d0000000| Untracked 
| 257|0x00000000d0100000, 0x00000000d0100000, 0x00000000d0200000|  0%| F|  |TAMS 0x00000000d0100000, 0x00000000d0100000| Untracked 
| 258|0x00000000d0200000, 0x00000000d0200000, 0x00000000d0300000|  0%| F|  |TAMS 0x00000000d0200000, 0x00000000d0200000| Untracked 
| 259|0x00000000d0300000, 0x00000000d0300000, 0x00000000d0400000|  0%| F|  |TAMS 0x00000000d0300000, 0x00000000d0300000| Untracked 
| 260|0x00000000d0400000, 0x00000000d0400000, 0x00000000d0500000|  0%| F|  |TAMS 0x00000000d0400000, 0x00000000d0400000| Untracked 
| 261|0x00000000d0500000, 0x00000000d0500000, 0x00000000d0600000|  0%| F|  |TAMS 0x00000000d0500000, 0x00000000d0500000| Untracked 
| 262|0x00000000d0600000, 0x00000000d0600000, 0x00000000d0700000|  0%| F|  |TAMS 0x00000000d0600000, 0x00000000d0600000| Untracked 
| 263|0x00000000d0700000, 0x00000000d0700000, 0x00000000d0800000|  0%| F|  |TAMS 0x00000000d0700000, 0x00000000d0700000| Untracked 
| 264|0x00000000d0800000, 0x00000000d0800000, 0x00000000d0900000|  0%| F|  |TAMS 0x00000000d0800000, 0x00000000d0800000| Untracked 
| 265|0x00000000d0900000, 0x00000000d0900000, 0x00000000d0a00000|  0%| F|  |TAMS 0x00000000d0900000, 0x00000000d0900000| Untracked 
| 266|0x00000000d0a00000, 0x00000000d0a00000, 0x00000000d0b00000|  0%| F|  |TAMS 0x00000000d0a00000, 0x00000000d0a00000| Untracked 
| 267|0x00000000d0b00000, 0x00000000d0b00000, 0x00000000d0c00000|  0%| F|  |TAMS 0x00000000d0b00000, 0x00000000d0b00000| Untracked 
| 268|0x00000000d0c00000, 0x00000000d0c00000, 0x00000000d0d00000|  0%| F|  |TAMS 0x00000000d0c00000, 0x00000000d0c00000| Untracked 
| 269|0x00000000d0d00000, 0x00000000d0d00000, 0x00000000d0e00000|  0%| F|  |TAMS 0x00000000d0d00000, 0x00000000d0d00000| Untracked 
| 270|0x00000000d0e00000, 0x00000000d0e00000, 0x00000000d0f00000|  0%| F|  |TAMS 0x00000000d0e00000, 0x00000000d0e00000| Untracked 
| 271|0x00000000d0f00000, 0x00000000d0f00000, 0x00000000d1000000|  0%| F|  |TAMS 0x00000000d0f00000, 0x00000000d0f00000| Untracked 
| 272|0x00000000d1000000, 0x00000000d1000000, 0x00000000d1100000|  0%| F|  |TAMS 0x00000000d1000000, 0x00000000d1000000| Untracked 
| 273|0x00000000d1100000, 0x00000000d1100000, 0x00000000d1200000|  0%| F|  |TAMS 0x00000000d1100000, 0x00000000d1100000| Untracked 
| 274|0x00000000d1200000, 0x00000000d1200000, 0x00000000d1300000|  0%| F|  |TAMS 0x00000000d1200000, 0x00000000d1200000| Untracked 
| 275|0x00000000d1300000, 0x00000000d1300000, 0x00000000d1400000|  0%| F|  |TAMS 0x00000000d1300000, 0x00000000d1300000| Untracked 
| 276|0x00000000d1400000, 0x00000000d1400000, 0x00000000d1500000|  0%| F|  |TAMS 0x00000000d1400000, 0x00000000d1400000| Untracked 
| 277|0x00000000d1500000, 0x00000000d1500000, 0x00000000d1600000|  0%| F|  |TAMS 0x00000000d1500000, 0x00000000d1500000| Untracked 
| 278|0x00000000d1600000, 0x00000000d1600000, 0x00000000d1700000|  0%| F|  |TAMS 0x00000000d1600000, 0x00000000d1600000| Untracked 
| 279|0x00000000d1700000, 0x00000000d1700000, 0x00000000d1800000|  0%| F|  |TAMS 0x00000000d1700000, 0x00000000d1700000| Untracked 
| 280|0x00000000d1800000, 0x00000000d1800000, 0x00000000d1900000|  0%| F|  |TAMS 0x00000000d1800000, 0x00000000d1800000| Untracked 
| 281|0x00000000d1900000, 0x00000000d1900000, 0x00000000d1a00000|  0%| F|  |TAMS 0x00000000d1900000, 0x00000000d1900000| Untracked 
| 282|0x00000000d1a00000, 0x00000000d1a00000, 0x00000000d1b00000|  0%| F|  |TAMS 0x00000000d1a00000, 0x00000000d1a00000| Untracked 
| 283|0x00000000d1b00000, 0x00000000d1b00000, 0x00000000d1c00000|  0%| F|  |TAMS 0x00000000d1b00000, 0x00000000d1b00000| Untracked 
| 284|0x00000000d1c00000, 0x00000000d1c00000, 0x00000000d1d00000|  0%| F|  |TAMS 0x00000000d1c00000, 0x00000000d1c00000| Untracked 
| 285|0x00000000d1d00000, 0x00000000d1d00000, 0x00000000d1e00000|  0%| F|  |TAMS 0x00000000d1d00000, 0x00000000d1d00000| Untracked 
| 286|0x00000000d1e00000, 0x00000000d1e00000, 0x00000000d1f00000|  0%| F|  |TAMS 0x00000000d1e00000, 0x00000000d1e00000| Untracked 
| 287|0x00000000d1f00000, 0x00000000d1f00000, 0x00000000d2000000|  0%| F|  |TAMS 0x00000000d1f00000, 0x00000000d1f00000| Untracked 
| 288|0x00000000d2000000, 0x00000000d2000000, 0x00000000d2100000|  0%| F|  |TAMS 0x00000000d2000000, 0x00000000d2000000| Untracked 
| 289|0x00000000d2100000, 0x00000000d2100000, 0x00000000d2200000|  0%| F|  |TAMS 0x00000000d2100000, 0x00000000d2100000| Untracked 
| 290|0x00000000d2200000, 0x00000000d2200000, 0x00000000d2300000|  0%| F|  |TAMS 0x00000000d2200000, 0x00000000d2200000| Untracked 
| 291|0x00000000d2300000, 0x00000000d2300000, 0x00000000d2400000|  0%| F|  |TAMS 0x00000000d2300000, 0x00000000d2300000| Untracked 
| 292|0x00000000d2400000, 0x00000000d2400000, 0x00000000d2500000|  0%| F|  |TAMS 0x00000000d2400000, 0x00000000d2400000| Untracked 
| 293|0x00000000d2500000, 0x00000000d2500000, 0x00000000d2600000|  0%| F|  |TAMS 0x00000000d2500000, 0x00000000d2500000| Untracked 
| 294|0x00000000d2600000, 0x00000000d2600000, 0x00000000d2700000|  0%| F|  |TAMS 0x00000000d2600000, 0x00000000d2600000| Untracked 
| 295|0x00000000d2700000, 0x00000000d2700000, 0x00000000d2800000|  0%| F|  |TAMS 0x00000000d2700000, 0x00000000d2700000| Untracked 
| 296|0x00000000d2800000, 0x00000000d2800000, 0x00000000d2900000|  0%| F|  |TAMS 0x00000000d2800000, 0x00000000d2800000| Untracked 
| 297|0x00000000d2900000, 0x00000000d2900000, 0x00000000d2a00000|  0%| F|  |TAMS 0x00000000d2900000, 0x00000000d2900000| Untracked 
| 298|0x00000000d2a00000, 0x00000000d2a00000, 0x00000000d2b00000|  0%| F|  |TAMS 0x00000000d2a00000, 0x00000000d2a00000| Untracked 
| 299|0x00000000d2b00000, 0x00000000d2b00000, 0x00000000d2c00000|  0%| F|  |TAMS 0x00000000d2b00000, 0x00000000d2b00000| Untracked 
| 300|0x00000000d2c00000, 0x00000000d2c00000, 0x00000000d2d00000|  0%| F|  |TAMS 0x00000000d2c00000, 0x00000000d2c00000| Untracked 
| 301|0x00000000d2d00000, 0x00000000d2d00000, 0x00000000d2e00000|  0%| F|  |TAMS 0x00000000d2d00000, 0x00000000d2d00000| Untracked 
| 302|0x00000000d2e00000, 0x00000000d2e00000, 0x00000000d2f00000|  0%| F|  |TAMS 0x00000000d2e00000, 0x00000000d2e00000| Untracked 

Card table byte_map: [0x0000021939710000,0x0000021939910000] _byte_map_base: 0x0000021939110000

Marking Bits (Prev, Next): (CMBitMap*) 0x0000021933ac38f0, (CMBitMap*) 0x0000021933ac3930
 Prev Bits: [0x0000021939b10000, 0x000002193ab10000)
 Next Bits: [0x000002193ab10000, 0x000002193bb10000)

Polling page: 0x0000021933250000

Metaspace:

Usage:
  Non-class:     30.34 MB used.
      Class:      4.52 MB used.
       Both:     34.87 MB used.

Virtual space:
  Non-class space:       32.00 MB reserved,      30.56 MB ( 96%) committed,  4 nodes.
      Class space:        1.00 GB reserved,       4.69 MB ( <1%) committed,  1 nodes.
             Both:        1.03 GB reserved,      35.25 MB (  3%) committed. 

Chunk freelists:
   Non-Class:  1.03 MB
       Class:  3.19 MB
        Both:  4.22 MB

MaxMetaspaceSize: unlimited
CompressedClassSpaceSize: 1.00 GB
Initial GC threshold: 21.00 MB
Current GC threshold: 58.56 MB
CDS: off
MetaspaceReclaimPolicy: balanced
 - commit_granule_bytes: 65536.
 - commit_granule_words: 8192.
 - virtual_space_node_default_size: 1048576.
 - enlarge_chunks_in_place: 1.
 - new_chunks_are_fully_committed: 0.
 - uncommit_free_chunks: 1.
 - use_allocation_guard: 0.
 - handle_deallocations: 1.


Internal statistics:

num_allocs_failed_limit: 5.
num_arena_births: 468.
num_arena_deaths: 0.
num_vsnodes_births: 5.
num_vsnodes_deaths: 0.
num_space_committed: 564.
num_space_uncommitted: 0.
num_chunks_returned_to_freelist: 5.
num_chunks_taken_from_freelist: 1510.
num_chunk_merges: 5.
num_chunk_splits: 1030.
num_chunks_enlarged: 760.
num_purges: 0.
num_inconsistent_stats: 0.

CodeCache: size=49152Kb used=8043Kb max_used=8043Kb free=41108Kb
 bounds [0x0000021936710000, 0x0000021936ef0000, 0x0000021939710000]
 total_blobs=4340 nmethods=3796 adapters=470
 compilation: enabled
              stopped_count=0, restarted_count=0
 full_count=0

Compilation events (20 events):
Event: 8.605 Thread 0x000002193edb9a60 nmethod 3781 0x0000021936ede110 code [0x0000021936ede2c0, 0x0000021936ede578]
Event: 8.606 Thread 0x000002193edb9a60 3776       1       jdk.internal.jimage.ImageReader::getResourceBuffer (13 bytes)
Event: 8.606 Thread 0x000002193edb9a60 nmethod 3776 0x0000021936ede690 code [0x0000021936ede840, 0x0000021936ede9d8]
Event: 8.608 Thread 0x000002193e0f5f70 nmethod 3774 0x0000021936edeb10 code [0x0000021936edf340, 0x0000021936ee1e88]
Event: 8.613 Thread 0x000002193e0f5f70 3788   !   1       nonapi.io.github.classgraph.fileslice.reader.ClassfileReader::close (43 bytes)
Event: 8.613 Thread 0x000002193edb9a60 3789       1       io.github.classgraph.Classfile::extendScanningUpwards (585 bytes)
Event: 8.633 Thread 0x000002193edb9a60 nmethod 3789 0x0000021936ee3910 code [0x0000021936ee3da0, 0x0000021936ee4e18]
Event: 8.634 Thread 0x000002193edb9a60 3791       1       java.nio.HeapByteBuffer::get (64 bytes)
Event: 8.635 Thread 0x000002193e0f5f70 nmethod 3788 0x0000021936ee5a90 code [0x0000021936ee5c40, 0x0000021936ee5e18]
Event: 8.635 Thread 0x000002193e0f5f70 3790       1       io.github.classgraph.Classfile::readBasicClassInfo (339 bytes)
Event: 8.638 Thread 0x000002193e0f5f70 nmethod 3790 0x0000021936ee5f10 code [0x0000021936ee6280, 0x0000021936ee70a8]
Event: 8.638 Thread 0x000002193edb9a60 nmethod 3791 0x0000021936ee7890 code [0x0000021936ee7a80, 0x0000021936ee7e18]
Event: 8.638 Thread 0x000002193e0f5f70 3792   !   1       jdk.internal.module.SystemModuleFinders$SystemModuleReader::toInputStream (43 bytes)
Event: 8.639 Thread 0x000002193e0f5f70 nmethod 3792 0x0000021936ee8010 code [0x0000021936ee8200, 0x0000021936ee8728]
Event: 8.869 Thread 0x000002193e0f5f70 3793  s!   1       jdk.internal.loader.URLClassPath::getLoader (196 bytes)
Event: 8.889 Thread 0x000002193e0f5f70 nmethod 3793 0x0000021936ee8d90 code [0x0000021936ee9040, 0x0000021936ee9a58]
Event: 9.367 Thread 0x000002193edb9a60 3795       1       jdk.internal.misc.Unsafe::weakCompareAndSetLong (11 bytes)
Event: 9.411 Thread 0x000002193edb9a60 nmethod 3795 0x0000021936eea790 code [0x0000021936eea920, 0x0000021936eea9f8]
Event: 10.144 Thread 0x000002193edb9a60 3796       1       java.util.concurrent.locks.ReentrantLock$NonfairSync::tryAcquire (27 bytes)
Event: 10.145 Thread 0x000002193edb9a60 nmethod 3796 0x0000021936eeaa90 code [0x0000021936eeac20, 0x0000021936eead98]

GC Heap History (20 events):
Event: 8.455 GC heap after
{Heap after GC invocations=22 (full 0):
 garbage-first heap   total 114688K, used 58340K [0x00000000c0000000, 0x0000000100000000)
  region size 1024K, 1 young (1024K), 1 survivors (1024K)
 Metaspace       used 35553K, committed 35968K, reserved 1081344K
  class space    used 4609K, committed 4800K, reserved 1048576K
}
Event: 8.472 GC heap before
{Heap before GC invocations=22 (full 0):
 garbage-first heap   total 114688K, used 60388K [0x00000000c0000000, 0x0000000100000000)
  region size 1024K, 4 young (4096K), 1 survivors (1024K)
 Metaspace       used 35553K, committed 35968K, reserved 1081344K
  class space    used 4609K, committed 4800K, reserved 1048576K
}
Event: 8.476 GC heap after
{Heap after GC invocations=23 (full 0):
 garbage-first heap   total 114688K, used 60199K [0x00000000c0000000, 0x0000000100000000)
  region size 1024K, 3 young (3072K), 3 survivors (3072K)
 Metaspace       used 35553K, committed 35968K, reserved 1081344K
  class space    used 4609K, committed 4800K, reserved 1048576K
}
Event: 8.565 GC heap before
{Heap before GC invocations=23 (full 0):
 garbage-first heap   total 114688K, used 79655K [0x00000000c0000000, 0x0000000100000000)
  region size 1024K, 22 young (22528K), 3 survivors (3072K)
 Metaspace       used 35604K, committed 35968K, reserved 1081344K
  class space    used 4619K, committed 4800K, reserved 1048576K
}
Event: 8.583 GC heap after
{Heap after GC invocations=24 (full 0):
 garbage-first heap   total 114688K, used 66073K [0x00000000c0000000, 0x0000000100000000)
  region size 1024K, 3 young (3072K), 3 survivors (3072K)
 Metaspace       used 35604K, committed 35968K, reserved 1081344K
  class space    used 4619K, committed 4800K, reserved 1048576K
}
Event: 8.619 GC heap before
{Heap before GC invocations=24 (full 0):
 garbage-first heap   total 114688K, used 81433K [0x00000000c0000000, 0x0000000100000000)
  region size 1024K, 19 young (19456K), 3 survivors (3072K)
 Metaspace       used 35625K, committed 36032K, reserved 1081344K
  class space    used 4625K, committed 4800K, reserved 1048576K
}
Event: 8.631 GC heap after
{Heap after GC invocations=25 (full 0):
 garbage-first heap   total 310272K, used 67258K [0x00000000c0000000, 0x0000000100000000)
  region size 1024K, 1 young (1024K), 1 survivors (1024K)
 Metaspace       used 35625K, committed 36032K, reserved 1081344K
  class space    used 4625K, committed 4800K, reserved 1048576K
}
Event: 9.013 GC heap before
{Heap before GC invocations=26 (full 0):
 garbage-first heap   total 229376K, used 146106K [0x00000000c0000000, 0x0000000100000000)
  region size 1024K, 80 young (81920K), 1 survivors (1024K)
 Metaspace       used 35705K, committed 36096K, reserved 1081344K
  class space    used 4632K, committed 4800K, reserved 1048576K
}
Event: 9.047 GC heap after
{Heap after GC invocations=27 (full 0):
 garbage-first heap   total 229376K, used 69559K [0x00000000c0000000, 0x0000000100000000)
  region size 1024K, 5 young (5120K), 5 survivors (5120K)
 Metaspace       used 35705K, committed 36096K, reserved 1081344K
  class space    used 4632K, committed 4800K, reserved 1048576K
}
Event: 9.063 GC heap before
{Heap before GC invocations=27 (full 0):
 garbage-first heap   total 229376K, used 74679K [0x00000000c0000000, 0x0000000100000000)
  region size 1024K, 11 young (11264K), 5 survivors (5120K)
 Metaspace       used 35705K, committed 36096K, reserved 1081344K
  class space    used 4632K, committed 4800K, reserved 1048576K
}
Event: 9.080 GC heap after
{Heap after GC invocations=28 (full 0):
 garbage-first heap   total 229376K, used 68541K [0x00000000c0000000, 0x0000000100000000)
  region size 1024K, 1 young (1024K), 1 survivors (1024K)
 Metaspace       used 35705K, committed 36096K, reserved 1081344K
  class space    used 4632K, committed 4800K, reserved 1048576K
}
Event: 9.676 GC heap before
{Heap before GC invocations=28 (full 0):
 garbage-first heap   total 229376K, used 164797K [0x00000000c0000000, 0x0000000100000000)
  region size 1024K, 96 young (98304K), 1 survivors (1024K)
 Metaspace       used 35705K, committed 36096K, reserved 1081344K
  class space    used 4632K, committed 4800K, reserved 1048576K
}
Event: 9.681 GC heap after
{Heap after GC invocations=29 (full 0):
 garbage-first heap   total 229376K, used 71968K [0x00000000c0000000, 0x0000000100000000)
  region size 1024K, 4 young (4096K), 4 survivors (4096K)
 Metaspace       used 35705K, committed 36096K, reserved 1081344K
  class space    used 4632K, committed 4800K, reserved 1048576K
}
Event: 9.909 GC heap before
{Heap before GC invocations=29 (full 0):
 garbage-first heap   total 229376K, used 171296K [0x00000000c0000000, 0x0000000100000000)
  region size 1024K, 102 young (104448K), 4 survivors (4096K)
 Metaspace       used 35705K, committed 36096K, reserved 1081344K
  class space    used 4632K, committed 4800K, reserved 1048576K
}
Event: 9.916 GC heap after
{Heap after GC invocations=30 (full 0):
 garbage-first heap   total 229376K, used 75686K [0x00000000c0000000, 0x0000000100000000)
  region size 1024K, 8 young (8192K), 8 survivors (8192K)
 Metaspace       used 35705K, committed 36096K, reserved 1081344K
  class space    used 4632K, committed 4800K, reserved 1048576K
}
Event: 10.072 GC heap before
{Heap before GC invocations=30 (full 0):
 garbage-first heap   total 229376K, used 177062K [0x00000000c0000000, 0x0000000100000000)
  region size 1024K, 108 young (110592K), 8 survivors (8192K)
 Metaspace       used 35705K, committed 36096K, reserved 1081344K
  class space    used 4632K, committed 4800K, reserved 1048576K
}
Event: 10.105 GC heap after
{Heap after GC invocations=31 (full 0):
 garbage-first heap   total 229376K, used 80655K [0x00000000c0000000, 0x0000000100000000)
  region size 1024K, 9 young (9216K), 9 survivors (9216K)
 Metaspace       used 35705K, committed 36096K, reserved 1081344K
  class space    used 4632K, committed 4800K, reserved 1048576K
}
Event: 10.201 GC heap before
{Heap before GC invocations=31 (full 0):
 garbage-first heap   total 229376K, used 179983K [0x00000000c0000000, 0x0000000100000000)
  region size 1024K, 107 young (109568K), 9 survivors (9216K)
 Metaspace       used 35706K, committed 36096K, reserved 1081344K
  class space    used 4632K, committed 4800K, reserved 1048576K
}
Event: 10.215 GC heap after
{Heap after GC invocations=32 (full 0):
 garbage-first heap   total 229376K, used 84751K [0x00000000c0000000, 0x0000000100000000)
  region size 1024K, 9 young (9216K), 9 survivors (9216K)
 Metaspace       used 35706K, committed 36096K, reserved 1081344K
  class space    used 4632K, committed 4800K, reserved 1048576K
}
Event: 10.556 GC heap before
{Heap before GC invocations=32 (full 0):
 garbage-first heap   total 229376K, used 185103K [0x00000000c0000000, 0x0000000100000000)
  region size 1024K, 108 young (110592K), 9 survivors (9216K)
 Metaspace       used 35706K, committed 36096K, reserved 1081344K
  class space    used 4632K, committed 4800K, reserved 1048576K
}

Dll operation events (8 events):
Event: 0.045 Loaded shared library c:\Users\selen\.vscode\extensions\redhat.java-1.15.0-win32-x64\jre\17.0.6-win32-x86_64\bin\java.dll
Event: 0.942 Loaded shared library C:\Users\selen\.vscode\extensions\redhat.java-1.15.0-win32-x64\jre\17.0.6-win32-x86_64\bin\net.dll
Event: 0.952 Loaded shared library C:\Users\selen\.vscode\extensions\redhat.java-1.15.0-win32-x64\jre\17.0.6-win32-x86_64\bin\nio.dll
Event: 0.972 Loaded shared library C:\Users\selen\.vscode\extensions\redhat.java-1.15.0-win32-x64\jre\17.0.6-win32-x86_64\bin\zip.dll
Event: 1.644 Loaded shared library C:\Users\selen\.vscode\extensions\redhat.java-1.15.0-win32-x64\jre\17.0.6-win32-x86_64\bin\jimage.dll
Event: 2.207 Loaded shared library c:\Users\selen\.vscode\extensions\redhat.java-1.15.0-win32-x64\jre\17.0.6-win32-x86_64\bin\verify.dll
Event: 6.940 Loaded shared library C:\Users\selen\.vscode\extensions\redhat.java-1.15.0-win32-x64\jre\17.0.6-win32-x86_64\bin\management.dll
Event: 6.947 Loaded shared library C:\Users\selen\.vscode\extensions\redhat.java-1.15.0-win32-x64\jre\17.0.6-win32-x86_64\bin\management_ext.dll

Deoptimization events (12 events):
Event: 4.380 Thread 0x0000021933a829c0 DEOPT PACKING pc=0x0000021936b8b199 sp=0x0000005688cfd470
Event: 4.380 Thread 0x0000021933a829c0 DEOPT UNPACKING pc=0x0000021936767143 sp=0x0000005688cfc950 mode 3
Event: 5.426 Thread 0x0000021933a829c0 DEOPT PACKING pc=0x0000021936c8fa1d sp=0x0000005688cfa840
Event: 5.426 Thread 0x0000021933a829c0 DEOPT UNPACKING pc=0x0000021936767143 sp=0x0000005688cf9d58 mode 3
Event: 7.303 Thread 0x000002193ffb2370 DEOPT PACKING pc=0x0000021936d99035 sp=0x000000568a7fd5d0
Event: 7.303 Thread 0x000002193ffb2370 DEOPT UNPACKING pc=0x0000021936767143 sp=0x000000568a7fcaf8 mode 3
Event: 7.357 Thread 0x000002193fff42d0 DEOPT PACKING pc=0x0000021936b8a001 sp=0x000000568a6fd7d0
Event: 7.357 Thread 0x000002193fff42d0 DEOPT UNPACKING pc=0x0000021936767143 sp=0x000000568a6fcc60 mode 3
Event: 7.361 Thread 0x000002193ffb2370 DEOPT PACKING pc=0x0000021936b88b97 sp=0x000000568a7ff270
Event: 7.361 Thread 0x000002193ffb2370 DEOPT UNPACKING pc=0x0000021936767143 sp=0x000000568a7fe6c8 mode 3
Event: 7.476 Thread 0x00000219401153e0 DEOPT PACKING pc=0x0000021936db50ab sp=0x000000568a9fe980
Event: 7.476 Thread 0x00000219401153e0 DEOPT UNPACKING pc=0x0000021936767143 sp=0x000000568a9fdec8 mode 3

Classes unloaded (0 events):
No events

Classes redefined (0 events):
No events

Internal exceptions (20 events):
Event: 7.514 Thread 0x0000021940116720 Exception <a 'sun/nio/fs/WindowsException'{0x00000000c2b51cb0}> (0x00000000c2b51cb0) 
thrown [s\src\hotspot\share\prims\jni.cpp, line 516]
Event: 7.514 Thread 0x0000021940116720 Exception <a 'sun/nio/fs/WindowsException'{0x00000000c2b52080}> (0x00000000c2b52080) 
thrown [s\src\hotspot\share\prims\jni.cpp, line 516]
Event: 7.514 Thread 0x0000021940116720 Exception <a 'sun/nio/fs/WindowsException'{0x00000000c2b52ab8}> (0x00000000c2b52ab8) 
thrown [s\src\hotspot\share\prims\jni.cpp, line 516]
Event: 7.515 Thread 0x0000021940116720 Exception <a 'sun/nio/fs/WindowsException'{0x00000000c2b52ec0}> (0x00000000c2b52ec0) 
thrown [s\src\hotspot\share\prims\jni.cpp, line 516]
Event: 7.515 Thread 0x0000021940116720 Exception <a 'sun/nio/fs/WindowsException'{0x00000000c2b538d0}> (0x00000000c2b538d0) 
thrown [s\src\hotspot\share\prims\jni.cpp, line 516]
Event: 7.515 Thread 0x0000021940116720 Exception <a 'sun/nio/fs/WindowsException'{0x00000000c2b53ca8}> (0x00000000c2b53ca8) 
thrown [s\src\hotspot\share\prims\jni.cpp, line 516]
Event: 7.515 Thread 0x0000021940116720 Exception <a 'sun/nio/fs/WindowsException'{0x00000000c2b54690}> (0x00000000c2b54690) 
thrown [s\src\hotspot\share\prims\jni.cpp, line 516]
Event: 7.515 Thread 0x0000021940116720 Exception <a 'sun/nio/fs/WindowsException'{0x00000000c2b54a30}> (0x00000000c2b54a30) 
thrown [s\src\hotspot\share\prims\jni.cpp, line 516]
Event: 7.515 Thread 0x0000021940116720 Exception <a 'sun/nio/fs/WindowsException'{0x00000000c2b55428}> (0x00000000c2b55428) 
thrown [s\src\hotspot\share\prims\jni.cpp, line 516]
Event: 7.515 Thread 0x0000021940116720 Exception <a 'sun/nio/fs/WindowsException'{0x00000000c2bb1ea8}> (0x00000000c2bb1ea8) 
thrown [s\src\hotspot\share\prims\jni.cpp, line 516]
Event: 7.515 Thread 0x0000021940116720 Exception <a 'sun/nio/fs/WindowsException'{0x00000000c2bb2890}> (0x00000000c2bb2890) 
thrown [s\src\hotspot\share\prims\jni.cpp, line 516]
Event: 7.515 Thread 0x0000021940116720 Exception <a 'sun/nio/fs/WindowsException'{0x00000000c2bb2c38}> (0x00000000c2bb2c38) 
thrown [s\src\hotspot\share\prims\jni.cpp, line 516]
Event: 7.515 Thread 0x0000021940116720 Exception <a 'sun/nio/fs/WindowsException'{0x00000000c2bb3630}> (0x00000000c2bb3630) 
thrown [s\src\hotspot\share\prims\jni.cpp, line 516]
Event: 7.516 Thread 0x0000021940116720 Exception <a 'sun/nio/fs/WindowsException'{0x00000000c2bb39e8}> (0x00000000c2bb39e8) 
thrown [s\src\hotspot\share\prims\jni.cpp, line 516]
Event: 7.516 Thread 0x0000021940116720 Exception <a 'sun/nio/fs/WindowsException'{0x00000000c2bb43f8}> (0x00000000c2bb43f8) 
thrown [s\src\hotspot\share\prims\jni.cpp, line 516]
Event: 7.516 Thread 0x0000021940116720 Exception <a 'sun/nio/fs/WindowsException'{0x00000000c2bb47d0}> (0x00000000c2bb47d0) 
thrown [s\src\hotspot\share\prims\jni.cpp, line 516]
Event: 7.516 Thread 0x0000021940116720 Exception <a 'sun/nio/fs/WindowsException'{0x00000000c2bb51f8}> (0x00000000c2bb51f8) 
thrown [s\src\hotspot\share\prims\jni.cpp, line 516]
Event: 7.516 Thread 0x0000021940116720 Exception <a 'sun/nio/fs/WindowsException'{0x00000000c2bb55e8}> (0x00000000c2bb55e8) 
thrown [s\src\hotspot\share\prims\jni.cpp, line 516]
Event: 7.516 Thread 0x0000021940116720 Exception <a 'sun/nio/fs/WindowsException'{0x00000000c2bb6008}> (0x00000000c2bb6008) 
thrown [s\src\hotspot\share\prims\jni.cpp, line 516]
Event: 7.516 Thread 0x0000021940116720 Exception <a 'sun/nio/fs/WindowsException'{0x00000000c2bb63f0}> (0x00000000c2bb63f0) 
thrown [s\src\hotspot\share\prims\jni.cpp, line 516]

VM Operations (20 events):
Event: 9.004 Executing VM operation: G1CollectForAllocation done
Event: 9.009 Executing VM operation: G1CollectForAllocation
Event: 9.047 Executing VM operation: G1CollectForAllocation done
Event: 9.063 Executing VM operation: G1CollectForAllocation
Event: 9.082 Executing VM operation: G1CollectForAllocation done
Event: 9.669 Executing VM operation: G1CollectForAllocation
Event: 9.683 Executing VM operation: G1CollectForAllocation done
Event: 9.909 Executing VM operation: G1CollectForAllocation
Event: 9.918 Executing VM operation: G1CollectForAllocation done
Event: 10.071 Executing VM operation: G1CollectForAllocation
Event: 10.072 Executing VM operation: G1CollectForAllocation done
Event: 10.072 Executing VM operation: G1CollectForAllocation
Event: 10.105 Executing VM operation: G1CollectForAllocation done
Event: 10.201 Executing VM operation: G1CollectForAllocation
Event: 10.201 Executing VM operation: G1CollectForAllocation done
Event: 10.201 Executing VM operation: G1CollectForAllocation
Event: 10.215 Executing VM operation: G1CollectForAllocation done
Event: 10.537 Executing VM operation: G1CollectForAllocation
Event: 10.553 Executing VM operation: G1CollectForAllocation done
Event: 10.556 Executing VM operation: G1CollectForAllocation

Events (20 events):
Event: 7.742 loading class java/util/stream/Collectors$1PairBox
Event: 7.742 loading class java/util/stream/Collectors$1PairBox done
Event: 7.742 loading class java/util/concurrent/locks/AbstractQueuedSynchronizer$SharedNode
Event: 7.743 loading class jdk/internal/module/SystemModuleFinders$ModuleContentSpliterator
Event: 7.743 loading class java/util/concurrent/locks/AbstractQueuedSynchronizer$SharedNode done
Event: 7.743 loading class jdk/internal/module/SystemModuleFinders$ModuleContentSpliterator done
Event: 7.743 loading class jdk/internal/jimage/ImageReader$Directory
Event: 7.743 loading class jdk/internal/jimage/ImageReader$Node
Event: 7.743 loading class jdk/internal/jimage/ImageReader$Node done
Event: 7.743 loading class jdk/internal/jimage/ImageReader$Directory done
Event: 7.743 loading class jdk/internal/jimage/ImageReader$SharedImageReader$LocationVisitor
Event: 7.744 loading class jdk/internal/jimage/ImageReader$SharedImageReader$LocationVisitor done
Event: 7.744 loading class java/nio/ByteBufferAsIntBufferL
Event: 7.745 loading class java/nio/ByteBufferAsIntBufferL done
Event: 7.746 loading class jdk/internal/jimage/ImageReader$Resource
Event: 7.746 loading class jdk/internal/jimage/ImageReader$Resource done
Event: 7.747 loading class java/util/stream/LongStream
Event: 7.748 loading class java/util/stream/LongStream done
Event: 7.748 loading class java/util/stream/DoubleStream
Event: 7.748 loading class java/util/stream/DoubleStream done


Dynamic libraries:
0x00007ff77bce0000 - 0x00007ff77bcee000 	c:\Users\selen\.vscode\extensions\redhat.java-1.15.0-win32-x64\jre\17.0.6-win32-x86_64\bin\java.exe
0x00007ffbb43d0000 - 0x00007ffbb45c8000 	C:\WINDOWS\SYSTEM32\ntdll.dll
0x00007ffbb37d0000 - 0x00007ffbb388f000 	C:\WINDOWS\System32\KERNEL32.DLL
0x00007ffbb1ed0000 - 0x00007ffbb21a2000 	C:\WINDOWS\System32\KERNELBASE.dll
0x00007ffbb1ac0000 - 0x00007ffbb1bc0000 	C:\WINDOWS\System32\ucrtbase.dll
0x00007ffba8c90000 - 0x00007ffba8ca9000 	c:\Users\selen\.vscode\extensions\redhat.java-1.15.0-win32-x64\jre\17.0.6-win32-x86_64\bin\VCRUNTIME140.dll
0x00007ffb9c730000 - 0x00007ffb9c747000 	c:\Users\selen\.vscode\extensions\redhat.java-1.15.0-win32-x64\jre\17.0.6-win32-x86_64\bin\jli.dll
0x00007ffbb30a0000 - 0x00007ffbb3241000 	C:\WINDOWS\System32\USER32.dll
0x00007ffb9af10000 - 0x00007ffb9b1aa000 	C:\WINDOWS\WinSxS\amd64_microsoft.windows.common-controls_6595b64144ccf1df_6.0.19041.1110_none_60b5254171f9507e\COMCTL32.dll
0x00007ffbb3890000 - 0x00007ffbb392e000 	C:\WINDOWS\System32\msvcrt.dll
0x00007ffbb34d0000 - 0x00007ffbb34fb000 	C:\WINDOWS\System32\GDI32.dll
0x00007ffbb1d90000 - 0x00007ffbb1e9f000 	C:\WINDOWS\System32\gdi32full.dll
0x00007ffbb2370000 - 0x00007ffbb240d000 	C:\WINDOWS\System32\msvcp_win.dll
0x00007ffbb2240000 - 0x00007ffbb2262000 	C:\WINDOWS\System32\win32u.dll
0x00007ffbb29d0000 - 0x00007ffbb2a02000 	C:\WINDOWS\System32\IMM32.DLL
0x00007ffbabee0000 - 0x00007ffbabeec000 	c:\Users\selen\.vscode\extensions\redhat.java-1.15.0-win32-x64\jre\17.0.6-win32-x86_64\bin\vcruntime140_1.dll
0x00007ffb83390000 - 0x00007ffb83421000 	c:\Users\selen\.vscode\extensions\redhat.java-1.15.0-win32-x64\jre\17.0.6-win32-x86_64\bin\msvcp140.dll
0x00007ffb73140000 - 0x00007ffb73d87000 	c:\Users\selen\.vscode\extensions\redhat.java-1.15.0-win32-x64\jre\17.0.6-win32-x86_64\bin\server\jvm.dll
0x00007ffbb2e90000 - 0x00007ffbb2f3e000 	C:\WINDOWS\System32\ADVAPI32.dll
0x00007ffbb35b0000 - 0x00007ffbb364c000 	C:\WINDOWS\System32\sechost.dll
0x00007ffbb2540000 - 0x00007ffbb2665000 	C:\WINDOWS\System32\RPCRT4.dll
0x00007ffba6490000 - 0x00007ffba6499000 	C:\WINDOWS\SYSTEM32\WSOCK32.dll
0x00007ffbb3460000 - 0x00007ffbb34cb000 	C:\WINDOWS\System32\WS2_32.dll
0x00007ffb98890000 - 0x00007ffb988b7000 	C:\WINDOWS\SYSTEM32\WINMM.dll
0x00007ffbab7c0000 - 0x00007ffbab7ca000 	C:\WINDOWS\SYSTEM32\VERSION.dll
0x00007ffbaf980000 - 0x00007ffbaf992000 	C:\WINDOWS\SYSTEM32\kernel.appcore.dll
0x00007ffba8b30000 - 0x00007ffba8b3a000 	c:\Users\selen\.vscode\extensions\redhat.java-1.15.0-win32-x64\jre\17.0.6-win32-x86_64\bin\jimage.dll
0x00007ffba9380000 - 0x00007ffba9564000 	C:\WINDOWS\SYSTEM32\DBGHELP.DLL
0x00007ffba8e70000 - 0x00007ffba8ea5000 	C:\WINDOWS\SYSTEM32\dbgcore.DLL
0x00007ffbb21b0000 - 0x00007ffbb2232000 	C:\WINDOWS\System32\bcryptPrimitives.dll
0x00007ffb9b5f0000 - 0x00007ffb9b615000 	c:\Users\selen\.vscode\extensions\redhat.java-1.15.0-win32-x64\jre\17.0.6-win32-x86_64\bin\java.dll
0x00007ffb9b5d0000 - 0x00007ffb9b5e8000 	c:\Users\selen\.vscode\extensions\redhat.java-1.15.0-win32-x64\jre\17.0.6-win32-x86_64\bin\zip.dll
0x00007ffbb3bd0000 - 0x00007ffbb4315000 	C:\WINDOWS\System32\SHELL32.dll
0x00007ffbafb80000 - 0x00007ffbb0312000 	C:\WINDOWS\SYSTEM32\windows.storage.dll
0x00007ffbb2670000 - 0x00007ffbb29c5000 	C:\WINDOWS\System32\combase.dll
0x00007ffbb1520000 - 0x00007ffbb1550000 	C:\WINDOWS\SYSTEM32\Wldp.dll
0x00007ffbb2f60000 - 0x00007ffbb300d000 	C:\WINDOWS\System32\SHCORE.dll
0x00007ffbb3770000 - 0x00007ffbb37c5000 	C:\WINDOWS\System32\shlwapi.dll
0x00007ffbb1a00000 - 0x00007ffbb1a1f000 	C:\WINDOWS\SYSTEM32\profapi.dll
0x00007ffb94f30000 - 0x00007ffb94f49000 	C:\Users\selen\.vscode\extensions\redhat.java-1.15.0-win32-x64\jre\17.0.6-win32-x86_64\bin\net.dll
0x00007ffba8010000 - 0x00007ffba811c000 	C:\WINDOWS\SYSTEM32\WINHTTP.dll
0x00007ffbb1280000 - 0x00007ffbb12ea000 	C:\WINDOWS\system32\mswsock.dll
0x00007ffb94af0000 - 0x00007ffb94b05000 	C:\Users\selen\.vscode\extensions\redhat.java-1.15.0-win32-x64\jre\17.0.6-win32-x86_64\bin\nio.dll
0x00007ffba5c70000 - 0x00007ffba5c80000 	c:\Users\selen\.vscode\extensions\redhat.java-1.15.0-win32-x64\jre\17.0.6-win32-x86_64\bin\verify.dll
0x00007ffbb1470000 - 0x00007ffbb1488000 	C:\WINDOWS\SYSTEM32\CRYPTSP.dll
0x00007ffbb0b30000 - 0x00007ffbb0b64000 	C:\WINDOWS\system32\rsaenh.dll
0x00007ffbb1ea0000 - 0x00007ffbb1ec7000 	C:\WINDOWS\System32\bcrypt.dll
0x00007ffbb19c0000 - 0x00007ffbb19ee000 	C:\WINDOWS\SYSTEM32\USERENV.dll
0x00007ffbb1490000 - 0x00007ffbb149c000 	C:\WINDOWS\SYSTEM32\CRYPTBASE.dll
0x00007ffbb0f20000 - 0x00007ffbb0f5b000 	C:\WINDOWS\SYSTEM32\IPHLPAPI.DLL
0x00007ffbb4380000 - 0x00007ffbb4388000 	C:\WINDOWS\System32\NSI.dll
0x00007ffba82a0000 - 0x00007ffba82b7000 	C:\WINDOWS\SYSTEM32\dhcpcsvc6.DLL
0x00007ffba8b10000 - 0x00007ffba8b2d000 	C:\WINDOWS\SYSTEM32\dhcpcsvc.DLL
0x00007ffbb0f70000 - 0x00007ffbb103b000 	C:\WINDOWS\SYSTEM32\DNSAPI.dll
0x00007ffbabef0000 - 0x00007ffbabef9000 	C:\Users\selen\.vscode\extensions\redhat.java-1.15.0-win32-x64\jre\17.0.6-win32-x86_64\bin\management.dll
0x00007ffba9df0000 - 0x00007ffba9dfb000 	C:\Users\selen\.vscode\extensions\redhat.java-1.15.0-win32-x64\jre\17.0.6-win32-x86_64\bin\management_ext.dll
0x00007ffbb3010000 - 0x00007ffbb3018000 	C:\WINDOWS\System32\PSAPI.DLL

dbghelp: loaded successfully - version: 4.0.5 - missing functions: none
symbol engine: initialized successfully - sym options: 0x614 - pdb path: .;c:\Users\selen\.vscode\extensions\redhat.java-1.15.0-win32-x64\jre\17.0.6-win32-x86_64\bin;C:\WINDOWS\SYSTEM32;C:\WINDOWS\WinSxS\amd64_microsoft.windows.common-controls_6595b64144ccf1df_6.0.19041.1110_none_60b5254171f9507e;c:\Users\selen\.vscode\extensions\redhat.java-1.15.0-win32-x64\jre\17.0.6-win32-x86_64\bin\server

VM Arguments:
jvm_args: -XX:+HeapDumpOnOutOfMemoryError -Xmx1024m -Dsts.lsp.client=vscode -Dsts.log.file=/dev/null -XX:TieredStopAtLevel=1 -Xlog:jni+resolve=off -Dspring.config.location=file:c:\Users\selen\.vscode\extensions\vmware.vscode-spring-boot-1.44.0\language-server\BOOT-INF\classes\application.properties 
java_command: org.springframework.ide.vscode.boot.app.BootLanguageServerBootApp
java_class_path (initial): c:\Users\selen\.vscode\extensions\vmware.vscode-spring-boot-1.44.0\language-server\BOOT-INF\classes;c:\Users\selen\.vscode\extensions\vmware.vscode-spring-boot-1.44.0\language-server\BOOT-INF\lib\annotations-24.0.0.jar;c:\Users\selen\.vscode\extensions\vmware.vscode-spring-boot-1.44.0\language-server\BOOT-INF\lib\ant-1.10.13.jar;c:\Users\selen\.vscode\extensions\vmware.vscode-spring-boot-1.44.0\language-server\BOOT-INF\lib\ant-launcher-1.10.13.jar;c:\Users\selen\.vscode\extensions\vmware.vscode-spring-boot-1.44.0\language-server\BOOT-INF\lib\antlr-runtime-3.5.2.jar;c:\Users\selen\.vscode\extensions\vmware.vscode-spring-boot-1.44.0\language-server\BOOT-INF\lib\antlr4-4.9.3.jar;c:\Users\selen\.vscode\extensions\vmware.vscode-spring-boot-1.44.0\language-server\BOOT-INF\lib\antlr4-runtime-4.9.3.jar;c:\Users\selen\.vscode\extensions\vmware.vscode-spring-boot-1.44.0\language-server\BOOT-INF\lib\apiguardian-api-1.1.2.jar;c:\Users\selen\.vscode\extensions\vmware.vscode-spring-boot-1.44.0\language-server\BOOT-INF\lib\asm-9.4.jar;c:\Users\selen\.vscode\extensions\vmware.vscode-spring-boot-1.44.0\language-server\BOOT-INF\lib\asm-analysis-9.4.jar;c:\Users\selen\.vscode\extensions\vmware.vscode-spring-boot-1.44.0\language-server\BOOT-INF\lib\asm-tree-9.4.jar;c:\Users\selen\.vscode\extensions\vmware.vscode-spring-boot-1.44.0\language-server\BOOT-INF\lib\asm-util-9.4.jar;c:\Users\selen\.vscode\extensions\vmware.vscode-spring-boot-1.44.0\language-server\BOOT-INF\lib\caffeine-3.1.2.jar;c:\Users\selen\.vscode\extensions\vmware.vscode-spring-boot-1.44.0\language-server\BOOT-INF\lib\checker-qual-3.12.0.jar;c:\Users\selen\.vscode\extensions\vmware.vscode-spring-boot-1.44.0\language-server\BOOT-INF\lib\ci-environment-9.1.0.jar;c:\Users\selen\.vscode\extensions\vmware.vscode-spring-boot-1.44.0\language-server\BOOT-INF\lib\classgraph-4.8.149.jar;c:\Users\selen\.vscode\extensions\vmware.vscode-spring-boot-1.44.0\language-server\BOOT-INF\lib\commons-codec-1.15.ja
Launcher Type: SUN_STANDARD

[Global flags]
     intx CICompilerCount                          = 3                                         {product} {ergonomic}
     uint ConcGCThreads                            = 1                                         {product} {ergonomic}
     uint G1ConcRefinementThreads                  = 4                                         {product} {ergonomic}
   size_t G1HeapRegionSize                         = 1048576                                   {product} {ergonomic}
    uintx GCDrainStackTargetSize                   = 64                                        {product} {ergonomic}
     bool HeapDumpOnOutOfMemoryError               = true                                   {manageable} {command line}
   size_t InitialHeapSize                          = 65011712                                  {product} {ergonomic}
   size_t MarkStackSize                            = 4194304                                   {product} {ergonomic}
   size_t MaxHeapSize                              = 1073741824                                {product} {command line}
   size_t MaxNewSize                               = 643825664                                 {product} {ergonomic}
   size_t MinHeapDeltaBytes                        = 1048576                                   {product} {ergonomic}
   size_t MinHeapSize                              = 8388608                                   {product} {ergonomic}
    uintx NonProfiledCodeHeapSize                  = 0                                      {pd product} {ergonomic}
     bool ProfileInterpreter                       = false                                  {pd product} {command line}
    uintx ProfiledCodeHeapSize                     = 0                                      {pd product} {ergonomic}
   size_t SoftMaxHeapSize                          = 1073741824                             {manageable} {ergonomic}
     intx TieredStopAtLevel                        = 1                                         {product} {command line}
     bool UseCompressedClassPointers               = true                           {product lp64_product} {ergonomic}
     bool UseCompressedOops                        = true                           {product lp64_product} {ergonomic}
     bool UseG1GC                                  = true                                      {product} {ergonomic}
     bool UseLargePagesIndividualAllocation        = false                                  {pd product} {ergonomic}

Logging:
Log output configuration:
 #0: stdout all=warning,jni+resolve=off uptime,level,tags
 #1: stderr all=off uptime,level,tags

Environment Variables:
JAVA_HOME=C:\Program Files\Java\jdk-19
PATH=C:\Program Files\Common Files\Oracle\Java\javapath;C:\Program Files (x86)\Common Files\Oracle\Java\javapath;C:\Python39\Scripts\;C:\Python39\;C:\WINDOWS\system32;C:\WINDOWS;C:\WINDOWS\System32\Wbem;C:\WINDOWS\System32\WindowsPowerShell\v1.0\;C:\WINDOWS\System32\OpenSSH\;C:\ProgramData\chocolatey\bin;D:\nodejs\;D:\geth;C:\Program Files\Java\jdk-19\bin;C:\Program Files\MySQL\MySQL Shell 8.0\bin\;C:\Users\selen\AppData\Local\Microsoft\WindowsApps;;D:\Microsoft VS Code\bin;C:\Users\selen\AppData\Roaming\npm
USERNAME=selen
OS=Windows_NT
PROCESSOR_IDENTIFIER=Intel64 Family 6 Model 142 Stepping 9, GenuineIntel
TMP=C:\Users\selen\AppData\Local\Temp
TEMP=C:\Users\selen\AppData\Local\Temp



---------------  S Y S T E M  ---------------

OS:
 Windows 10 , 64 bit Build 19041 (10.0.19041.2546)
OS uptime: 4 days 17:47 hours

CPU: total 4 (initial active 4) (2 cores per cpu, 2 threads per core) family 6 model 142 stepping 9 microcode 0xb4, cx8, cmov, fxsr, ht, mmx, 3dnowpref, sse, sse2, sse3, ssse3, sse4.1, sse4.2, popcnt, lzcnt, tsc, tscinvbit, avx, avx2, aes, erms, clmul, bmi1, bmi2, adx, fma, vzeroupper, clflush, clflushopt

Memory: 4k page, system-wide physical 3964M (42M free)
TotalPageFile size 16252M (AvailPageFile size 217M)
current process WorkingSet (physical memory assigned to process): 196M, peak: 229M
current process commit charge ("private bytes"): 438M, peak: 603M

vm_info: OpenJDK 64-Bit Server VM (17.0.6+10) for windows-amd64 JRE (17.0.6+10), built on Jan 18 2023 10:08:59 by "temurin" with MS VC++ 16.7 (VS2019)

END.
